\BOOKMARK [0][-]{chapter.1}{An empirical assessment of monetary policy shocks in Brazil}{}% 1
\BOOKMARK [1][-]{section.1.1}{Data sources}{chapter.1}% 2
\BOOKMARK [1][-]{section.1.2}{Variables}{chapter.1}% 3
\BOOKMARK [1][-]{section.1.3}{Baseline VAR}{chapter.1}% 4
\BOOKMARK [2][-]{subsection.1.3.1}{Specification}{section.1.3}% 5
\BOOKMARK [2][-]{subsection.1.3.2}{Robustness checks}{section.1.3}% 6
\BOOKMARK [2][-]{subsection.1.3.3}{Forecast performance}{section.1.3}% 7
\BOOKMARK [2][-]{subsection.1.3.4}{Alternative scenarios}{section.1.3}% 8
\BOOKMARK [2][-]{subsection.1.3.5}{Impulse responses}{section.1.3}% 9
\BOOKMARK [1][-]{section.1.4}{Factor augmented VAR}{chapter.1}% 10
\BOOKMARK [2][-]{subsection.1.4.1}{Specification}{section.1.4}% 11
\BOOKMARK [2][-]{subsection.1.4.2}{Robustness checks}{section.1.4}% 12
\BOOKMARK [2][-]{subsection.1.4.3}{Forecast performance}{section.1.4}% 13
\BOOKMARK [2][-]{subsection.1.4.4}{Alternative scenarios}{section.1.4}% 14
\BOOKMARK [2][-]{subsection.1.4.5}{Impulse responses}{section.1.4}% 15
\BOOKMARK [0][-]{chapter.2}{An agent-based model with evolving households}{}% 16
\BOOKMARK [1][-]{section.2.1}{Baseline model}{chapter.2}% 17
\BOOKMARK [2][-]{subsection.2.1.1}{Scenarios}{section.2.1}% 18
\BOOKMARK [2][-]{subsection.2.1.2}{Additional assumptions}{section.2.1}% 19
\BOOKMARK [2][-]{subsection.2.1.3}{Results}{section.2.1}% 20
\BOOKMARK [3][-]{subsubsection.2.1.3.1}{VAR specification}{subsection.2.1.3}% 21
\BOOKMARK [3][-]{subsubsection.2.1.3.2}{Combining results of several replications}{subsection.2.1.3}% 22
\BOOKMARK [3][-]{subsubsection.2.1.3.3}{Scenario 1}{subsection.2.1.3}% 23
\BOOKMARK [3][-]{subsubsection.2.1.3.4}{Scenario 4}{subsection.2.1.3}% 24
\BOOKMARK [1][-]{section.2.2}{Extension: open economy}{chapter.2}% 25
\BOOKMARK [2][-]{subsection.2.2.1}{Scenarios}{section.2.2}% 26
\BOOKMARK [2][-]{subsection.2.2.2}{Results}{section.2.2}% 27
\BOOKMARK [2][-]{subsection.2.2.3}{VAR specification}{section.2.2}% 28
\BOOKMARK [2][-]{subsection.2.2.4}{Scenario 1}{section.2.2}% 29
\BOOKMARK [2][-]{subsection.2.2.5}{Scenario 2}{section.2.2}% 30
