AllHouseholdsSameExpectation: True
Alpha: 0.2
Chi: 1
Epsilon: 0.01
IndexationStrategySD: 0.18
InflationTarget: 0.02
InitialLabourDemand: 500
InitialMeanIndexationStrategy: 1
InitialMeanSubstitutionStrategy: 0.5
InitialPriceLevel: 1
InitialReservationWageRange: [10, 20]
InnelasticLabourSupply: 1
MaxConsumptionShare: 1.5
MinConsumptionShare: 0.5
Mu: 0.1
NaturalInterestRate: 0
NaturalUnemploymentRate: 0
NoiseInflationTargetPerceptionSD: 0
NumberOfHouseholds: 500
Periods: 800
Phi_inflation: 0.5
Phi_unemployment: 0.9
ProbImitation: 0.1
ProbMutation: 0.05
Ro: 0.9
SubstitutionStrategySD: 0.33
TechnologyFactor: 1

Starting run 0. Scenario 1. Experiment 1
[SCENARIO 1][EXP 01][RUN 00][T=0000] 
[SCENARIO 1][EXP 01][RUN 00][T=0000] SIMULATING CURRENT PERIOD
[SCENARIO 1][EXP 01][RUN 00][T=0000] 
[SCENARIO 1][EXP 01][RUN 00][T=0000] RESULTS OF CURRENT PERIOD
[SCENARIO 1][EXP 01][RUN 00][T=0000] ----------------------------
[SCENARIO 1][EXP 01][RUN 00][T=0000] Unemployment rate: 0.00%
[SCENARIO 1][EXP 01][RUN 00][T=0000] Inflation: 0.00%
[SCENARIO 1][EXP 01][RUN 00][T=0000] Price: 71.02
[SCENARIO 1][EXP 01][RUN 00][T=0000] Interest rate: 1.00%
[SCENARIO 1][EXP 01][RUN 00][T=0000] Production: 144.27
[SCENARIO 1][EXP 01][RUN 00][T=0000] Hired labour: 500.00
[SCENARIO 1][EXP 01][RUN 00][T=0000] Total cost: 7452.00
[SCENARIO 1][EXP 01][RUN 00][T=0000] Total revenue: 3726.00
[SCENARIO 1][EXP 01][RUN 00][T=0000] Total profit: -3726.00
[SCENARIO 1][EXP 01][RUN 00][T=0000] Goods sold: 52.46
[SCENARIO 1][EXP 01][RUN 00][T=0000] Nominal wage rate: 14.90
[SCENARIO 1][EXP 01][RUN 00][T=0000] Real wage rate: 0.21
[SCENARIO 1][EXP 01][RUN 00][T=0000] ----------------------------
[SCENARIO 1][EXP 01][RUN 00][T=0000] Preparing next period.
[SCENARIO 1][EXP 01][RUN 00][T=0001] 
[SCENARIO 1][EXP 01][RUN 00][T=0001] SIMULATING CURRENT PERIOD
[SCENARIO 1][EXP 01][RUN 00][T=0001] 
[SCENARIO 1][EXP 01][RUN 00][T=0001] RESULTS OF CURRENT PERIOD
[SCENARIO 1][EXP 01][RUN 00][T=0001] ----------------------------
[SCENARIO 1][EXP 01][RUN 00][T=0001] Unemployment rate: 1.00%
[SCENARIO 1][EXP 01][RUN 00][T=0001] Inflation: 1.44%
[SCENARIO 1][EXP 01][RUN 00][T=0001] Price: 72.04
[SCENARIO 1][EXP 01][RUN 00][T=0001] Interest rate: 1.00%
[SCENARIO 1][EXP 01][RUN 00][T=0001] Production: 143.11
[SCENARIO 1][EXP 01][RUN 00][T=0001] Hired labour: 495.00
[SCENARIO 1][EXP 01][RUN 00][T=0001] Total cost: 7498.53
[SCENARIO 1][EXP 01][RUN 00][T=0001] Total revenue: 722.92
[SCENARIO 1][EXP 01][RUN 00][T=0001] Total profit: -6775.61
[SCENARIO 1][EXP 01][RUN 00][T=0001] Goods sold: 10.03
[SCENARIO 1][EXP 01][RUN 00][T=0001] Nominal wage rate: 15.15
[SCENARIO 1][EXP 01][RUN 00][T=0001] Real wage rate: 0.21
[SCENARIO 1][EXP 01][RUN 00][T=0001] ----------------------------
[SCENARIO 1][EXP 01][RUN 00][T=0001] Preparing next period.
[SCENARIO 1][EXP 01][RUN 00][T=0002] 
[SCENARIO 1][EXP 01][RUN 00][T=0002] SIMULATING CURRENT PERIOD
[SCENARIO 1][EXP 01][RUN 00][T=0002] 
[SCENARIO 1][EXP 01][RUN 00][T=0002] RESULTS OF CURRENT PERIOD
[SCENARIO 1][EXP 01][RUN 00][T=0002] ----------------------------
[SCENARIO 1][EXP 01][RUN 00][T=0002] Unemployment rate: 1.99%
[SCENARIO 1][EXP 01][RUN 00][T=0002] Inflation: 1.43%
[SCENARIO 1][EXP 01][RUN 00][T=0002] Price: 73.07
[SCENARIO 1][EXP 01][RUN 00][T=0002] Interest rate: 0.81%
[SCENARIO 1][EXP 01][RUN 00][T=0002] Production: 141.97
[SCENARIO 1][EXP 01][RUN 00][T=0002] Hired labour: 490.05
[SCENARIO 1][EXP 01][RUN 00][T=0002] Total cost: 7544.96
[SCENARIO 1][EXP 01][RUN 00][T=0002] Total revenue: 1054.27
[SCENARIO 1][EXP 01][RUN 00][T=0002] Total profit: -6490.68
[SCENARIO 1][EXP 01][RUN 00][T=0002] Goods sold: 14.43
[SCENARIO 1][EXP 01][RUN 00][T=0002] Nominal wage rate: 15.40
[SCENARIO 1][EXP 01][RUN 00][T=0002] Real wage rate: 0.21
[SCENARIO 1][EXP 01][RUN 00][T=0002] ----------------------------
[SCENARIO 1][EXP 01][RUN 00][T=0002] Preparing next period.
[SCENARIO 1][EXP 01][RUN 00][T=0003] 
[SCENARIO 1][EXP 01][RUN 00][T=0003] SIMULATING CURRENT PERIOD
[SCENARIO 1][EXP 01][RUN 00][T=0003] 
[SCENARIO 1][EXP 01][RUN 00][T=0003] RESULTS OF CURRENT PERIOD
[SCENARIO 1][EXP 01][RUN 00][T=0003] ----------------------------
[SCENARIO 1][EXP 01][RUN 00][T=0003] Unemployment rate: 2.97%
[SCENARIO 1][EXP 01][RUN 00][T=0003] Inflation: 1.43%
[SCENARIO 1][EXP 01][RUN 00][T=0003] Price: 74.12
[SCENARIO 1][EXP 01][RUN 00][T=0003] Interest rate: -0.07%
[SCENARIO 1][EXP 01][RUN 00][T=0003] Production: 140.83
[SCENARIO 1][EXP 01][RUN 00][T=0003] Hired labour: 485.15
[SCENARIO 1][EXP 01][RUN 00][T=0003] Total cost: 7591.53
[SCENARIO 1][EXP 01][RUN 00][T=0003] Total revenue: 1379.98
[SCENARIO 1][EXP 01][RUN 00][T=0003] Total profit: -6211.55
[SCENARIO 1][EXP 01][RUN 00][T=0003] Goods sold: 18.62
[SCENARIO 1][EXP 01][RUN 00][T=0003] Nominal wage rate: 15.65
[SCENARIO 1][EXP 01][RUN 00][T=0003] Real wage rate: 0.21
[SCENARIO 1][EXP 01][RUN 00][T=0003] ----------------------------
[SCENARIO 1][EXP 01][RUN 00][T=0003] Preparing next period.
[SCENARIO 1][EXP 01][RUN 00][T=0004] 
[SCENARIO 1][EXP 01][RUN 00][T=0004] SIMULATING CURRENT PERIOD
[SCENARIO 1][EXP 01][RUN 00][T=0004] 
[SCENARIO 1][EXP 01][RUN 00][T=0004] RESULTS OF CURRENT PERIOD
[SCENARIO 1][EXP 01][RUN 00][T=0004] ----------------------------
[SCENARIO 1][EXP 01][RUN 00][T=0004] Unemployment rate: 3.94%
[SCENARIO 1][EXP 01][RUN 00][T=0004] Inflation: 1.43%
[SCENARIO 1][EXP 01][RUN 00][T=0004] Price: 75.18
[SCENARIO 1][EXP 01][RUN 00][T=0004] Interest rate: -0.93%
[SCENARIO 1][EXP 01][RUN 00][T=0004] Production: 139.70
[SCENARIO 1][EXP 01][RUN 00][T=0004] Hired labour: 480.30
[SCENARIO 1][EXP 01][RUN 00][T=0004] Total cost: 7638.53
[SCENARIO 1][EXP 01][RUN 00][T=0004] Total revenue: 1708.83
[SCENARIO 1][EXP 01][RUN 00][T=0004] Total profit: -5929.70
[SCENARIO 1][EXP 01][RUN 00][T=0004] Goods sold: 22.73
[SCENARIO 1][EXP 01][RUN 00][T=0004] Nominal wage rate: 15.90
[SCENARIO 1][EXP 01][RUN 00][T=0004] Real wage rate: 0.21
[SCENARIO 1][EXP 01][RUN 00][T=0004] ----------------------------
[SCENARIO 1][EXP 01][RUN 00][T=0004] Preparing next period.
[SCENARIO 1][EXP 01][RUN 00][T=0005] 
[SCENARIO 1][EXP 01][RUN 00][T=0005] SIMULATING CURRENT PERIOD
[SCENARIO 1][EXP 01][RUN 00][T=0005] 
[SCENARIO 1][EXP 01][RUN 00][T=0005] RESULTS OF CURRENT PERIOD
[SCENARIO 1][EXP 01][RUN 00][T=0005] ----------------------------
[SCENARIO 1][EXP 01][RUN 00][T=0005] Unemployment rate: 4.90%
[SCENARIO 1][EXP 01][RUN 00][T=0005] Inflation: 1.44%
[SCENARIO 1][EXP 01][RUN 00][T=0005] Price: 76.26
[SCENARIO 1][EXP 01][RUN 00][T=0005] Interest rate: -1.76%
[SCENARIO 1][EXP 01][RUN 00][T=0005] Production: 138.59
[SCENARIO 1][EXP 01][RUN 00][T=0005] Hired labour: 475.50
[SCENARIO 1][EXP 01][RUN 00][T=0005] Total cost: 7686.09
[SCENARIO 1][EXP 01][RUN 00][T=0005] Total revenue: 2046.34
[SCENARIO 1][EXP 01][RUN 00][T=0005] Total profit: -5639.75
[SCENARIO 1][EXP 01][RUN 00][T=0005] Goods sold: 26.83
[SCENARIO 1][EXP 01][RUN 00][T=0005] Nominal wage rate: 16.16
[SCENARIO 1][EXP 01][RUN 00][T=0005] Real wage rate: 0.21
[SCENARIO 1][EXP 01][RUN 00][T=0005] ----------------------------
[SCENARIO 1][EXP 01][RUN 00][T=0005] Preparing next period.
[SCENARIO 1][EXP 01][RUN 00][T=0006] 
[SCENARIO 1][EXP 01][RUN 00][T=0006] SIMULATING CURRENT PERIOD
[SCENARIO 1][EXP 01][RUN 00][T=0006] 
[SCENARIO 1][EXP 01][RUN 00][T=0006] RESULTS OF CURRENT PERIOD
[SCENARIO 1][EXP 01][RUN 00][T=0006] ----------------------------
[SCENARIO 1][EXP 01][RUN 00][T=0006] Unemployment rate: 5.85%
[SCENARIO 1][EXP 01][RUN 00][T=0006] Inflation: 1.45%
[SCENARIO 1][EXP 01][RUN 00][T=0006] Price: 77.36
[SCENARIO 1][EXP 01][RUN 00][T=0006] Interest rate: -2.57%
[SCENARIO 1][EXP 01][RUN 00][T=0006] Production: 137.48
[SCENARIO 1][EXP 01][RUN 00][T=0006] Hired labour: 470.74
[SCENARIO 1][EXP 01][RUN 00][T=0006] Total cost: 7734.79
[SCENARIO 1][EXP 01][RUN 00][T=0006] Total revenue: 2398.36
[SCENARIO 1][EXP 01][RUN 00][T=0006] Total profit: -5336.44
[SCENARIO 1][EXP 01][RUN 00][T=0006] Goods sold: 31.00
[SCENARIO 1][EXP 01][RUN 00][T=0006] Nominal wage rate: 16.43
[SCENARIO 1][EXP 01][RUN 00][T=0006] Real wage rate: 0.21
[SCENARIO 1][EXP 01][RUN 00][T=0006] ----------------------------
[SCENARIO 1][EXP 01][RUN 00][T=0006] Preparing next period.
[SCENARIO 1][EXP 01][RUN 00][T=0007] 
[SCENARIO 1][EXP 01][RUN 00][T=0007] SIMULATING CURRENT PERIOD
[SCENARIO 1][EXP 01][RUN 00][T=0007] 
[SCENARIO 1][EXP 01][RUN 00][T=0007] RESULTS OF CURRENT PERIOD
[SCENARIO 1][EXP 01][RUN 00][T=0007] ----------------------------
[SCENARIO 1][EXP 01][RUN 00][T=0007] Unemployment rate: 6.79%
[SCENARIO 1][EXP 01][RUN 00][T=0007] Inflation: 1.46%
[SCENARIO 1][EXP 01][RUN 00][T=0007] Price: 78.49
[SCENARIO 1][EXP 01][RUN 00][T=0007] Interest rate: -3.35%
[SCENARIO 1][EXP 01][RUN 00][T=0007] Production: 136.37
[SCENARIO 1][EXP 01][RUN 00][T=0007] Hired labour: 466.03
[SCENARIO 1][EXP 01][RUN 00][T=0007] Total cost: 7784.93
[SCENARIO 1][EXP 01][RUN 00][T=0007] Total revenue: 2768.36
[SCENARIO 1][EXP 01][RUN 00][T=0007] Total profit: -5016.58
[SCENARIO 1][EXP 01][RUN 00][T=0007] Goods sold: 35.27
[SCENARIO 1][EXP 01][RUN 00][T=0007] Nominal wage rate: 16.70
[SCENARIO 1][EXP 01][RUN 00][T=0007] Real wage rate: 0.21
[SCENARIO 1][EXP 01][RUN 00][T=0007] ----------------------------
[SCENARIO 1][EXP 01][RUN 00][T=0007] Preparing next period.
[SCENARIO 1][EXP 01][RUN 00][T=0008] 
[SCENARIO 1][EXP 01][RUN 00][T=0008] SIMULATING CURRENT PERIOD
[SCENARIO 1][EXP 01][RUN 00][T=0008] 
[SCENARIO 1][EXP 01][RUN 00][T=0008] RESULTS OF CURRENT PERIOD
[SCENARIO 1][EXP 01][RUN 00][T=0008] ----------------------------
[SCENARIO 1][EXP 01][RUN 00][T=0008] Unemployment rate: 7.73%
[SCENARIO 1][EXP 01][RUN 00][T=0008] Inflation: 1.46%
[SCENARIO 1][EXP 01][RUN 00][T=0008] Price: 79.64
[SCENARIO 1][EXP 01][RUN 00][T=0008] Interest rate: -4.11%
[SCENARIO 1][EXP 01][RUN 00][T=0008] Production: 135.28
[SCENARIO 1][EXP 01][RUN 00][T=0008] Hired labour: 461.37
[SCENARIO 1][EXP 01][RUN 00][T=0008] Total cost: 7835.06
[SCENARIO 1][EXP 01][RUN 00][T=0008] Total revenue: 3161.47
[SCENARIO 1][EXP 01][RUN 00][T=0008] Total profit: -4673.60
[SCENARIO 1][EXP 01][RUN 00][T=0008] Goods sold: 39.70
[SCENARIO 1][EXP 01][RUN 00][T=0008] Nominal wage rate: 16.98
[SCENARIO 1][EXP 01][RUN 00][T=0008] Real wage rate: 0.21
[SCENARIO 1][EXP 01][RUN 00][T=0008] ----------------------------
[SCENARIO 1][EXP 01][RUN 00][T=0008] Preparing next period.
[SCENARIO 1][EXP 01][RUN 00][T=0009] 
[SCENARIO 1][EXP 01][RUN 00][T=0009] SIMULATING CURRENT PERIOD
[SCENARIO 1][EXP 01][RUN 00][T=0009] 
[SCENARIO 1][EXP 01][RUN 00][T=0009] RESULTS OF CURRENT PERIOD
[SCENARIO 1][EXP 01][RUN 00][T=0009] ----------------------------
[SCENARIO 1][EXP 01][RUN 00][T=0009] Unemployment rate: 8.65%
[SCENARIO 1][EXP 01][RUN 00][T=0009] Inflation: 1.46%
[SCENARIO 1][EXP 01][RUN 00][T=0009] Price: 80.80
[SCENARIO 1][EXP 01][RUN 00][T=0009] Interest rate: -4.86%
[SCENARIO 1][EXP 01][RUN 00][T=0009] Production: 134.20
[SCENARIO 1][EXP 01][RUN 00][T=0009] Hired labour: 456.76
[SCENARIO 1][EXP 01][RUN 00][T=0009] Total cost: 7886.01
[SCENARIO 1][EXP 01][RUN 00][T=0009] Total revenue: 3579.82
[SCENARIO 1][EXP 01][RUN 00][T=0009] Total profit: -4306.19
[SCENARIO 1][EXP 01][RUN 00][T=0009] Goods sold: 44.30
[SCENARIO 1][EXP 01][RUN 00][T=0009] Nominal wage rate: 17.27
[SCENARIO 1][EXP 01][RUN 00][T=0009] Real wage rate: 0.21
[SCENARIO 1][EXP 01][RUN 00][T=0009] ----------------------------
[SCENARIO 1][EXP 01][RUN 00][T=0009] Preparing next period.
[SCENARIO 1][EXP 01][RUN 00][T=0010] 
[SCENARIO 1][EXP 01][RUN 00][T=0010] SIMULATING CURRENT PERIOD
[SCENARIO 1][EXP 01][RUN 00][T=0010] 
[SCENARIO 1][EXP 01][RUN 00][T=0010] RESULTS OF CURRENT PERIOD
[SCENARIO 1][EXP 01][RUN 00][T=0010] ----------------------------
[SCENARIO 1][EXP 01][RUN 00][T=0010] Unemployment rate: 9.56%
[SCENARIO 1][EXP 01][RUN 00][T=0010] Inflation: 1.46%
[SCENARIO 1][EXP 01][RUN 00][T=0010] Price: 81.98
[SCENARIO 1][EXP 01][RUN 00][T=0010] Interest rate: -5.59%
[SCENARIO 1][EXP 01][RUN 00][T=0010] Production: 133.12
[SCENARIO 1][EXP 01][RUN 00][T=0010] Hired labour: 452.19
[SCENARIO 1][EXP 01][RUN 00][T=0010] Total cost: 7937.13
[SCENARIO 1][EXP 01][RUN 00][T=0010] Total revenue: 4018.43
[SCENARIO 1][EXP 01][RUN 00][T=0010] Total profit: -3918.70
[SCENARIO 1][EXP 01][RUN 00][T=0010] Goods sold: 49.02
[SCENARIO 1][EXP 01][RUN 00][T=0010] Nominal wage rate: 17.55
[SCENARIO 1][EXP 01][RUN 00][T=0010] Real wage rate: 0.21
[SCENARIO 1][EXP 01][RUN 00][T=0010] ----------------------------
[SCENARIO 1][EXP 01][RUN 00][T=0010] Preparing next period.
[SCENARIO 1][EXP 01][RUN 00][T=0011] 
[SCENARIO 1][EXP 01][RUN 00][T=0011] SIMULATING CURRENT PERIOD
[SCENARIO 1][EXP 01][RUN 00][T=0011] 
[SCENARIO 1][EXP 01][RUN 00][T=0011] RESULTS OF CURRENT PERIOD
[SCENARIO 1][EXP 01][RUN 00][T=0011] ----------------------------
[SCENARIO 1][EXP 01][RUN 00][T=0011] Unemployment rate: 10.47%
[SCENARIO 1][EXP 01][RUN 00][T=0011] Inflation: 1.47%
[SCENARIO 1][EXP 01][RUN 00][T=0011] Price: 83.19
[SCENARIO 1][EXP 01][RUN 00][T=0011] Interest rate: -6.30%
[SCENARIO 1][EXP 01][RUN 00][T=0011] Production: 132.06
[SCENARIO 1][EXP 01][RUN 00][T=0011] Hired labour: 447.67
[SCENARIO 1][EXP 01][RUN 00][T=0011] Total cost: 7989.45
[SCENARIO 1][EXP 01][RUN 00][T=0011] Total revenue: 4488.48
[SCENARIO 1][EXP 01][RUN 00][T=0011] Total profit: -3500.97
[SCENARIO 1][EXP 01][RUN 00][T=0011] Goods sold: 53.96
[SCENARIO 1][EXP 01][RUN 00][T=0011] Nominal wage rate: 17.85
[SCENARIO 1][EXP 01][RUN 00][T=0011] Real wage rate: 0.21
[SCENARIO 1][EXP 01][RUN 00][T=0011] ----------------------------
[SCENARIO 1][EXP 01][RUN 00][T=0011] Preparing next period.
[SCENARIO 1][EXP 01][RUN 00][T=0012] 
[SCENARIO 1][EXP 01][RUN 00][T=0012] SIMULATING CURRENT PERIOD
[SCENARIO 1][EXP 01][RUN 00][T=0012] 
[SCENARIO 1][EXP 01][RUN 00][T=0012] RESULTS OF CURRENT PERIOD
[SCENARIO 1][EXP 01][RUN 00][T=0012] ----------------------------
[SCENARIO 1][EXP 01][RUN 00][T=0012] Unemployment rate: 9.57%
[SCENARIO 1][EXP 01][RUN 00][T=0012] Inflation: 2.56%
[SCENARIO 1][EXP 01][RUN 00][T=0012] Price: 85.31
[SCENARIO 1][EXP 01][RUN 00][T=0012] Interest rate: -6.98%
[SCENARIO 1][EXP 01][RUN 00][T=0012] Production: 133.11
[SCENARIO 1][EXP 01][RUN 00][T=0012] Hired labour: 452.15
[SCENARIO 1][EXP 01][RUN 00][T=0012] Total cost: 8259.10
[SCENARIO 1][EXP 01][RUN 00][T=0012] Total revenue: 5040.32
[SCENARIO 1][EXP 01][RUN 00][T=0012] Total profit: -3218.78
[SCENARIO 1][EXP 01][RUN 00][T=0012] Goods sold: 59.08
[SCENARIO 1][EXP 01][RUN 00][T=0012] Nominal wage rate: 18.27
[SCENARIO 1][EXP 01][RUN 00][T=0012] Real wage rate: 0.21
[SCENARIO 1][EXP 01][RUN 00][T=0012] ----------------------------
[SCENARIO 1][EXP 01][RUN 00][T=0012] Preparing next period.
[SCENARIO 1][EXP 01][RUN 00][T=0013] 
[SCENARIO 1][EXP 01][RUN 00][T=0013] SIMULATING CURRENT PERIOD
[SCENARIO 1][EXP 01][RUN 00][T=0013] 
[SCENARIO 1][EXP 01][RUN 00][T=0013] RESULTS OF CURRENT PERIOD
[SCENARIO 1][EXP 01][RUN 00][T=0013] ----------------------------
[SCENARIO 1][EXP 01][RUN 00][T=0013] Unemployment rate: 8.67%
[SCENARIO 1][EXP 01][RUN 00][T=0013] Inflation: 2.57%
[SCENARIO 1][EXP 01][RUN 00][T=0013] Price: 87.50
[SCENARIO 1][EXP 01][RUN 00][T=0013] Interest rate: -5.80%
[SCENARIO 1][EXP 01][RUN 00][T=0013] Production: 134.18
[SCENARIO 1][EXP 01][RUN 00][T=0013] Hired labour: 456.67
[SCENARIO 1][EXP 01][RUN 00][T=0013] Total cost: 8538.73
[SCENARIO 1][EXP 01][RUN 00][T=0013] Total revenue: 5581.87
[SCENARIO 1][EXP 01][RUN 00][T=0013] Total profit: -2956.86
[SCENARIO 1][EXP 01][RUN 00][T=0013] Goods sold: 63.79
[SCENARIO 1][EXP 01][RUN 00][T=0013] Nominal wage rate: 18.70
[SCENARIO 1][EXP 01][RUN 00][T=0013] Real wage rate: 0.21
[SCENARIO 1][EXP 01][RUN 00][T=0013] ----------------------------
[SCENARIO 1][EXP 01][RUN 00][T=0013] Preparing next period.
[SCENARIO 1][EXP 01][RUN 00][T=0014] 
[SCENARIO 1][EXP 01][RUN 00][T=0014] SIMULATING CURRENT PERIOD
[SCENARIO 1][EXP 01][RUN 00][T=0014] 
[SCENARIO 1][EXP 01][RUN 00][T=0014] RESULTS OF CURRENT PERIOD
[SCENARIO 1][EXP 01][RUN 00][T=0014] ----------------------------
[SCENARIO 1][EXP 01][RUN 00][T=0014] Unemployment rate: 7.75%
[SCENARIO 1][EXP 01][RUN 00][T=0014] Inflation: 2.56%
[SCENARIO 1][EXP 01][RUN 00][T=0014] Price: 89.74
[SCENARIO 1][EXP 01][RUN 00][T=0014] Interest rate: -5.09%
[SCENARIO 1][EXP 01][RUN 00][T=0014] Production: 135.25
[SCENARIO 1][EXP 01][RUN 00][T=0014] Hired labour: 461.23
[SCENARIO 1][EXP 01][RUN 00][T=0014] Total cost: 8827.41
[SCENARIO 1][EXP 01][RUN 00][T=0014] Total revenue: 6113.43
[SCENARIO 1][EXP 01][RUN 00][T=0014] Total profit: -2713.98
[SCENARIO 1][EXP 01][RUN 00][T=0014] Goods sold: 68.12
[SCENARIO 1][EXP 01][RUN 00][T=0014] Nominal wage rate: 19.14
[SCENARIO 1][EXP 01][RUN 00][T=0014] Real wage rate: 0.21
[SCENARIO 1][EXP 01][RUN 00][T=0014] ----------------------------
[SCENARIO 1][EXP 01][RUN 00][T=0014] Preparing next period.
[SCENARIO 1][EXP 01][RUN 00][T=0015] 
[SCENARIO 1][EXP 01][RUN 00][T=0015] SIMULATING CURRENT PERIOD
[SCENARIO 1][EXP 01][RUN 00][T=0015] 
[SCENARIO 1][EXP 01][RUN 00][T=0015] RESULTS OF CURRENT PERIOD
[SCENARIO 1][EXP 01][RUN 00][T=0015] ----------------------------
[SCENARIO 1][EXP 01][RUN 00][T=0015] Unemployment rate: 6.83%
[SCENARIO 1][EXP 01][RUN 00][T=0015] Inflation: 2.55%
[SCENARIO 1][EXP 01][RUN 00][T=0015] Price: 92.03
[SCENARIO 1][EXP 01][RUN 00][T=0015] Interest rate: -4.37%
[SCENARIO 1][EXP 01][RUN 00][T=0015] Production: 136.33
[SCENARIO 1][EXP 01][RUN 00][T=0015] Hired labour: 465.85
[SCENARIO 1][EXP 01][RUN 00][T=0015] Total cost: 9125.06
[SCENARIO 1][EXP 01][RUN 00][T=0015] Total revenue: 6636.77
[SCENARIO 1][EXP 01][RUN 00][T=0015] Total profit: -2488.29
[SCENARIO 1][EXP 01][RUN 00][T=0015] Goods sold: 72.11
[SCENARIO 1][EXP 01][RUN 00][T=0015] Nominal wage rate: 19.59
[SCENARIO 1][EXP 01][RUN 00][T=0015] Real wage rate: 0.21
[SCENARIO 1][EXP 01][RUN 00][T=0015] ----------------------------
[SCENARIO 1][EXP 01][RUN 00][T=0015] Preparing next period.
[SCENARIO 1][EXP 01][RUN 00][T=0016] 
[SCENARIO 1][EXP 01][RUN 00][T=0016] SIMULATING CURRENT PERIOD
[SCENARIO 1][EXP 01][RUN 00][T=0016] 
[SCENARIO 1][EXP 01][RUN 00][T=0016] RESULTS OF CURRENT PERIOD
[SCENARIO 1][EXP 01][RUN 00][T=0016] ----------------------------
[SCENARIO 1][EXP 01][RUN 00][T=0016] Unemployment rate: 5.90%
[SCENARIO 1][EXP 01][RUN 00][T=0016] Inflation: 2.55%
[SCENARIO 1][EXP 01][RUN 00][T=0016] Price: 94.38
[SCENARIO 1][EXP 01][RUN 00][T=0016] Interest rate: -3.63%
[SCENARIO 1][EXP 01][RUN 00][T=0016] Production: 137.42
[SCENARIO 1][EXP 01][RUN 00][T=0016] Hired labour: 470.50
[SCENARIO 1][EXP 01][RUN 00][T=0016] Total cost: 9432.17
[SCENARIO 1][EXP 01][RUN 00][T=0016] Total revenue: 7150.04
[SCENARIO 1][EXP 01][RUN 00][T=0016] Total profit: -2282.13
[SCENARIO 1][EXP 01][RUN 00][T=0016] Goods sold: 75.76
[SCENARIO 1][EXP 01][RUN 00][T=0016] Nominal wage rate: 20.05
[SCENARIO 1][EXP 01][RUN 00][T=0016] Real wage rate: 0.21
[SCENARIO 1][EXP 01][RUN 00][T=0016] ----------------------------
[SCENARIO 1][EXP 01][RUN 00][T=0016] Preparing next period.
[SCENARIO 1][EXP 01][RUN 00][T=0017] 
[SCENARIO 1][EXP 01][RUN 00][T=0017] SIMULATING CURRENT PERIOD
[SCENARIO 1][EXP 01][RUN 00][T=0017] 
[SCENARIO 1][EXP 01][RUN 00][T=0017] RESULTS OF CURRENT PERIOD
[SCENARIO 1][EXP 01][RUN 00][T=0017] ----------------------------
[SCENARIO 1][EXP 01][RUN 00][T=0017] Unemployment rate: 4.96%
[SCENARIO 1][EXP 01][RUN 00][T=0017] Inflation: 2.57%
[SCENARIO 1][EXP 01][RUN 00][T=0017] Price: 96.80
[SCENARIO 1][EXP 01][RUN 00][T=0017] Interest rate: -2.87%
[SCENARIO 1][EXP 01][RUN 00][T=0017] Production: 138.52
[SCENARIO 1][EXP 01][RUN 00][T=0017] Hired labour: 475.21
[SCENARIO 1][EXP 01][RUN 00][T=0017] Total cost: 9751.79
[SCENARIO 1][EXP 01][RUN 00][T=0017] Total revenue: 7655.82
[SCENARIO 1][EXP 01][RUN 00][T=0017] Total profit: -2095.97
[SCENARIO 1][EXP 01][RUN 00][T=0017] Goods sold: 79.09
[SCENARIO 1][EXP 01][RUN 00][T=0017] Nominal wage rate: 20.52
[SCENARIO 1][EXP 01][RUN 00][T=0017] Real wage rate: 0.21
[SCENARIO 1][EXP 01][RUN 00][T=0017] ----------------------------
[SCENARIO 1][EXP 01][RUN 00][T=0017] Preparing next period.
[SCENARIO 1][EXP 01][RUN 00][T=0018] 
[SCENARIO 1][EXP 01][RUN 00][T=0018] SIMULATING CURRENT PERIOD
[SCENARIO 1][EXP 01][RUN 00][T=0018] 
[SCENARIO 1][EXP 01][RUN 00][T=0018] RESULTS OF CURRENT PERIOD
[SCENARIO 1][EXP 01][RUN 00][T=0018] ----------------------------
[SCENARIO 1][EXP 01][RUN 00][T=0018] Unemployment rate: 4.01%
[SCENARIO 1][EXP 01][RUN 00][T=0018] Inflation: 2.58%
[SCENARIO 1][EXP 01][RUN 00][T=0018] Price: 99.30
[SCENARIO 1][EXP 01][RUN 00][T=0018] Interest rate: -2.07%
[SCENARIO 1][EXP 01][RUN 00][T=0018] Production: 139.63
[SCENARIO 1][EXP 01][RUN 00][T=0018] Hired labour: 479.96
[SCENARIO 1][EXP 01][RUN 00][T=0018] Total cost: 10083.78
[SCENARIO 1][EXP 01][RUN 00][T=0018] Total revenue: 8151.88
[SCENARIO 1][EXP 01][RUN 00][T=0018] Total profit: -1931.90
[SCENARIO 1][EXP 01][RUN 00][T=0018] Goods sold: 82.09
[SCENARIO 1][EXP 01][RUN 00][T=0018] Nominal wage rate: 21.01
[SCENARIO 1][EXP 01][RUN 00][T=0018] Real wage rate: 0.21
[SCENARIO 1][EXP 01][RUN 00][T=0018] ----------------------------
[SCENARIO 1][EXP 01][RUN 00][T=0018] Preparing next period.
[SCENARIO 1][EXP 01][RUN 00][T=0019] 
[SCENARIO 1][EXP 01][RUN 00][T=0019] SIMULATING CURRENT PERIOD
[SCENARIO 1][EXP 01][RUN 00][T=0019] 
[SCENARIO 1][EXP 01][RUN 00][T=0019] RESULTS OF CURRENT PERIOD
[SCENARIO 1][EXP 01][RUN 00][T=0019] ----------------------------
[SCENARIO 1][EXP 01][RUN 00][T=0019] Unemployment rate: 3.05%
[SCENARIO 1][EXP 01][RUN 00][T=0019] Inflation: 2.59%
[SCENARIO 1][EXP 01][RUN 00][T=0019] Price: 101.88
[SCENARIO 1][EXP 01][RUN 00][T=0019] Interest rate: -1.26%
[SCENARIO 1][EXP 01][RUN 00][T=0019] Production: 140.74
[SCENARIO 1][EXP 01][RUN 00][T=0019] Hired labour: 484.76
[SCENARIO 1][EXP 01][RUN 00][T=0019] Total cost: 10427.94
[SCENARIO 1][EXP 01][RUN 00][T=0019] Total revenue: 8626.02
[SCENARIO 1][EXP 01][RUN 00][T=0019] Total profit: -1801.92
[SCENARIO 1][EXP 01][RUN 00][T=0019] Goods sold: 84.67
[SCENARIO 1][EXP 01][RUN 00][T=0019] Nominal wage rate: 21.51
[SCENARIO 1][EXP 01][RUN 00][T=0019] Real wage rate: 0.21
[SCENARIO 1][EXP 01][RUN 00][T=0019] ----------------------------
[SCENARIO 1][EXP 01][RUN 00][T=0019] Preparing next period.
[SCENARIO 1][EXP 01][RUN 00][T=0020] 
[SCENARIO 1][EXP 01][RUN 00][T=0020] SIMULATING CURRENT PERIOD
[SCENARIO 1][EXP 01][RUN 00][T=0020] 
[SCENARIO 1][EXP 01][RUN 00][T=0020] RESULTS OF CURRENT PERIOD
[SCENARIO 1][EXP 01][RUN 00][T=0020] ----------------------------
[SCENARIO 1][EXP 01][RUN 00][T=0020] Unemployment rate: 2.08%
[SCENARIO 1][EXP 01][RUN 00][T=0020] Inflation: 2.58%
[SCENARIO 1][EXP 01][RUN 00][T=0020] Price: 104.51
[SCENARIO 1][EXP 01][RUN 00][T=0020] Interest rate: -0.43%
[SCENARIO 1][EXP 01][RUN 00][T=0020] Production: 141.87
[SCENARIO 1][EXP 01][RUN 00][T=0020] Hired labour: 489.61
[SCENARIO 1][EXP 01][RUN 00][T=0020] Total cost: 10782.66
[SCENARIO 1][EXP 01][RUN 00][T=0020] Total revenue: 9082.13
[SCENARIO 1][EXP 01][RUN 00][T=0020] Total profit: -1700.53
[SCENARIO 1][EXP 01][RUN 00][T=0020] Goods sold: 86.90
[SCENARIO 1][EXP 01][RUN 00][T=0020] Nominal wage rate: 22.02
[SCENARIO 1][EXP 01][RUN 00][T=0020] Real wage rate: 0.21
[SCENARIO 1][EXP 01][RUN 00][T=0020] ----------------------------
[SCENARIO 1][EXP 01][RUN 00][T=0020] Preparing next period.
[SCENARIO 1][EXP 01][RUN 00][T=0021] 
[SCENARIO 1][EXP 01][RUN 00][T=0021] SIMULATING CURRENT PERIOD
[SCENARIO 1][EXP 01][RUN 00][T=0021] 
[SCENARIO 1][EXP 01][RUN 00][T=0021] RESULTS OF CURRENT PERIOD
[SCENARIO 1][EXP 01][RUN 00][T=0021] ----------------------------
[SCENARIO 1][EXP 01][RUN 00][T=0021] Unemployment rate: 1.10%
[SCENARIO 1][EXP 01][RUN 00][T=0021] Inflation: 2.64%
[SCENARIO 1][EXP 01][RUN 00][T=0021] Price: 107.27
[SCENARIO 1][EXP 01][RUN 00][T=0021] Interest rate: 0.41%
[SCENARIO 1][EXP 01][RUN 00][T=0021] Production: 143.00
[SCENARIO 1][EXP 01][RUN 00][T=0021] Hired labour: 494.51
[SCENARIO 1][EXP 01][RUN 00][T=0021] Total cost: 11156.22
[SCENARIO 1][EXP 01][RUN 00][T=0021] Total revenue: 9526.58
[SCENARIO 1][EXP 01][RUN 00][T=0021] Total profit: -1629.64
[SCENARIO 1][EXP 01][RUN 00][T=0021] Goods sold: 88.81
[SCENARIO 1][EXP 01][RUN 00][T=0021] Nominal wage rate: 22.56
[SCENARIO 1][EXP 01][RUN 00][T=0021] Real wage rate: 0.21
[SCENARIO 1][EXP 01][RUN 00][T=0021] ----------------------------
[SCENARIO 1][EXP 01][RUN 00][T=0021] Preparing next period.
[SCENARIO 1][EXP 01][RUN 00][T=0022] 
[SCENARIO 1][EXP 01][RUN 00][T=0022] SIMULATING CURRENT PERIOD
[SCENARIO 1][EXP 01][RUN 00][T=0022] 
[SCENARIO 1][EXP 01][RUN 00][T=0022] RESULTS OF CURRENT PERIOD
[SCENARIO 1][EXP 01][RUN 00][T=0022] ----------------------------
[SCENARIO 1][EXP 01][RUN 00][T=0022] Unemployment rate: 0.11%
[SCENARIO 1][EXP 01][RUN 00][T=0022] Inflation: 2.73%
[SCENARIO 1][EXP 01][RUN 00][T=0022] Price: 110.20
[SCENARIO 1][EXP 01][RUN 00][T=0022] Interest rate: 1.32%
[SCENARIO 1][EXP 01][RUN 00][T=0022] Production: 144.14
[SCENARIO 1][EXP 01][RUN 00][T=0022] Hired labour: 499.45
[SCENARIO 1][EXP 01][RUN 00][T=0022] Total cost: 11552.54
[SCENARIO 1][EXP 01][RUN 00][T=0022] Total revenue: 9955.87
[SCENARIO 1][EXP 01][RUN 00][T=0022] Total profit: -1596.67
[SCENARIO 1][EXP 01][RUN 00][T=0022] Goods sold: 90.34
[SCENARIO 1][EXP 01][RUN 00][T=0022] Nominal wage rate: 23.13
[SCENARIO 1][EXP 01][RUN 00][T=0022] Real wage rate: 0.21
[SCENARIO 1][EXP 01][RUN 00][T=0022] ----------------------------
[SCENARIO 1][EXP 01][RUN 00][T=0022] Preparing next period.
[SCENARIO 1][EXP 01][RUN 00][T=0023] 
[SCENARIO 1][EXP 01][RUN 00][T=0023] SIMULATING CURRENT PERIOD
[SCENARIO 1][EXP 01][RUN 00][T=0023] 
[SCENARIO 1][EXP 01][RUN 00][T=0023] RESULTS OF CURRENT PERIOD
[SCENARIO 1][EXP 01][RUN 00][T=0023] ----------------------------
[SCENARIO 1][EXP 01][RUN 00][T=0023] Unemployment rate: 0.00%
[SCENARIO 1][EXP 01][RUN 00][T=0023] Inflation: 2.10%
[SCENARIO 1][EXP 01][RUN 00][T=0023] Price: 112.52
[SCENARIO 1][EXP 01][RUN 00][T=0023] Interest rate: 2.26%
[SCENARIO 1][EXP 01][RUN 00][T=0023] Production: 144.27
[SCENARIO 1][EXP 01][RUN 00][T=0023] Hired labour: 500.00
[SCENARIO 1][EXP 01][RUN 00][T=0023] Total cost: 11805.58
[SCENARIO 1][EXP 01][RUN 00][T=0023] Total revenue: 10280.29
[SCENARIO 1][EXP 01][RUN 00][T=0023] Total profit: -1525.30
[SCENARIO 1][EXP 01][RUN 00][T=0023] Goods sold: 91.37
[SCENARIO 1][EXP 01][RUN 00][T=0023] Nominal wage rate: 23.61
[SCENARIO 1][EXP 01][RUN 00][T=0023] Real wage rate: 0.21
[SCENARIO 1][EXP 01][RUN 00][T=0023] ----------------------------
[SCENARIO 1][EXP 01][RUN 00][T=0023] Preparing next period.
[SCENARIO 1][EXP 01][RUN 00][T=0024] 
[SCENARIO 1][EXP 01][RUN 00][T=0024] SIMULATING CURRENT PERIOD
[SCENARIO 1][EXP 01][RUN 00][T=0024] 
[SCENARIO 1][EXP 01][RUN 00][T=0024] RESULTS OF CURRENT PERIOD
[SCENARIO 1][EXP 01][RUN 00][T=0024] ----------------------------
[SCENARIO 1][EXP 01][RUN 00][T=0024] Unemployment rate: 0.00%
[SCENARIO 1][EXP 01][RUN 00][T=0024] Inflation: 2.02%
[SCENARIO 1][EXP 01][RUN 00][T=0024] Price: 114.79
[SCENARIO 1][EXP 01][RUN 00][T=0024] Interest rate: 2.05%
[SCENARIO 1][EXP 01][RUN 00][T=0024] Production: 144.27
[SCENARIO 1][EXP 01][RUN 00][T=0024] Hired labour: 500.00
[SCENARIO 1][EXP 01][RUN 00][T=0024] Total cost: 12044.54
[SCENARIO 1][EXP 01][RUN 00][T=0024] Total revenue: 10608.57
[SCENARIO 1][EXP 01][RUN 00][T=0024] Total profit: -1435.97
[SCENARIO 1][EXP 01][RUN 00][T=0024] Goods sold: 92.41
[SCENARIO 1][EXP 01][RUN 00][T=0024] Nominal wage rate: 24.09
[SCENARIO 1][EXP 01][RUN 00][T=0024] Real wage rate: 0.21
[SCENARIO 1][EXP 01][RUN 00][T=0024] ----------------------------
[SCENARIO 1][EXP 01][RUN 00][T=0024] Preparing next period.
[SCENARIO 1][EXP 01][RUN 00][T=0025] 
[SCENARIO 1][EXP 01][RUN 00][T=0025] SIMULATING CURRENT PERIOD
[SCENARIO 1][EXP 01][RUN 00][T=0025] 
[SCENARIO 1][EXP 01][RUN 00][T=0025] RESULTS OF CURRENT PERIOD
[SCENARIO 1][EXP 01][RUN 00][T=0025] ----------------------------
[SCENARIO 1][EXP 01][RUN 00][T=0025] Unemployment rate: 0.00%
[SCENARIO 1][EXP 01][RUN 00][T=0025] Inflation: 2.02%
[SCENARIO 1][EXP 01][RUN 00][T=0025] Price: 117.12
[SCENARIO 1][EXP 01][RUN 00][T=0025] Interest rate: 2.01%
[SCENARIO 1][EXP 01][RUN 00][T=0025] Production: 144.27
[SCENARIO 1][EXP 01][RUN 00][T=0025] Hired labour: 500.00
[SCENARIO 1][EXP 01][RUN 00][T=0025] Total cost: 12288.29
[SCENARIO 1][EXP 01][RUN 00][T=0025] Total revenue: 10938.76
[SCENARIO 1][EXP 01][RUN 00][T=0025] Total profit: -1349.53
[SCENARIO 1][EXP 01][RUN 00][T=0025] Goods sold: 93.40
[SCENARIO 1][EXP 01][RUN 00][T=0025] Nominal wage rate: 24.58
[SCENARIO 1][EXP 01][RUN 00][T=0025] Real wage rate: 0.21
[SCENARIO 1][EXP 01][RUN 00][T=0025] ----------------------------
[SCENARIO 1][EXP 01][RUN 00][T=0025] Preparing next period.
[SCENARIO 1][EXP 01][RUN 00][T=0026] 
[SCENARIO 1][EXP 01][RUN 00][T=0026] SIMULATING CURRENT PERIOD
[SCENARIO 1][EXP 01][RUN 00][T=0026] 
[SCENARIO 1][EXP 01][RUN 00][T=0026] RESULTS OF CURRENT PERIOD
[SCENARIO 1][EXP 01][RUN 00][T=0026] ----------------------------
[SCENARIO 1][EXP 01][RUN 00][T=0026] Unemployment rate: 0.00%
[SCENARIO 1][EXP 01][RUN 00][T=0026] Inflation: 2.03%
[SCENARIO 1][EXP 01][RUN 00][T=0026] Price: 119.49
[SCENARIO 1][EXP 01][RUN 00][T=0026] Interest rate: 2.01%
[SCENARIO 1][EXP 01][RUN 00][T=0026] Production: 144.27
[SCENARIO 1][EXP 01][RUN 00][T=0026] Hired labour: 500.00
[SCENARIO 1][EXP 01][RUN 00][T=0026] Total cost: 12537.18
[SCENARIO 1][EXP 01][RUN 00][T=0026] Total revenue: 11268.32
[SCENARIO 1][EXP 01][RUN 00][T=0026] Total profit: -1268.86
[SCENARIO 1][EXP 01][RUN 00][T=0026] Goods sold: 94.30
[SCENARIO 1][EXP 01][RUN 00][T=0026] Nominal wage rate: 25.07
[SCENARIO 1][EXP 01][RUN 00][T=0026] Real wage rate: 0.21
[SCENARIO 1][EXP 01][RUN 00][T=0026] ----------------------------
[SCENARIO 1][EXP 01][RUN 00][T=0026] Preparing next period.
[SCENARIO 1][EXP 01][RUN 00][T=0027] 
[SCENARIO 1][EXP 01][RUN 00][T=0027] SIMULATING CURRENT PERIOD
[SCENARIO 1][EXP 01][RUN 00][T=0027] 
[SCENARIO 1][EXP 01][RUN 00][T=0027] RESULTS OF CURRENT PERIOD
[SCENARIO 1][EXP 01][RUN 00][T=0027] ----------------------------
[SCENARIO 1][EXP 01][RUN 00][T=0027] Unemployment rate: 0.00%
[SCENARIO 1][EXP 01][RUN 00][T=0027] Inflation: 2.03%
[SCENARIO 1][EXP 01][RUN 00][T=0027] Price: 121.92
[SCENARIO 1][EXP 01][RUN 00][T=0027] Interest rate: 2.01%
[SCENARIO 1][EXP 01][RUN 00][T=0027] Production: 144.27
[SCENARIO 1][EXP 01][RUN 00][T=0027] Hired labour: 500.00
[SCENARIO 1][EXP 01][RUN 00][T=0027] Total cost: 12792.02
[SCENARIO 1][EXP 01][RUN 00][T=0027] Total revenue: 11597.21
[SCENARIO 1][EXP 01][RUN 00][T=0027] Total profit: -1194.81
[SCENARIO 1][EXP 01][RUN 00][T=0027] Goods sold: 95.12
[SCENARIO 1][EXP 01][RUN 00][T=0027] Nominal wage rate: 25.58
[SCENARIO 1][EXP 01][RUN 00][T=0027] Real wage rate: 0.21
[SCENARIO 1][EXP 01][RUN 00][T=0027] ----------------------------
[SCENARIO 1][EXP 01][RUN 00][T=0027] Preparing next period.
[SCENARIO 1][EXP 01][RUN 00][T=0028] 
[SCENARIO 1][EXP 01][RUN 00][T=0028] SIMULATING CURRENT PERIOD
[SCENARIO 1][EXP 01][RUN 00][T=0028] 
[SCENARIO 1][EXP 01][RUN 00][T=0028] RESULTS OF CURRENT PERIOD
[SCENARIO 1][EXP 01][RUN 00][T=0028] ----------------------------
[SCENARIO 1][EXP 01][RUN 00][T=0028] Unemployment rate: 0.00%
[SCENARIO 1][EXP 01][RUN 00][T=0028] Inflation: 2.03%
[SCENARIO 1][EXP 01][RUN 00][T=0028] Price: 124.39
[SCENARIO 1][EXP 01][RUN 00][T=0028] Interest rate: 2.02%
[SCENARIO 1][EXP 01][RUN 00][T=0028] Production: 144.27
[SCENARIO 1][EXP 01][RUN 00][T=0028] Hired labour: 500.00
[SCENARIO 1][EXP 01][RUN 00][T=0028] Total cost: 13051.83
[SCENARIO 1][EXP 01][RUN 00][T=0028] Total revenue: 11924.01
[SCENARIO 1][EXP 01][RUN 00][T=0028] Total profit: -1127.82
[SCENARIO 1][EXP 01][RUN 00][T=0028] Goods sold: 95.86
[SCENARIO 1][EXP 01][RUN 00][T=0028] Nominal wage rate: 26.10
[SCENARIO 1][EXP 01][RUN 00][T=0028] Real wage rate: 0.21
[SCENARIO 1][EXP 01][RUN 00][T=0028] ----------------------------
[SCENARIO 1][EXP 01][RUN 00][T=0028] Preparing next period.
[SCENARIO 1][EXP 01][RUN 00][T=0029] 
[SCENARIO 1][EXP 01][RUN 00][T=0029] SIMULATING CURRENT PERIOD
[SCENARIO 1][EXP 01][RUN 00][T=0029] 
[SCENARIO 1][EXP 01][RUN 00][T=0029] RESULTS OF CURRENT PERIOD
[SCENARIO 1][EXP 01][RUN 00][T=0029] ----------------------------
[SCENARIO 1][EXP 01][RUN 00][T=0029] Unemployment rate: 0.00%
[SCENARIO 1][EXP 01][RUN 00][T=0029] Inflation: 2.04%
[SCENARIO 1][EXP 01][RUN 00][T=0029] Price: 126.94
[SCENARIO 1][EXP 01][RUN 00][T=0029] Interest rate: 2.02%
[SCENARIO 1][EXP 01][RUN 00][T=0029] Production: 144.27
[SCENARIO 1][EXP 01][RUN 00][T=0029] Hired labour: 500.00
[SCENARIO 1][EXP 01][RUN 00][T=0029] Total cost: 13318.53
[SCENARIO 1][EXP 01][RUN 00][T=0029] Total revenue: 12250.89
[SCENARIO 1][EXP 01][RUN 00][T=0029] Total profit: -1067.64
[SCENARIO 1][EXP 01][RUN 00][T=0029] Goods sold: 96.51
[SCENARIO 1][EXP 01][RUN 00][T=0029] Nominal wage rate: 26.64
[SCENARIO 1][EXP 01][RUN 00][T=0029] Real wage rate: 0.21
[SCENARIO 1][EXP 01][RUN 00][T=0029] ----------------------------
[SCENARIO 1][EXP 01][RUN 00][T=0029] Preparing next period.
[SCENARIO 1][EXP 01][RUN 00][T=0030] 
[SCENARIO 1][EXP 01][RUN 00][T=0030] SIMULATING CURRENT PERIOD
[SCENARIO 1][EXP 01][RUN 00][T=0030] 
[SCENARIO 1][EXP 01][RUN 00][T=0030] RESULTS OF CURRENT PERIOD
[SCENARIO 1][EXP 01][RUN 00][T=0030] ----------------------------
[SCENARIO 1][EXP 01][RUN 00][T=0030] Unemployment rate: 0.00%
[SCENARIO 1][EXP 01][RUN 00][T=0030] Inflation: 2.03%
[SCENARIO 1][EXP 01][RUN 00][T=0030] Price: 129.52
[SCENARIO 1][EXP 01][RUN 00][T=0030] Interest rate: 2.02%
[SCENARIO 1][EXP 01][RUN 00][T=0030] Production: 144.27
[SCENARIO 1][EXP 01][RUN 00][T=0030] Hired labour: 500.00
[SCENARIO 1][EXP 01][RUN 00][T=0030] Total cost: 13589.36
[SCENARIO 1][EXP 01][RUN 00][T=0030] Total revenue: 12575.35
[SCENARIO 1][EXP 01][RUN 00][T=0030] Total profit: -1014.02
[SCENARIO 1][EXP 01][RUN 00][T=0030] Goods sold: 97.09
[SCENARIO 1][EXP 01][RUN 00][T=0030] Nominal wage rate: 27.18
[SCENARIO 1][EXP 01][RUN 00][T=0030] Real wage rate: 0.21
[SCENARIO 1][EXP 01][RUN 00][T=0030] ----------------------------
[SCENARIO 1][EXP 01][RUN 00][T=0030] Preparing next period.
[SCENARIO 1][EXP 01][RUN 00][T=0031] 
[SCENARIO 1][EXP 01][RUN 00][T=0031] SIMULATING CURRENT PERIOD
[SCENARIO 1][EXP 01][RUN 00][T=0031] 
[SCENARIO 1][EXP 01][RUN 00][T=0031] RESULTS OF CURRENT PERIOD
[SCENARIO 1][EXP 01][RUN 00][T=0031] ----------------------------
[SCENARIO 1][EXP 01][RUN 00][T=0031] Unemployment rate: 0.00%
[SCENARIO 1][EXP 01][RUN 00][T=0031] Inflation: 2.03%
[SCENARIO 1][EXP 01][RUN 00][T=0031] Price: 132.15
[SCENARIO 1][EXP 01][RUN 00][T=0031] Interest rate: 2.02%
[SCENARIO 1][EXP 01][RUN 00][T=0031] Production: 144.27
[SCENARIO 1][EXP 01][RUN 00][T=0031] Hired labour: 500.00
[SCENARIO 1][EXP 01][RUN 00][T=0031] Total cost: 13865.15
[SCENARIO 1][EXP 01][RUN 00][T=0031] Total revenue: 12899.93
[SCENARIO 1][EXP 01][RUN 00][T=0031] Total profit: -965.22
[SCENARIO 1][EXP 01][RUN 00][T=0031] Goods sold: 97.62
[SCENARIO 1][EXP 01][RUN 00][T=0031] Nominal wage rate: 27.73
[SCENARIO 1][EXP 01][RUN 00][T=0031] Real wage rate: 0.21
[SCENARIO 1][EXP 01][RUN 00][T=0031] ----------------------------
[SCENARIO 1][EXP 01][RUN 00][T=0031] Preparing next period.
[SCENARIO 1][EXP 01][RUN 00][T=0032] 
[SCENARIO 1][EXP 01][RUN 00][T=0032] SIMULATING CURRENT PERIOD
[SCENARIO 1][EXP 01][RUN 00][T=0032] 
[SCENARIO 1][EXP 01][RUN 00][T=0032] RESULTS OF CURRENT PERIOD
[SCENARIO 1][EXP 01][RUN 00][T=0032] ----------------------------
[SCENARIO 1][EXP 01][RUN 00][T=0032] Unemployment rate: 0.00%
[SCENARIO 1][EXP 01][RUN 00][T=0032] Inflation: 2.03%
[SCENARIO 1][EXP 01][RUN 00][T=0032] Price: 134.83
[SCENARIO 1][EXP 01][RUN 00][T=0032] Interest rate: 2.01%
[SCENARIO 1][EXP 01][RUN 00][T=0032] Production: 144.27
[SCENARIO 1][EXP 01][RUN 00][T=0032] Hired labour: 500.00
[SCENARIO 1][EXP 01][RUN 00][T=0032] Total cost: 14147.28
[SCENARIO 1][EXP 01][RUN 00][T=0032] Total revenue: 13226.90
[SCENARIO 1][EXP 01][RUN 00][T=0032] Total profit: -920.38
[SCENARIO 1][EXP 01][RUN 00][T=0032] Goods sold: 98.10
[SCENARIO 1][EXP 01][RUN 00][T=0032] Nominal wage rate: 28.29
[SCENARIO 1][EXP 01][RUN 00][T=0032] Real wage rate: 0.21
[SCENARIO 1][EXP 01][RUN 00][T=0032] ----------------------------
[SCENARIO 1][EXP 01][RUN 00][T=0032] Preparing next period.
[SCENARIO 1][EXP 01][RUN 00][T=0033] 
[SCENARIO 1][EXP 01][RUN 00][T=0033] SIMULATING CURRENT PERIOD
[SCENARIO 1][EXP 01][RUN 00][T=0033] 
[SCENARIO 1][EXP 01][RUN 00][T=0033] RESULTS OF CURRENT PERIOD
[SCENARIO 1][EXP 01][RUN 00][T=0033] ----------------------------
[SCENARIO 1][EXP 01][RUN 00][T=0033] Unemployment rate: 0.00%
[SCENARIO 1][EXP 01][RUN 00][T=0033] Inflation: 2.04%
[SCENARIO 1][EXP 01][RUN 00][T=0033] Price: 137.59
[SCENARIO 1][EXP 01][RUN 00][T=0033] Interest rate: 2.02%
[SCENARIO 1][EXP 01][RUN 00][T=0033] Production: 144.27
[SCENARIO 1][EXP 01][RUN 00][T=0033] Hired labour: 500.00
[SCENARIO 1][EXP 01][RUN 00][T=0033] Total cost: 14436.08
[SCENARIO 1][EXP 01][RUN 00][T=0033] Total revenue: 13557.40
[SCENARIO 1][EXP 01][RUN 00][T=0033] Total profit: -878.68
[SCENARIO 1][EXP 01][RUN 00][T=0033] Goods sold: 98.54
[SCENARIO 1][EXP 01][RUN 00][T=0033] Nominal wage rate: 28.87
[SCENARIO 1][EXP 01][RUN 00][T=0033] Real wage rate: 0.21
[SCENARIO 1][EXP 01][RUN 00][T=0033] ----------------------------
[SCENARIO 1][EXP 01][RUN 00][T=0033] Preparing next period.
[SCENARIO 1][EXP 01][RUN 00][T=0034] 
[SCENARIO 1][EXP 01][RUN 00][T=0034] SIMULATING CURRENT PERIOD
[SCENARIO 1][EXP 01][RUN 00][T=0034] 
[SCENARIO 1][EXP 01][RUN 00][T=0034] RESULTS OF CURRENT PERIOD
[SCENARIO 1][EXP 01][RUN 00][T=0034] ----------------------------
[SCENARIO 1][EXP 01][RUN 00][T=0034] Unemployment rate: 0.00%
[SCENARIO 1][EXP 01][RUN 00][T=0034] Inflation: 2.03%
[SCENARIO 1][EXP 01][RUN 00][T=0034] Price: 140.38
[SCENARIO 1][EXP 01][RUN 00][T=0034] Interest rate: 2.02%
[SCENARIO 1][EXP 01][RUN 00][T=0034] Production: 144.27
[SCENARIO 1][EXP 01][RUN 00][T=0034] Hired labour: 500.00
[SCENARIO 1][EXP 01][RUN 00][T=0034] Total cost: 14729.42
[SCENARIO 1][EXP 01][RUN 00][T=0034] Total revenue: 13890.41
[SCENARIO 1][EXP 01][RUN 00][T=0034] Total profit: -839.01
[SCENARIO 1][EXP 01][RUN 00][T=0034] Goods sold: 98.95
[SCENARIO 1][EXP 01][RUN 00][T=0034] Nominal wage rate: 29.46
[SCENARIO 1][EXP 01][RUN 00][T=0034] Real wage rate: 0.21
[SCENARIO 1][EXP 01][RUN 00][T=0034] ----------------------------
[SCENARIO 1][EXP 01][RUN 00][T=0034] Preparing next period.
[SCENARIO 1][EXP 01][RUN 00][T=0035] 
[SCENARIO 1][EXP 01][RUN 00][T=0035] SIMULATING CURRENT PERIOD
[SCENARIO 1][EXP 01][RUN 00][T=0035] 
[SCENARIO 1][EXP 01][RUN 00][T=0035] RESULTS OF CURRENT PERIOD
[SCENARIO 1][EXP 01][RUN 00][T=0035] ----------------------------
[SCENARIO 1][EXP 01][RUN 00][T=0035] Unemployment rate: 0.00%
[SCENARIO 1][EXP 01][RUN 00][T=0035] Inflation: 2.03%
[SCENARIO 1][EXP 01][RUN 00][T=0035] Price: 143.23
[SCENARIO 1][EXP 01][RUN 00][T=0035] Interest rate: 2.02%
[SCENARIO 1][EXP 01][RUN 00][T=0035] Production: 144.27
[SCENARIO 1][EXP 01][RUN 00][T=0035] Hired labour: 500.00
[SCENARIO 1][EXP 01][RUN 00][T=0035] Total cost: 15028.55
[SCENARIO 1][EXP 01][RUN 00][T=0035] Total revenue: 14228.51
[SCENARIO 1][EXP 01][RUN 00][T=0035] Total profit: -800.05
[SCENARIO 1][EXP 01][RUN 00][T=0035] Goods sold: 99.34
[SCENARIO 1][EXP 01][RUN 00][T=0035] Nominal wage rate: 30.06
[SCENARIO 1][EXP 01][RUN 00][T=0035] Real wage rate: 0.21
[SCENARIO 1][EXP 01][RUN 00][T=0035] ----------------------------
[SCENARIO 1][EXP 01][RUN 00][T=0035] Preparing next period.
[SCENARIO 1][EXP 01][RUN 00][T=0036] 
[SCENARIO 1][EXP 01][RUN 00][T=0036] SIMULATING CURRENT PERIOD
[SCENARIO 1][EXP 01][RUN 00][T=0036] 
[SCENARIO 1][EXP 01][RUN 00][T=0036] RESULTS OF CURRENT PERIOD
[SCENARIO 1][EXP 01][RUN 00][T=0036] ----------------------------
[SCENARIO 1][EXP 01][RUN 00][T=0036] Unemployment rate: 0.00%
[SCENARIO 1][EXP 01][RUN 00][T=0036] Inflation: 2.03%
[SCENARIO 1][EXP 01][RUN 00][T=0036] Price: 146.14
[SCENARIO 1][EXP 01][RUN 00][T=0036] Interest rate: 2.02%
[SCENARIO 1][EXP 01][RUN 00][T=0036] Production: 144.27
[SCENARIO 1][EXP 01][RUN 00][T=0036] Hired labour: 500.00
[SCENARIO 1][EXP 01][RUN 00][T=0036] Total cost: 15333.20
[SCENARIO 1][EXP 01][RUN 00][T=0036] Total revenue: 14571.47
[SCENARIO 1][EXP 01][RUN 00][T=0036] Total profit: -761.72
[SCENARIO 1][EXP 01][RUN 00][T=0036] Goods sold: 99.71
[SCENARIO 1][EXP 01][RUN 00][T=0036] Nominal wage rate: 30.67
[SCENARIO 1][EXP 01][RUN 00][T=0036] Real wage rate: 0.21
[SCENARIO 1][EXP 01][RUN 00][T=0036] ----------------------------
[SCENARIO 1][EXP 01][RUN 00][T=0036] Preparing next period.
[SCENARIO 1][EXP 01][RUN 00][T=0037] 
[SCENARIO 1][EXP 01][RUN 00][T=0037] SIMULATING CURRENT PERIOD
[SCENARIO 1][EXP 01][RUN 00][T=0037] 
[SCENARIO 1][EXP 01][RUN 00][T=0037] RESULTS OF CURRENT PERIOD
[SCENARIO 1][EXP 01][RUN 00][T=0037] ----------------------------
[SCENARIO 1][EXP 01][RUN 00][T=0037] Unemployment rate: 0.00%
[SCENARIO 1][EXP 01][RUN 00][T=0037] Inflation: 2.01%
[SCENARIO 1][EXP 01][RUN 00][T=0037] Price: 149.08
[SCENARIO 1][EXP 01][RUN 00][T=0037] Interest rate: 2.01%
[SCENARIO 1][EXP 01][RUN 00][T=0037] Production: 144.27
[SCENARIO 1][EXP 01][RUN 00][T=0037] Hired labour: 500.00
[SCENARIO 1][EXP 01][RUN 00][T=0037] Total cost: 15641.49
[SCENARIO 1][EXP 01][RUN 00][T=0037] Total revenue: 14917.65
[SCENARIO 1][EXP 01][RUN 00][T=0037] Total profit: -723.84
[SCENARIO 1][EXP 01][RUN 00][T=0037] Goods sold: 100.07
[SCENARIO 1][EXP 01][RUN 00][T=0037] Nominal wage rate: 31.28
[SCENARIO 1][EXP 01][RUN 00][T=0037] Real wage rate: 0.21
[SCENARIO 1][EXP 01][RUN 00][T=0037] ----------------------------
[SCENARIO 1][EXP 01][RUN 00][T=0037] Preparing next period.
[SCENARIO 1][EXP 01][RUN 00][T=0038] 
[SCENARIO 1][EXP 01][RUN 00][T=0038] SIMULATING CURRENT PERIOD
[SCENARIO 1][EXP 01][RUN 00][T=0038] 
[SCENARIO 1][EXP 01][RUN 00][T=0038] RESULTS OF CURRENT PERIOD
[SCENARIO 1][EXP 01][RUN 00][T=0038] ----------------------------
[SCENARIO 1][EXP 01][RUN 00][T=0038] Unemployment rate: 0.00%
[SCENARIO 1][EXP 01][RUN 00][T=0038] Inflation: 1.98%
[SCENARIO 1][EXP 01][RUN 00][T=0038] Price: 152.03
[SCENARIO 1][EXP 01][RUN 00][T=0038] Interest rate: 2.01%
[SCENARIO 1][EXP 01][RUN 00][T=0038] Production: 144.27
[SCENARIO 1][EXP 01][RUN 00][T=0038] Hired labour: 500.00
[SCENARIO 1][EXP 01][RUN 00][T=0038] Total cost: 15951.82
[SCENARIO 1][EXP 01][RUN 00][T=0038] Total revenue: 15265.58
[SCENARIO 1][EXP 01][RUN 00][T=0038] Total profit: -686.24
[SCENARIO 1][EXP 01][RUN 00][T=0038] Goods sold: 100.41
[SCENARIO 1][EXP 01][RUN 00][T=0038] Nominal wage rate: 31.90
[SCENARIO 1][EXP 01][RUN 00][T=0038] Real wage rate: 0.21
[SCENARIO 1][EXP 01][RUN 00][T=0038] ----------------------------
[SCENARIO 1][EXP 01][RUN 00][T=0038] Preparing next period.
[SCENARIO 1][EXP 01][RUN 00][T=0039] 
[SCENARIO 1][EXP 01][RUN 00][T=0039] SIMULATING CURRENT PERIOD
[SCENARIO 1][EXP 01][RUN 00][T=0039] 
[SCENARIO 1][EXP 01][RUN 00][T=0039] RESULTS OF CURRENT PERIOD
[SCENARIO 1][EXP 01][RUN 00][T=0039] ----------------------------
[SCENARIO 1][EXP 01][RUN 00][T=0039] Unemployment rate: 0.00%
[SCENARIO 1][EXP 01][RUN 00][T=0039] Inflation: 1.97%
[SCENARIO 1][EXP 01][RUN 00][T=0039] Price: 155.02
[SCENARIO 1][EXP 01][RUN 00][T=0039] Interest rate: 1.99%
[SCENARIO 1][EXP 01][RUN 00][T=0039] Production: 144.27
[SCENARIO 1][EXP 01][RUN 00][T=0039] Hired labour: 500.00
[SCENARIO 1][EXP 01][RUN 00][T=0039] Total cost: 16265.67
[SCENARIO 1][EXP 01][RUN 00][T=0039] Total revenue: 15616.35
[SCENARIO 1][EXP 01][RUN 00][T=0039] Total profit: -649.31
[SCENARIO 1][EXP 01][RUN 00][T=0039] Goods sold: 100.74
[SCENARIO 1][EXP 01][RUN 00][T=0039] Nominal wage rate: 32.53
[SCENARIO 1][EXP 01][RUN 00][T=0039] Real wage rate: 0.21
[SCENARIO 1][EXP 01][RUN 00][T=0039] ----------------------------
[SCENARIO 1][EXP 01][RUN 00][T=0039] Preparing next period.
[SCENARIO 1][EXP 01][RUN 00][T=0040] 
[SCENARIO 1][EXP 01][RUN 00][T=0040] SIMULATING CURRENT PERIOD
[SCENARIO 1][EXP 01][RUN 00][T=0040] 
[SCENARIO 1][EXP 01][RUN 00][T=0040] RESULTS OF CURRENT PERIOD
[SCENARIO 1][EXP 01][RUN 00][T=0040] ----------------------------
[SCENARIO 1][EXP 01][RUN 00][T=0040] Unemployment rate: 0.00%
[SCENARIO 1][EXP 01][RUN 00][T=0040] Inflation: 1.98%
[SCENARIO 1][EXP 01][RUN 00][T=0040] Price: 158.09
[SCENARIO 1][EXP 01][RUN 00][T=0040] Interest rate: 1.98%
[SCENARIO 1][EXP 01][RUN 00][T=0040] Production: 144.27
[SCENARIO 1][EXP 01][RUN 00][T=0040] Hired labour: 500.00
[SCENARIO 1][EXP 01][RUN 00][T=0040] Total cost: 16587.66
[SCENARIO 1][EXP 01][RUN 00][T=0040] Total revenue: 15973.03
[SCENARIO 1][EXP 01][RUN 00][T=0040] Total profit: -614.62
[SCENARIO 1][EXP 01][RUN 00][T=0040] Goods sold: 101.04
[SCENARIO 1][EXP 01][RUN 00][T=0040] Nominal wage rate: 33.18
[SCENARIO 1][EXP 01][RUN 00][T=0040] Real wage rate: 0.21
[SCENARIO 1][EXP 01][RUN 00][T=0040] ----------------------------
[SCENARIO 1][EXP 01][RUN 00][T=0040] Preparing next period.
[SCENARIO 1][EXP 01][RUN 00][T=0041] 
[SCENARIO 1][EXP 01][RUN 00][T=0041] SIMULATING CURRENT PERIOD
[SCENARIO 1][EXP 01][RUN 00][T=0041] 
[SCENARIO 1][EXP 01][RUN 00][T=0041] RESULTS OF CURRENT PERIOD
[SCENARIO 1][EXP 01][RUN 00][T=0041] ----------------------------
[SCENARIO 1][EXP 01][RUN 00][T=0041] Unemployment rate: 0.00%
[SCENARIO 1][EXP 01][RUN 00][T=0041] Inflation: 1.97%
[SCENARIO 1][EXP 01][RUN 00][T=0041] Price: 161.21
[SCENARIO 1][EXP 01][RUN 00][T=0041] Interest rate: 1.99%
[SCENARIO 1][EXP 01][RUN 00][T=0041] Production: 144.27
[SCENARIO 1][EXP 01][RUN 00][T=0041] Hired labour: 500.00
[SCENARIO 1][EXP 01][RUN 00][T=0041] Total cost: 16914.29
[SCENARIO 1][EXP 01][RUN 00][T=0041] Total revenue: 16329.89
[SCENARIO 1][EXP 01][RUN 00][T=0041] Total profit: -584.40
[SCENARIO 1][EXP 01][RUN 00][T=0041] Goods sold: 101.30
[SCENARIO 1][EXP 01][RUN 00][T=0041] Nominal wage rate: 33.83
[SCENARIO 1][EXP 01][RUN 00][T=0041] Real wage rate: 0.21
[SCENARIO 1][EXP 01][RUN 00][T=0041] ----------------------------
[SCENARIO 1][EXP 01][RUN 00][T=0041] Preparing next period.
[SCENARIO 1][EXP 01][RUN 00][T=0042] 
[SCENARIO 1][EXP 01][RUN 00][T=0042] SIMULATING CURRENT PERIOD
[SCENARIO 1][EXP 01][RUN 00][T=0042] 
[SCENARIO 1][EXP 01][RUN 00][T=0042] RESULTS OF CURRENT PERIOD
[SCENARIO 1][EXP 01][RUN 00][T=0042] ----------------------------
[SCENARIO 1][EXP 01][RUN 00][T=0042] Unemployment rate: 0.00%
[SCENARIO 1][EXP 01][RUN 00][T=0042] Inflation: 1.95%
[SCENARIO 1][EXP 01][RUN 00][T=0042] Price: 164.36
[SCENARIO 1][EXP 01][RUN 00][T=0042] Interest rate: 1.98%
[SCENARIO 1][EXP 01][RUN 00][T=0042] Production: 144.27
[SCENARIO 1][EXP 01][RUN 00][T=0042] Hired labour: 500.00
[SCENARIO 1][EXP 01][RUN 00][T=0042] Total cost: 17244.79
[SCENARIO 1][EXP 01][RUN 00][T=0042] Total revenue: 16686.24
[SCENARIO 1][EXP 01][RUN 00][T=0042] Total profit: -558.55
[SCENARIO 1][EXP 01][RUN 00][T=0042] Goods sold: 101.53
[SCENARIO 1][EXP 01][RUN 00][T=0042] Nominal wage rate: 34.49
[SCENARIO 1][EXP 01][RUN 00][T=0042] Real wage rate: 0.21
[SCENARIO 1][EXP 01][RUN 00][T=0042] ----------------------------
[SCENARIO 1][EXP 01][RUN 00][T=0042] Preparing next period.
[SCENARIO 1][EXP 01][RUN 00][T=0043] 
[SCENARIO 1][EXP 01][RUN 00][T=0043] SIMULATING CURRENT PERIOD
[SCENARIO 1][EXP 01][RUN 00][T=0043] 
[SCENARIO 1][EXP 01][RUN 00][T=0043] RESULTS OF CURRENT PERIOD
[SCENARIO 1][EXP 01][RUN 00][T=0043] ----------------------------
[SCENARIO 1][EXP 01][RUN 00][T=0043] Unemployment rate: 0.00%
[SCENARIO 1][EXP 01][RUN 00][T=0043] Inflation: 1.94%
[SCENARIO 1][EXP 01][RUN 00][T=0043] Price: 167.55
[SCENARIO 1][EXP 01][RUN 00][T=0043] Interest rate: 1.98%
[SCENARIO 1][EXP 01][RUN 00][T=0043] Production: 144.27
[SCENARIO 1][EXP 01][RUN 00][T=0043] Hired labour: 500.00
[SCENARIO 1][EXP 01][RUN 00][T=0043] Total cost: 17579.86
[SCENARIO 1][EXP 01][RUN 00][T=0043] Total revenue: 17042.27
[SCENARIO 1][EXP 01][RUN 00][T=0043] Total profit: -537.59
[SCENARIO 1][EXP 01][RUN 00][T=0043] Goods sold: 101.72
[SCENARIO 1][EXP 01][RUN 00][T=0043] Nominal wage rate: 35.16
[SCENARIO 1][EXP 01][RUN 00][T=0043] Real wage rate: 0.21
[SCENARIO 1][EXP 01][RUN 00][T=0043] ----------------------------
[SCENARIO 1][EXP 01][RUN 00][T=0043] Preparing next period.
[SCENARIO 1][EXP 01][RUN 00][T=0044] 
[SCENARIO 1][EXP 01][RUN 00][T=0044] SIMULATING CURRENT PERIOD
[SCENARIO 1][EXP 01][RUN 00][T=0044] 
[SCENARIO 1][EXP 01][RUN 00][T=0044] RESULTS OF CURRENT PERIOD
[SCENARIO 1][EXP 01][RUN 00][T=0044] ----------------------------
[SCENARIO 1][EXP 01][RUN 00][T=0044] Unemployment rate: 0.00%
[SCENARIO 1][EXP 01][RUN 00][T=0044] Inflation: 1.95%
[SCENARIO 1][EXP 01][RUN 00][T=0044] Price: 170.81
[SCENARIO 1][EXP 01][RUN 00][T=0044] Interest rate: 1.97%
[SCENARIO 1][EXP 01][RUN 00][T=0044] Production: 144.27
[SCENARIO 1][EXP 01][RUN 00][T=0044] Hired labour: 500.00
[SCENARIO 1][EXP 01][RUN 00][T=0044] Total cost: 17922.32
[SCENARIO 1][EXP 01][RUN 00][T=0044] Total revenue: 17400.22
[SCENARIO 1][EXP 01][RUN 00][T=0044] Total profit: -522.10
[SCENARIO 1][EXP 01][RUN 00][T=0044] Goods sold: 101.87
[SCENARIO 1][EXP 01][RUN 00][T=0044] Nominal wage rate: 35.84
[SCENARIO 1][EXP 01][RUN 00][T=0044] Real wage rate: 0.21
[SCENARIO 1][EXP 01][RUN 00][T=0044] ----------------------------
[SCENARIO 1][EXP 01][RUN 00][T=0044] Preparing next period.
[SCENARIO 1][EXP 01][RUN 00][T=0045] 
[SCENARIO 1][EXP 01][RUN 00][T=0045] SIMULATING CURRENT PERIOD
[SCENARIO 1][EXP 01][RUN 00][T=0045] 
[SCENARIO 1][EXP 01][RUN 00][T=0045] RESULTS OF CURRENT PERIOD
[SCENARIO 1][EXP 01][RUN 00][T=0045] ----------------------------
[SCENARIO 1][EXP 01][RUN 00][T=0045] Unemployment rate: 0.00%
[SCENARIO 1][EXP 01][RUN 00][T=0045] Inflation: 1.94%
[SCENARIO 1][EXP 01][RUN 00][T=0045] Price: 174.13
[SCENARIO 1][EXP 01][RUN 00][T=0045] Interest rate: 1.97%
[SCENARIO 1][EXP 01][RUN 00][T=0045] Production: 144.27
[SCENARIO 1][EXP 01][RUN 00][T=0045] Hired labour: 500.00
[SCENARIO 1][EXP 01][RUN 00][T=0045] Total cost: 18270.16
[SCENARIO 1][EXP 01][RUN 00][T=0045] Total revenue: 17757.38
[SCENARIO 1][EXP 01][RUN 00][T=0045] Total profit: -512.78
[SCENARIO 1][EXP 01][RUN 00][T=0045] Goods sold: 101.98
[SCENARIO 1][EXP 01][RUN 00][T=0045] Nominal wage rate: 36.54
[SCENARIO 1][EXP 01][RUN 00][T=0045] Real wage rate: 0.21
[SCENARIO 1][EXP 01][RUN 00][T=0045] ----------------------------
[SCENARIO 1][EXP 01][RUN 00][T=0045] Preparing next period.
[SCENARIO 1][EXP 01][RUN 00][T=0046] 
[SCENARIO 1][EXP 01][RUN 00][T=0046] SIMULATING CURRENT PERIOD
[SCENARIO 1][EXP 01][RUN 00][T=0046] 
[SCENARIO 1][EXP 01][RUN 00][T=0046] RESULTS OF CURRENT PERIOD
[SCENARIO 1][EXP 01][RUN 00][T=0046] ----------------------------
[SCENARIO 1][EXP 01][RUN 00][T=0046] Unemployment rate: 0.00%
[SCENARIO 1][EXP 01][RUN 00][T=0046] Inflation: 1.95%
[SCENARIO 1][EXP 01][RUN 00][T=0046] Price: 177.52
[SCENARIO 1][EXP 01][RUN 00][T=0046] Interest rate: 1.97%
[SCENARIO 1][EXP 01][RUN 00][T=0046] Production: 144.27
[SCENARIO 1][EXP 01][RUN 00][T=0046] Hired labour: 500.00
[SCENARIO 1][EXP 01][RUN 00][T=0046] Total cost: 18626.43
[SCENARIO 1][EXP 01][RUN 00][T=0046] Total revenue: 18117.91
[SCENARIO 1][EXP 01][RUN 00][T=0046] Total profit: -508.52
[SCENARIO 1][EXP 01][RUN 00][T=0046] Goods sold: 102.06
[SCENARIO 1][EXP 01][RUN 00][T=0046] Nominal wage rate: 37.25
[SCENARIO 1][EXP 01][RUN 00][T=0046] Real wage rate: 0.21
[SCENARIO 1][EXP 01][RUN 00][T=0046] ----------------------------
[SCENARIO 1][EXP 01][RUN 00][T=0046] Preparing next period.
[SCENARIO 1][EXP 01][RUN 00][T=0047] 
[SCENARIO 1][EXP 01][RUN 00][T=0047] SIMULATING CURRENT PERIOD
[SCENARIO 1][EXP 01][RUN 00][T=0047] 
[SCENARIO 1][EXP 01][RUN 00][T=0047] RESULTS OF CURRENT PERIOD
[SCENARIO 1][EXP 01][RUN 00][T=0047] ----------------------------
[SCENARIO 1][EXP 01][RUN 00][T=0047] Unemployment rate: 0.00%
[SCENARIO 1][EXP 01][RUN 00][T=0047] Inflation: 1.95%
[SCENARIO 1][EXP 01][RUN 00][T=0047] Price: 180.98
[SCENARIO 1][EXP 01][RUN 00][T=0047] Interest rate: 1.97%
[SCENARIO 1][EXP 01][RUN 00][T=0047] Production: 144.27
[SCENARIO 1][EXP 01][RUN 00][T=0047] Hired labour: 500.00
[SCENARIO 1][EXP 01][RUN 00][T=0047] Total cost: 18989.37
[SCENARIO 1][EXP 01][RUN 00][T=0047] Total revenue: 18480.12
[SCENARIO 1][EXP 01][RUN 00][T=0047] Total profit: -509.26
[SCENARIO 1][EXP 01][RUN 00][T=0047] Goods sold: 102.11
[SCENARIO 1][EXP 01][RUN 00][T=0047] Nominal wage rate: 37.98
[SCENARIO 1][EXP 01][RUN 00][T=0047] Real wage rate: 0.21
[SCENARIO 1][EXP 01][RUN 00][T=0047] ----------------------------
[SCENARIO 1][EXP 01][RUN 00][T=0047] Preparing next period.
[SCENARIO 1][EXP 01][RUN 00][T=0048] 
[SCENARIO 1][EXP 01][RUN 00][T=0048] SIMULATING CURRENT PERIOD
[SCENARIO 1][EXP 01][RUN 00][T=0048] 
[SCENARIO 1][EXP 01][RUN 00][T=0048] RESULTS OF CURRENT PERIOD
[SCENARIO 1][EXP 01][RUN 00][T=0048] ----------------------------
[SCENARIO 1][EXP 01][RUN 00][T=0048] Unemployment rate: 0.00%
[SCENARIO 1][EXP 01][RUN 00][T=0048] Inflation: 1.96%
[SCENARIO 1][EXP 01][RUN 00][T=0048] Price: 184.52
[SCENARIO 1][EXP 01][RUN 00][T=0048] Interest rate: 1.97%
[SCENARIO 1][EXP 01][RUN 00][T=0048] Production: 144.27
[SCENARIO 1][EXP 01][RUN 00][T=0048] Hired labour: 500.00
[SCENARIO 1][EXP 01][RUN 00][T=0048] Total cost: 19360.70
[SCENARIO 1][EXP 01][RUN 00][T=0048] Total revenue: 18847.51
[SCENARIO 1][EXP 01][RUN 00][T=0048] Total profit: -513.20
[SCENARIO 1][EXP 01][RUN 00][T=0048] Goods sold: 102.14
[SCENARIO 1][EXP 01][RUN 00][T=0048] Nominal wage rate: 38.72
[SCENARIO 1][EXP 01][RUN 00][T=0048] Real wage rate: 0.21
[SCENARIO 1][EXP 01][RUN 00][T=0048] ----------------------------
[SCENARIO 1][EXP 01][RUN 00][T=0048] Preparing next period.
[SCENARIO 1][EXP 01][RUN 00][T=0049] 
[SCENARIO 1][EXP 01][RUN 00][T=0049] SIMULATING CURRENT PERIOD
[SCENARIO 1][EXP 01][RUN 00][T=0049] 
[SCENARIO 1][EXP 01][RUN 00][T=0049] RESULTS OF CURRENT PERIOD
[SCENARIO 1][EXP 01][RUN 00][T=0049] ----------------------------
[SCENARIO 1][EXP 01][RUN 00][T=0049] Unemployment rate: 0.00%
[SCENARIO 1][EXP 01][RUN 00][T=0049] Inflation: 1.96%
[SCENARIO 1][EXP 01][RUN 00][T=0049] Price: 188.14
[SCENARIO 1][EXP 01][RUN 00][T=0049] Interest rate: 1.98%
[SCENARIO 1][EXP 01][RUN 00][T=0049] Production: 144.27
[SCENARIO 1][EXP 01][RUN 00][T=0049] Hired labour: 500.00
[SCENARIO 1][EXP 01][RUN 00][T=0049] Total cost: 19740.67
[SCENARIO 1][EXP 01][RUN 00][T=0049] Total revenue: 19221.14
[SCENARIO 1][EXP 01][RUN 00][T=0049] Total profit: -519.53
[SCENARIO 1][EXP 01][RUN 00][T=0049] Goods sold: 102.16
[SCENARIO 1][EXP 01][RUN 00][T=0049] Nominal wage rate: 39.48
[SCENARIO 1][EXP 01][RUN 00][T=0049] Real wage rate: 0.21
[SCENARIO 1][EXP 01][RUN 00][T=0049] ----------------------------
[SCENARIO 1][EXP 01][RUN 00][T=0049] Preparing next period.
[SCENARIO 1][EXP 01][RUN 00][T=0050] 
[SCENARIO 1][EXP 01][RUN 00][T=0050] SIMULATING CURRENT PERIOD
[SCENARIO 1][EXP 01][RUN 00][T=0050] 
[SCENARIO 1][EXP 01][RUN 00][T=0050] RESULTS OF CURRENT PERIOD
[SCENARIO 1][EXP 01][RUN 00][T=0050] ----------------------------
[SCENARIO 1][EXP 01][RUN 00][T=0050] Unemployment rate: 0.00%
[SCENARIO 1][EXP 01][RUN 00][T=0050] Inflation: 1.94%
[SCENARIO 1][EXP 01][RUN 00][T=0050] Price: 191.80
[SCENARIO 1][EXP 01][RUN 00][T=0050] Interest rate: 1.98%
[SCENARIO 1][EXP 01][RUN 00][T=0050] Production: 144.27
[SCENARIO 1][EXP 01][RUN 00][T=0050] Hired labour: 500.00
[SCENARIO 1][EXP 01][RUN 00][T=0050] Total cost: 20124.59
[SCENARIO 1][EXP 01][RUN 00][T=0050] Total revenue: 19597.81
[SCENARIO 1][EXP 01][RUN 00][T=0050] Total profit: -526.78
[SCENARIO 1][EXP 01][RUN 00][T=0050] Goods sold: 102.18
[SCENARIO 1][EXP 01][RUN 00][T=0050] Nominal wage rate: 40.25
[SCENARIO 1][EXP 01][RUN 00][T=0050] Real wage rate: 0.21
[SCENARIO 1][EXP 01][RUN 00][T=0050] ----------------------------
[SCENARIO 1][EXP 01][RUN 00][T=0050] Preparing next period.
[SCENARIO 1][EXP 01][RUN 00][T=0051] 
[SCENARIO 1][EXP 01][RUN 00][T=0051] SIMULATING CURRENT PERIOD
[SCENARIO 1][EXP 01][RUN 00][T=0051] 
[SCENARIO 1][EXP 01][RUN 00][T=0051] RESULTS OF CURRENT PERIOD
[SCENARIO 1][EXP 01][RUN 00][T=0051] ----------------------------
[SCENARIO 1][EXP 01][RUN 00][T=0051] Unemployment rate: 0.00%
[SCENARIO 1][EXP 01][RUN 00][T=0051] Inflation: 1.94%
[SCENARIO 1][EXP 01][RUN 00][T=0051] Price: 195.52
[SCENARIO 1][EXP 01][RUN 00][T=0051] Interest rate: 1.97%
[SCENARIO 1][EXP 01][RUN 00][T=0051] Production: 144.27
[SCENARIO 1][EXP 01][RUN 00][T=0051] Hired labour: 500.00
[SCENARIO 1][EXP 01][RUN 00][T=0051] Total cost: 20515.19
[SCENARIO 1][EXP 01][RUN 00][T=0051] Total revenue: 19982.69
[SCENARIO 1][EXP 01][RUN 00][T=0051] Total profit: -532.50
[SCENARIO 1][EXP 01][RUN 00][T=0051] Goods sold: 102.20
[SCENARIO 1][EXP 01][RUN 00][T=0051] Nominal wage rate: 41.03
[SCENARIO 1][EXP 01][RUN 00][T=0051] Real wage rate: 0.21
[SCENARIO 1][EXP 01][RUN 00][T=0051] ----------------------------
[SCENARIO 1][EXP 01][RUN 00][T=0051] Preparing next period.
[SCENARIO 1][EXP 01][RUN 00][T=0052] 
[SCENARIO 1][EXP 01][RUN 00][T=0052] SIMULATING CURRENT PERIOD
[SCENARIO 1][EXP 01][RUN 00][T=0052] 
[SCENARIO 1][EXP 01][RUN 00][T=0052] RESULTS OF CURRENT PERIOD
[SCENARIO 1][EXP 01][RUN 00][T=0052] ----------------------------
[SCENARIO 1][EXP 01][RUN 00][T=0052] Unemployment rate: 0.00%
[SCENARIO 1][EXP 01][RUN 00][T=0052] Inflation: 1.95%
[SCENARIO 1][EXP 01][RUN 00][T=0052] Price: 199.33
[SCENARIO 1][EXP 01][RUN 00][T=0052] Interest rate: 1.97%
[SCENARIO 1][EXP 01][RUN 00][T=0052] Production: 144.27
[SCENARIO 1][EXP 01][RUN 00][T=0052] Hired labour: 500.00
[SCENARIO 1][EXP 01][RUN 00][T=0052] Total cost: 20914.31
[SCENARIO 1][EXP 01][RUN 00][T=0052] Total revenue: 20377.81
[SCENARIO 1][EXP 01][RUN 00][T=0052] Total profit: -536.50
[SCENARIO 1][EXP 01][RUN 00][T=0052] Goods sold: 102.23
[SCENARIO 1][EXP 01][RUN 00][T=0052] Nominal wage rate: 41.83
[SCENARIO 1][EXP 01][RUN 00][T=0052] Real wage rate: 0.21
[SCENARIO 1][EXP 01][RUN 00][T=0052] ----------------------------
[SCENARIO 1][EXP 01][RUN 00][T=0052] Preparing next period.
[SCENARIO 1][EXP 01][RUN 00][T=0053] 
[SCENARIO 1][EXP 01][RUN 00][T=0053] SIMULATING CURRENT PERIOD
[SCENARIO 1][EXP 01][RUN 00][T=0053] 
[SCENARIO 1][EXP 01][RUN 00][T=0053] RESULTS OF CURRENT PERIOD
[SCENARIO 1][EXP 01][RUN 00][T=0053] ----------------------------
[SCENARIO 1][EXP 01][RUN 00][T=0053] Unemployment rate: 0.00%
[SCENARIO 1][EXP 01][RUN 00][T=0053] Inflation: 1.96%
[SCENARIO 1][EXP 01][RUN 00][T=0053] Price: 203.23
[SCENARIO 1][EXP 01][RUN 00][T=0053] Interest rate: 1.97%
[SCENARIO 1][EXP 01][RUN 00][T=0053] Production: 144.27
[SCENARIO 1][EXP 01][RUN 00][T=0053] Hired labour: 500.00
[SCENARIO 1][EXP 01][RUN 00][T=0053] Total cost: 21323.75
[SCENARIO 1][EXP 01][RUN 00][T=0053] Total revenue: 20785.16
[SCENARIO 1][EXP 01][RUN 00][T=0053] Total profit: -538.60
[SCENARIO 1][EXP 01][RUN 00][T=0053] Goods sold: 102.27
[SCENARIO 1][EXP 01][RUN 00][T=0053] Nominal wage rate: 42.65
[SCENARIO 1][EXP 01][RUN 00][T=0053] Real wage rate: 0.21
[SCENARIO 1][EXP 01][RUN 00][T=0053] ----------------------------
[SCENARIO 1][EXP 01][RUN 00][T=0053] Preparing next period.
[SCENARIO 1][EXP 01][RUN 00][T=0054] 
[SCENARIO 1][EXP 01][RUN 00][T=0054] SIMULATING CURRENT PERIOD
[SCENARIO 1][EXP 01][RUN 00][T=0054] 
[SCENARIO 1][EXP 01][RUN 00][T=0054] RESULTS OF CURRENT PERIOD
[SCENARIO 1][EXP 01][RUN 00][T=0054] ----------------------------
[SCENARIO 1][EXP 01][RUN 00][T=0054] Unemployment rate: 0.00%
[SCENARIO 1][EXP 01][RUN 00][T=0054] Inflation: 1.96%
[SCENARIO 1][EXP 01][RUN 00][T=0054] Price: 207.21
[SCENARIO 1][EXP 01][RUN 00][T=0054] Interest rate: 1.98%
[SCENARIO 1][EXP 01][RUN 00][T=0054] Production: 144.27
[SCENARIO 1][EXP 01][RUN 00][T=0054] Hired labour: 500.00
[SCENARIO 1][EXP 01][RUN 00][T=0054] Total cost: 21741.50
[SCENARIO 1][EXP 01][RUN 00][T=0054] Total revenue: 21202.55
[SCENARIO 1][EXP 01][RUN 00][T=0054] Total profit: -538.95
[SCENARIO 1][EXP 01][RUN 00][T=0054] Goods sold: 102.32
[SCENARIO 1][EXP 01][RUN 00][T=0054] Nominal wage rate: 43.48
[SCENARIO 1][EXP 01][RUN 00][T=0054] Real wage rate: 0.21
[SCENARIO 1][EXP 01][RUN 00][T=0054] ----------------------------
[SCENARIO 1][EXP 01][RUN 00][T=0054] Preparing next period.
[SCENARIO 1][EXP 01][RUN 00][T=0055] 
[SCENARIO 1][EXP 01][RUN 00][T=0055] SIMULATING CURRENT PERIOD
[SCENARIO 1][EXP 01][RUN 00][T=0055] 
[SCENARIO 1][EXP 01][RUN 00][T=0055] RESULTS OF CURRENT PERIOD
[SCENARIO 1][EXP 01][RUN 00][T=0055] ----------------------------
[SCENARIO 1][EXP 01][RUN 00][T=0055] Unemployment rate: 0.00%
[SCENARIO 1][EXP 01][RUN 00][T=0055] Inflation: 1.95%
[SCENARIO 1][EXP 01][RUN 00][T=0055] Price: 211.26
[SCENARIO 1][EXP 01][RUN 00][T=0055] Interest rate: 1.98%
[SCENARIO 1][EXP 01][RUN 00][T=0055] Production: 144.27
[SCENARIO 1][EXP 01][RUN 00][T=0055] Hired labour: 500.00
[SCENARIO 1][EXP 01][RUN 00][T=0055] Total cost: 22166.30
[SCENARIO 1][EXP 01][RUN 00][T=0055] Total revenue: 21629.34
[SCENARIO 1][EXP 01][RUN 00][T=0055] Total profit: -536.96
[SCENARIO 1][EXP 01][RUN 00][T=0055] Goods sold: 102.38
[SCENARIO 1][EXP 01][RUN 00][T=0055] Nominal wage rate: 44.33
[SCENARIO 1][EXP 01][RUN 00][T=0055] Real wage rate: 0.21
[SCENARIO 1][EXP 01][RUN 00][T=0055] ----------------------------
[SCENARIO 1][EXP 01][RUN 00][T=0055] Preparing next period.
[SCENARIO 1][EXP 01][RUN 00][T=0056] 
[SCENARIO 1][EXP 01][RUN 00][T=0056] SIMULATING CURRENT PERIOD
[SCENARIO 1][EXP 01][RUN 00][T=0056] 
[SCENARIO 1][EXP 01][RUN 00][T=0056] RESULTS OF CURRENT PERIOD
[SCENARIO 1][EXP 01][RUN 00][T=0056] ----------------------------
[SCENARIO 1][EXP 01][RUN 00][T=0056] Unemployment rate: 0.00%
[SCENARIO 1][EXP 01][RUN 00][T=0056] Inflation: 1.94%
[SCENARIO 1][EXP 01][RUN 00][T=0056] Price: 215.37
[SCENARIO 1][EXP 01][RUN 00][T=0056] Interest rate: 1.98%
[SCENARIO 1][EXP 01][RUN 00][T=0056] Production: 144.27
[SCENARIO 1][EXP 01][RUN 00][T=0056] Hired labour: 500.00
[SCENARIO 1][EXP 01][RUN 00][T=0056] Total cost: 22597.21
[SCENARIO 1][EXP 01][RUN 00][T=0056] Total revenue: 22064.74
[SCENARIO 1][EXP 01][RUN 00][T=0056] Total profit: -532.47
[SCENARIO 1][EXP 01][RUN 00][T=0056] Goods sold: 102.45
[SCENARIO 1][EXP 01][RUN 00][T=0056] Nominal wage rate: 45.19
[SCENARIO 1][EXP 01][RUN 00][T=0056] Real wage rate: 0.21
[SCENARIO 1][EXP 01][RUN 00][T=0056] ----------------------------
[SCENARIO 1][EXP 01][RUN 00][T=0056] Preparing next period.
[SCENARIO 1][EXP 01][RUN 00][T=0057] 
[SCENARIO 1][EXP 01][RUN 00][T=0057] SIMULATING CURRENT PERIOD
[SCENARIO 1][EXP 01][RUN 00][T=0057] 
[SCENARIO 1][EXP 01][RUN 00][T=0057] RESULTS OF CURRENT PERIOD
[SCENARIO 1][EXP 01][RUN 00][T=0057] ----------------------------
[SCENARIO 1][EXP 01][RUN 00][T=0057] Unemployment rate: 0.00%
[SCENARIO 1][EXP 01][RUN 00][T=0057] Inflation: 1.95%
[SCENARIO 1][EXP 01][RUN 00][T=0057] Price: 219.56
[SCENARIO 1][EXP 01][RUN 00][T=0057] Interest rate: 1.97%
[SCENARIO 1][EXP 01][RUN 00][T=0057] Production: 144.27
[SCENARIO 1][EXP 01][RUN 00][T=0057] Hired labour: 500.00
[SCENARIO 1][EXP 01][RUN 00][T=0057] Total cost: 23037.44
[SCENARIO 1][EXP 01][RUN 00][T=0057] Total revenue: 22511.64
[SCENARIO 1][EXP 01][RUN 00][T=0057] Total profit: -525.81
[SCENARIO 1][EXP 01][RUN 00][T=0057] Goods sold: 102.53
[SCENARIO 1][EXP 01][RUN 00][T=0057] Nominal wage rate: 46.07
[SCENARIO 1][EXP 01][RUN 00][T=0057] Real wage rate: 0.21
[SCENARIO 1][EXP 01][RUN 00][T=0057] ----------------------------
[SCENARIO 1][EXP 01][RUN 00][T=0057] Preparing next period.
[SCENARIO 1][EXP 01][RUN 00][T=0058] 
[SCENARIO 1][EXP 01][RUN 00][T=0058] SIMULATING CURRENT PERIOD
[SCENARIO 1][EXP 01][RUN 00][T=0058] 
[SCENARIO 1][EXP 01][RUN 00][T=0058] RESULTS OF CURRENT PERIOD
[SCENARIO 1][EXP 01][RUN 00][T=0058] ----------------------------
[SCENARIO 1][EXP 01][RUN 00][T=0058] Unemployment rate: 0.00%
[SCENARIO 1][EXP 01][RUN 00][T=0058] Inflation: 1.94%
[SCENARIO 1][EXP 01][RUN 00][T=0058] Price: 223.83
[SCENARIO 1][EXP 01][RUN 00][T=0058] Interest rate: 1.97%
[SCENARIO 1][EXP 01][RUN 00][T=0058] Production: 144.27
[SCENARIO 1][EXP 01][RUN 00][T=0058] Hired labour: 500.00
[SCENARIO 1][EXP 01][RUN 00][T=0058] Total cost: 23484.76
[SCENARIO 1][EXP 01][RUN 00][T=0058] Total revenue: 22966.32
[SCENARIO 1][EXP 01][RUN 00][T=0058] Total profit: -518.44
[SCENARIO 1][EXP 01][RUN 00][T=0058] Goods sold: 102.61
[SCENARIO 1][EXP 01][RUN 00][T=0058] Nominal wage rate: 46.97
[SCENARIO 1][EXP 01][RUN 00][T=0058] Real wage rate: 0.21
[SCENARIO 1][EXP 01][RUN 00][T=0058] ----------------------------
[SCENARIO 1][EXP 01][RUN 00][T=0058] Preparing next period.
[SCENARIO 1][EXP 01][RUN 00][T=0059] 
[SCENARIO 1][EXP 01][RUN 00][T=0059] SIMULATING CURRENT PERIOD
[SCENARIO 1][EXP 01][RUN 00][T=0059] 
[SCENARIO 1][EXP 01][RUN 00][T=0059] RESULTS OF CURRENT PERIOD
[SCENARIO 1][EXP 01][RUN 00][T=0059] ----------------------------
[SCENARIO 1][EXP 01][RUN 00][T=0059] Unemployment rate: 0.00%
[SCENARIO 1][EXP 01][RUN 00][T=0059] Inflation: 1.93%
[SCENARIO 1][EXP 01][RUN 00][T=0059] Price: 228.16
[SCENARIO 1][EXP 01][RUN 00][T=0059] Interest rate: 1.97%
[SCENARIO 1][EXP 01][RUN 00][T=0059] Production: 144.27
[SCENARIO 1][EXP 01][RUN 00][T=0059] Hired labour: 500.00
[SCENARIO 1][EXP 01][RUN 00][T=0059] Total cost: 23939.11
[SCENARIO 1][EXP 01][RUN 00][T=0059] Total revenue: 23428.76
[SCENARIO 1][EXP 01][RUN 00][T=0059] Total profit: -510.35
[SCENARIO 1][EXP 01][RUN 00][T=0059] Goods sold: 102.69
[SCENARIO 1][EXP 01][RUN 00][T=0059] Nominal wage rate: 47.88
[SCENARIO 1][EXP 01][RUN 00][T=0059] Real wage rate: 0.21
[SCENARIO 1][EXP 01][RUN 00][T=0059] ----------------------------
[SCENARIO 1][EXP 01][RUN 00][T=0059] Preparing next period.
[SCENARIO 1][EXP 01][RUN 00][T=0060] 
[SCENARIO 1][EXP 01][RUN 00][T=0060] SIMULATING CURRENT PERIOD
[SCENARIO 1][EXP 01][RUN 00][T=0060] 
[SCENARIO 1][EXP 01][RUN 00][T=0060] RESULTS OF CURRENT PERIOD
[SCENARIO 1][EXP 01][RUN 00][T=0060] ----------------------------
[SCENARIO 1][EXP 01][RUN 00][T=0060] Unemployment rate: 0.00%
[SCENARIO 1][EXP 01][RUN 00][T=0060] Inflation: 1.92%
[SCENARIO 1][EXP 01][RUN 00][T=0060] Price: 232.54
[SCENARIO 1][EXP 01][RUN 00][T=0060] Interest rate: 1.97%
[SCENARIO 1][EXP 01][RUN 00][T=0060] Production: 144.27
[SCENARIO 1][EXP 01][RUN 00][T=0060] Hired labour: 500.00
[SCENARIO 1][EXP 01][RUN 00][T=0060] Total cost: 24398.61
[SCENARIO 1][EXP 01][RUN 00][T=0060] Total revenue: 23896.52
[SCENARIO 1][EXP 01][RUN 00][T=0060] Total profit: -502.10
[SCENARIO 1][EXP 01][RUN 00][T=0060] Goods sold: 102.76
[SCENARIO 1][EXP 01][RUN 00][T=0060] Nominal wage rate: 48.80
[SCENARIO 1][EXP 01][RUN 00][T=0060] Real wage rate: 0.21
[SCENARIO 1][EXP 01][RUN 00][T=0060] ----------------------------
[SCENARIO 1][EXP 01][RUN 00][T=0060] Preparing next period.
[SCENARIO 1][EXP 01][RUN 00][T=0061] 
[SCENARIO 1][EXP 01][RUN 00][T=0061] SIMULATING CURRENT PERIOD
[SCENARIO 1][EXP 01][RUN 00][T=0061] 
[SCENARIO 1][EXP 01][RUN 00][T=0061] RESULTS OF CURRENT PERIOD
[SCENARIO 1][EXP 01][RUN 00][T=0061] ----------------------------
[SCENARIO 1][EXP 01][RUN 00][T=0061] Unemployment rate: 0.00%
[SCENARIO 1][EXP 01][RUN 00][T=0061] Inflation: 1.92%
[SCENARIO 1][EXP 01][RUN 00][T=0061] Price: 237.00
[SCENARIO 1][EXP 01][RUN 00][T=0061] Interest rate: 1.96%
[SCENARIO 1][EXP 01][RUN 00][T=0061] Production: 144.27
[SCENARIO 1][EXP 01][RUN 00][T=0061] Hired labour: 500.00
[SCENARIO 1][EXP 01][RUN 00][T=0061] Total cost: 24866.66
[SCENARIO 1][EXP 01][RUN 00][T=0061] Total revenue: 24372.91
[SCENARIO 1][EXP 01][RUN 00][T=0061] Total profit: -493.76
[SCENARIO 1][EXP 01][RUN 00][T=0061] Goods sold: 102.84
[SCENARIO 1][EXP 01][RUN 00][T=0061] Nominal wage rate: 49.73
[SCENARIO 1][EXP 01][RUN 00][T=0061] Real wage rate: 0.21
[SCENARIO 1][EXP 01][RUN 00][T=0061] ----------------------------
[SCENARIO 1][EXP 01][RUN 00][T=0061] Preparing next period.
[SCENARIO 1][EXP 01][RUN 00][T=0062] 
[SCENARIO 1][EXP 01][RUN 00][T=0062] SIMULATING CURRENT PERIOD
[SCENARIO 1][EXP 01][RUN 00][T=0062] 
[SCENARIO 1][EXP 01][RUN 00][T=0062] RESULTS OF CURRENT PERIOD
[SCENARIO 1][EXP 01][RUN 00][T=0062] ----------------------------
[SCENARIO 1][EXP 01][RUN 00][T=0062] Unemployment rate: 0.00%
[SCENARIO 1][EXP 01][RUN 00][T=0062] Inflation: 1.91%
[SCENARIO 1][EXP 01][RUN 00][T=0062] Price: 241.53
[SCENARIO 1][EXP 01][RUN 00][T=0062] Interest rate: 1.96%
[SCENARIO 1][EXP 01][RUN 00][T=0062] Production: 144.27
[SCENARIO 1][EXP 01][RUN 00][T=0062] Hired labour: 500.00
[SCENARIO 1][EXP 01][RUN 00][T=0062] Total cost: 25342.48
[SCENARIO 1][EXP 01][RUN 00][T=0062] Total revenue: 24855.96
[SCENARIO 1][EXP 01][RUN 00][T=0062] Total profit: -486.52
[SCENARIO 1][EXP 01][RUN 00][T=0062] Goods sold: 102.91
[SCENARIO 1][EXP 01][RUN 00][T=0062] Nominal wage rate: 50.68
[SCENARIO 1][EXP 01][RUN 00][T=0062] Real wage rate: 0.21
[SCENARIO 1][EXP 01][RUN 00][T=0062] ----------------------------
[SCENARIO 1][EXP 01][RUN 00][T=0062] Preparing next period.
[SCENARIO 1][EXP 01][RUN 00][T=0063] 
[SCENARIO 1][EXP 01][RUN 00][T=0063] SIMULATING CURRENT PERIOD
[SCENARIO 1][EXP 01][RUN 00][T=0063] 
[SCENARIO 1][EXP 01][RUN 00][T=0063] RESULTS OF CURRENT PERIOD
[SCENARIO 1][EXP 01][RUN 00][T=0063] ----------------------------
[SCENARIO 1][EXP 01][RUN 00][T=0063] Unemployment rate: 0.00%
[SCENARIO 1][EXP 01][RUN 00][T=0063] Inflation: 1.90%
[SCENARIO 1][EXP 01][RUN 00][T=0063] Price: 246.13
[SCENARIO 1][EXP 01][RUN 00][T=0063] Interest rate: 1.96%
[SCENARIO 1][EXP 01][RUN 00][T=0063] Production: 144.27
[SCENARIO 1][EXP 01][RUN 00][T=0063] Hired labour: 500.00
[SCENARIO 1][EXP 01][RUN 00][T=0063] Total cost: 25824.64
[SCENARIO 1][EXP 01][RUN 00][T=0063] Total revenue: 25344.29
[SCENARIO 1][EXP 01][RUN 00][T=0063] Total profit: -480.35
[SCENARIO 1][EXP 01][RUN 00][T=0063] Goods sold: 102.97
[SCENARIO 1][EXP 01][RUN 00][T=0063] Nominal wage rate: 51.65
[SCENARIO 1][EXP 01][RUN 00][T=0063] Real wage rate: 0.21
[SCENARIO 1][EXP 01][RUN 00][T=0063] ----------------------------
[SCENARIO 1][EXP 01][RUN 00][T=0063] Preparing next period.
[SCENARIO 1][EXP 01][RUN 00][T=0064] 
[SCENARIO 1][EXP 01][RUN 00][T=0064] SIMULATING CURRENT PERIOD
[SCENARIO 1][EXP 01][RUN 00][T=0064] 
[SCENARIO 1][EXP 01][RUN 00][T=0064] RESULTS OF CURRENT PERIOD
[SCENARIO 1][EXP 01][RUN 00][T=0064] ----------------------------
[SCENARIO 1][EXP 01][RUN 00][T=0064] Unemployment rate: 0.00%
[SCENARIO 1][EXP 01][RUN 00][T=0064] Inflation: 1.90%
[SCENARIO 1][EXP 01][RUN 00][T=0064] Price: 250.81
[SCENARIO 1][EXP 01][RUN 00][T=0064] Interest rate: 1.95%
[SCENARIO 1][EXP 01][RUN 00][T=0064] Production: 144.27
[SCENARIO 1][EXP 01][RUN 00][T=0064] Hired labour: 500.00
[SCENARIO 1][EXP 01][RUN 00][T=0064] Total cost: 26315.67
[SCENARIO 1][EXP 01][RUN 00][T=0064] Total revenue: 25840.79
[SCENARIO 1][EXP 01][RUN 00][T=0064] Total profit: -474.89
[SCENARIO 1][EXP 01][RUN 00][T=0064] Goods sold: 103.03
[SCENARIO 1][EXP 01][RUN 00][T=0064] Nominal wage rate: 52.63
[SCENARIO 1][EXP 01][RUN 00][T=0064] Real wage rate: 0.21
[SCENARIO 1][EXP 01][RUN 00][T=0064] ----------------------------
[SCENARIO 1][EXP 01][RUN 00][T=0064] Preparing next period.
[SCENARIO 1][EXP 01][RUN 00][T=0065] 
[SCENARIO 1][EXP 01][RUN 00][T=0065] SIMULATING CURRENT PERIOD
[SCENARIO 1][EXP 01][RUN 00][T=0065] 
[SCENARIO 1][EXP 01][RUN 00][T=0065] RESULTS OF CURRENT PERIOD
[SCENARIO 1][EXP 01][RUN 00][T=0065] ----------------------------
[SCENARIO 1][EXP 01][RUN 00][T=0065] Unemployment rate: 0.00%
[SCENARIO 1][EXP 01][RUN 00][T=0065] Inflation: 1.90%
[SCENARIO 1][EXP 01][RUN 00][T=0065] Price: 255.57
[SCENARIO 1][EXP 01][RUN 00][T=0065] Interest rate: 1.95%
[SCENARIO 1][EXP 01][RUN 00][T=0065] Production: 144.27
[SCENARIO 1][EXP 01][RUN 00][T=0065] Hired labour: 500.00
[SCENARIO 1][EXP 01][RUN 00][T=0065] Total cost: 26814.94
[SCENARIO 1][EXP 01][RUN 00][T=0065] Total revenue: 26344.28
[SCENARIO 1][EXP 01][RUN 00][T=0065] Total profit: -470.66
[SCENARIO 1][EXP 01][RUN 00][T=0065] Goods sold: 103.08
[SCENARIO 1][EXP 01][RUN 00][T=0065] Nominal wage rate: 53.63
[SCENARIO 1][EXP 01][RUN 00][T=0065] Real wage rate: 0.21
[SCENARIO 1][EXP 01][RUN 00][T=0065] ----------------------------
[SCENARIO 1][EXP 01][RUN 00][T=0065] Preparing next period.
[SCENARIO 1][EXP 01][RUN 00][T=0066] 
[SCENARIO 1][EXP 01][RUN 00][T=0066] SIMULATING CURRENT PERIOD
