AllHouseholdsSameExpectation: True
Alpha: 0.2
Chi: 1
Epsilon: 0.01
IndexationStrategySD: 0.18
InflationTarget: 0.02
InitialLabourDemand: 10
InitialMeanIndexationStrategy: 1
InitialMeanSubstitutionStrategy: 0.5
InitialPriceLevel: 1
InitialReservationWageRange: [10, 20]
InnelasticLabourSupply: 1
MaxConsumptionShare: 1.5
MinConsumptionShare: 0.5
Mu: 0.1
NaturalInterestRate: 0
NaturalUnemploymentRate: 0
NoiseInflationTargetPerceptionSD: 0
NumberOfHouseholds: 500
Periods: 800
Phi_inflation: 0.5
Phi_unemployment: 0.9
ProbImitation: 0.1
ProbMutation: 0.05
Ro: 0.9
SubstitutionStrategySD: 0.33
TechnologyFactor: 1

Starting run 0. Scenario 1. Experiment 1
[SCENARIO 1][EXP 01][RUN 00][T=0000] 
[SCENARIO 1][EXP 01][RUN 00][T=0000] SIMULATING CURRENT PERIOD
[SCENARIO 1][EXP 01][RUN 00][T=0000] 
[SCENARIO 1][EXP 01][RUN 00][T=0000] RESULTS OF CURRENT PERIOD
[SCENARIO 1][EXP 01][RUN 00][T=0000] ----------------------------
[SCENARIO 1][EXP 01][RUN 00][T=0000] Unemployment rate: 98.00%
[SCENARIO 1][EXP 01][RUN 00][T=0000] Inflation: 0.00%
[SCENARIO 1][EXP 01][RUN 00][T=0000] Price: 21.79
[SCENARIO 1][EXP 01][RUN 00][T=0000] Interest rate: 1.00%
[SCENARIO 1][EXP 01][RUN 00][T=0000] Production: 6.31
[SCENARIO 1][EXP 01][RUN 00][T=0000] Hired labour: 10.00
[SCENARIO 1][EXP 01][RUN 00][T=0000] Total cost: 100.00
[SCENARIO 1][EXP 01][RUN 00][T=0000] Total revenue: 50.00
[SCENARIO 1][EXP 01][RUN 00][T=0000] Total profit: -50.00
[SCENARIO 1][EXP 01][RUN 00][T=0000] Goods sold: 2.29
[SCENARIO 1][EXP 01][RUN 00][T=0000] Nominal wage rate: 10.00
[SCENARIO 1][EXP 01][RUN 00][T=0000] Real wage rate: 0.46
[SCENARIO 1][EXP 01][RUN 00][T=0000] ----------------------------
[SCENARIO 1][EXP 01][RUN 00][T=0000] Preparing next period.
[SCENARIO 1][EXP 01][RUN 00][T=0001] 
[SCENARIO 1][EXP 01][RUN 00][T=0001] SIMULATING CURRENT PERIOD
[SCENARIO 1][EXP 01][RUN 00][T=0001] 
[SCENARIO 1][EXP 01][RUN 00][T=0001] RESULTS OF CURRENT PERIOD
[SCENARIO 1][EXP 01][RUN 00][T=0001] ----------------------------
[SCENARIO 1][EXP 01][RUN 00][T=0001] Unemployment rate: 98.02%
[SCENARIO 1][EXP 01][RUN 00][T=0001] Inflation: 1.32%
[SCENARIO 1][EXP 01][RUN 00][T=0001] Price: 22.08
[SCENARIO 1][EXP 01][RUN 00][T=0001] Interest rate: -45.39%
[SCENARIO 1][EXP 01][RUN 00][T=0001] Production: 6.26
[SCENARIO 1][EXP 01][RUN 00][T=0001] Hired labour: 9.90
[SCENARIO 1][EXP 01][RUN 00][T=0001] Total cost: 100.51
[SCENARIO 1][EXP 01][RUN 00][T=0001] Total revenue: 12.19
[SCENARIO 1][EXP 01][RUN 00][T=0001] Total profit: -88.32
[SCENARIO 1][EXP 01][RUN 00][T=0001] Goods sold: 0.55
[SCENARIO 1][EXP 01][RUN 00][T=0001] Nominal wage rate: 10.15
[SCENARIO 1][EXP 01][RUN 00][T=0001] Real wage rate: 0.46
[SCENARIO 1][EXP 01][RUN 00][T=0001] ----------------------------
[SCENARIO 1][EXP 01][RUN 00][T=0001] Preparing next period.
[SCENARIO 1][EXP 01][RUN 00][T=0002] 
[SCENARIO 1][EXP 01][RUN 00][T=0002] SIMULATING CURRENT PERIOD
[SCENARIO 1][EXP 01][RUN 00][T=0002] 
[SCENARIO 1][EXP 01][RUN 00][T=0002] RESULTS OF CURRENT PERIOD
[SCENARIO 1][EXP 01][RUN 00][T=0002] ----------------------------
[SCENARIO 1][EXP 01][RUN 00][T=0002] Unemployment rate: 98.04%
[SCENARIO 1][EXP 01][RUN 00][T=0002] Inflation: 1.30%
[SCENARIO 1][EXP 01][RUN 00][T=0002] Price: 22.37
[SCENARIO 1][EXP 01][RUN 00][T=0002] Interest rate: -45.03%
[SCENARIO 1][EXP 01][RUN 00][T=0002] Production: 6.21
[SCENARIO 1][EXP 01][RUN 00][T=0002] Hired labour: 9.80
[SCENARIO 1][EXP 01][RUN 00][T=0002] Total cost: 101.00
[SCENARIO 1][EXP 01][RUN 00][T=0002] Total revenue: 19.59
[SCENARIO 1][EXP 01][RUN 00][T=0002] Total profit: -81.41
[SCENARIO 1][EXP 01][RUN 00][T=0002] Goods sold: 0.88
[SCENARIO 1][EXP 01][RUN 00][T=0002] Nominal wage rate: 10.30
[SCENARIO 1][EXP 01][RUN 00][T=0002] Real wage rate: 0.46
[SCENARIO 1][EXP 01][RUN 00][T=0002] ----------------------------
[SCENARIO 1][EXP 01][RUN 00][T=0002] Preparing next period.
[SCENARIO 1][EXP 01][RUN 00][T=0003] 
[SCENARIO 1][EXP 01][RUN 00][T=0003] SIMULATING CURRENT PERIOD
[SCENARIO 1][EXP 01][RUN 00][T=0003] 
[SCENARIO 1][EXP 01][RUN 00][T=0003] RESULTS OF CURRENT PERIOD
[SCENARIO 1][EXP 01][RUN 00][T=0003] ----------------------------
[SCENARIO 1][EXP 01][RUN 00][T=0003] Unemployment rate: 98.06%
[SCENARIO 1][EXP 01][RUN 00][T=0003] Inflation: 1.31%
[SCENARIO 1][EXP 01][RUN 00][T=0003] Price: 22.66
[SCENARIO 1][EXP 01][RUN 00][T=0003] Interest rate: -45.04%
[SCENARIO 1][EXP 01][RUN 00][T=0003] Production: 6.16
[SCENARIO 1][EXP 01][RUN 00][T=0003] Hired labour: 9.70
[SCENARIO 1][EXP 01][RUN 00][T=0003] Total cost: 101.50
[SCENARIO 1][EXP 01][RUN 00][T=0003] Total revenue: 26.70
[SCENARIO 1][EXP 01][RUN 00][T=0003] Total profit: -74.80
[SCENARIO 1][EXP 01][RUN 00][T=0003] Goods sold: 1.18
[SCENARIO 1][EXP 01][RUN 00][T=0003] Nominal wage rate: 10.46
[SCENARIO 1][EXP 01][RUN 00][T=0003] Real wage rate: 0.46
[SCENARIO 1][EXP 01][RUN 00][T=0003] ----------------------------
[SCENARIO 1][EXP 01][RUN 00][T=0003] Preparing next period.
[SCENARIO 1][EXP 01][RUN 00][T=0004] 
[SCENARIO 1][EXP 01][RUN 00][T=0004] SIMULATING CURRENT PERIOD
[SCENARIO 1][EXP 01][RUN 00][T=0004] 
[SCENARIO 1][EXP 01][RUN 00][T=0004] RESULTS OF CURRENT PERIOD
[SCENARIO 1][EXP 01][RUN 00][T=0004] ----------------------------
[SCENARIO 1][EXP 01][RUN 00][T=0004] Unemployment rate: 98.08%
[SCENARIO 1][EXP 01][RUN 00][T=0004] Inflation: 1.46%
[SCENARIO 1][EXP 01][RUN 00][T=0004] Price: 22.99
[SCENARIO 1][EXP 01][RUN 00][T=0004] Interest rate: -45.04%
[SCENARIO 1][EXP 01][RUN 00][T=0004] Production: 6.11
[SCENARIO 1][EXP 01][RUN 00][T=0004] Hired labour: 9.61
[SCENARIO 1][EXP 01][RUN 00][T=0004] Total cost: 102.16
[SCENARIO 1][EXP 01][RUN 00][T=0004] Total revenue: 33.50
[SCENARIO 1][EXP 01][RUN 00][T=0004] Total profit: -68.66
[SCENARIO 1][EXP 01][RUN 00][T=0004] Goods sold: 1.46
[SCENARIO 1][EXP 01][RUN 00][T=0004] Nominal wage rate: 10.63
[SCENARIO 1][EXP 01][RUN 00][T=0004] Real wage rate: 0.46
[SCENARIO 1][EXP 01][RUN 00][T=0004] ----------------------------
[SCENARIO 1][EXP 01][RUN 00][T=0004] Preparing next period.
[SCENARIO 1][EXP 01][RUN 00][T=0005] 
[SCENARIO 1][EXP 01][RUN 00][T=0005] SIMULATING CURRENT PERIOD
[SCENARIO 1][EXP 01][RUN 00][T=0005] 
[SCENARIO 1][EXP 01][RUN 00][T=0005] RESULTS OF CURRENT PERIOD
[SCENARIO 1][EXP 01][RUN 00][T=0005] ----------------------------
[SCENARIO 1][EXP 01][RUN 00][T=0005] Unemployment rate: 98.10%
[SCENARIO 1][EXP 01][RUN 00][T=0005] Inflation: 1.33%
[SCENARIO 1][EXP 01][RUN 00][T=0005] Price: 23.30
[SCENARIO 1][EXP 01][RUN 00][T=0005] Interest rate: -45.01%
[SCENARIO 1][EXP 01][RUN 00][T=0005] Production: 6.06
[SCENARIO 1][EXP 01][RUN 00][T=0005] Hired labour: 9.51
[SCENARIO 1][EXP 01][RUN 00][T=0005] Total cost: 102.69
[SCENARIO 1][EXP 01][RUN 00][T=0005] Total revenue: 43.17
[SCENARIO 1][EXP 01][RUN 00][T=0005] Total profit: -59.51
[SCENARIO 1][EXP 01][RUN 00][T=0005] Goods sold: 1.85
[SCENARIO 1][EXP 01][RUN 00][T=0005] Nominal wage rate: 10.80
[SCENARIO 1][EXP 01][RUN 00][T=0005] Real wage rate: 0.46
[SCENARIO 1][EXP 01][RUN 00][T=0005] ----------------------------
[SCENARIO 1][EXP 01][RUN 00][T=0005] Preparing next period.
[SCENARIO 1][EXP 01][RUN 00][T=0006] 
[SCENARIO 1][EXP 01][RUN 00][T=0006] SIMULATING CURRENT PERIOD
[SCENARIO 1][EXP 01][RUN 00][T=0006] 
[SCENARIO 1][EXP 01][RUN 00][T=0006] RESULTS OF CURRENT PERIOD
[SCENARIO 1][EXP 01][RUN 00][T=0006] ----------------------------
[SCENARIO 1][EXP 01][RUN 00][T=0006] Unemployment rate: 98.12%
[SCENARIO 1][EXP 01][RUN 00][T=0006] Inflation: 1.30%
[SCENARIO 1][EXP 01][RUN 00][T=0006] Price: 23.60
[SCENARIO 1][EXP 01][RUN 00][T=0006] Interest rate: -45.05%
[SCENARIO 1][EXP 01][RUN 00][T=0006] Production: 6.01
[SCENARIO 1][EXP 01][RUN 00][T=0006] Hired labour: 9.41
[SCENARIO 1][EXP 01][RUN 00][T=0006] Total cost: 103.19
[SCENARIO 1][EXP 01][RUN 00][T=0006] Total revenue: 141.88
[SCENARIO 1][EXP 01][RUN 00][T=0006] Total profit: 38.69
[SCENARIO 1][EXP 01][RUN 00][T=0006] Goods sold: 6.01
[SCENARIO 1][EXP 01][RUN 00][T=0006] Nominal wage rate: 10.96
[SCENARIO 1][EXP 01][RUN 00][T=0006] Real wage rate: 0.46
[SCENARIO 1][EXP 01][RUN 00][T=0006] ----------------------------
[SCENARIO 1][EXP 01][RUN 00][T=0006] Preparing next period.
[SCENARIO 1][EXP 01][RUN 00][T=0007] 
[SCENARIO 1][EXP 01][RUN 00][T=0007] SIMULATING CURRENT PERIOD
[SCENARIO 1][EXP 01][RUN 00][T=0007] 
[SCENARIO 1][EXP 01][RUN 00][T=0007] RESULTS OF CURRENT PERIOD
[SCENARIO 1][EXP 01][RUN 00][T=0007] ----------------------------
[SCENARIO 1][EXP 01][RUN 00][T=0007] Unemployment rate: 98.10%
[SCENARIO 1][EXP 01][RUN 00][T=0007] Inflation: 1.70%
[SCENARIO 1][EXP 01][RUN 00][T=0007] Price: 24.00
[SCENARIO 1][EXP 01][RUN 00][T=0007] Interest rate: -45.06%
[SCENARIO 1][EXP 01][RUN 00][T=0007] Production: 6.06
[SCENARIO 1][EXP 01][RUN 00][T=0007] Hired labour: 9.51
[SCENARIO 1][EXP 01][RUN 00][T=0007] Total cost: 105.78
[SCENARIO 1][EXP 01][RUN 00][T=0007] Total revenue: 145.45
[SCENARIO 1][EXP 01][RUN 00][T=0007] Total profit: 39.67
[SCENARIO 1][EXP 01][RUN 00][T=0007] Goods sold: 6.06
[SCENARIO 1][EXP 01][RUN 00][T=0007] Nominal wage rate: 11.12
[SCENARIO 1][EXP 01][RUN 00][T=0007] Real wage rate: 0.46
[SCENARIO 1][EXP 01][RUN 00][T=0007] ----------------------------
[SCENARIO 1][EXP 01][RUN 00][T=0007] Preparing next period.
[SCENARIO 1][EXP 01][RUN 00][T=0008] 
[SCENARIO 1][EXP 01][RUN 00][T=0008] SIMULATING CURRENT PERIOD
[SCENARIO 1][EXP 01][RUN 00][T=0008] 
[SCENARIO 1][EXP 01][RUN 00][T=0008] RESULTS OF CURRENT PERIOD
[SCENARIO 1][EXP 01][RUN 00][T=0008] ----------------------------
[SCENARIO 1][EXP 01][RUN 00][T=0008] Unemployment rate: 98.08%
[SCENARIO 1][EXP 01][RUN 00][T=0008] Inflation: 1.72%
[SCENARIO 1][EXP 01][RUN 00][T=0008] Price: 24.41
[SCENARIO 1][EXP 01][RUN 00][T=0008] Interest rate: -44.95%
[SCENARIO 1][EXP 01][RUN 00][T=0008] Production: 6.11
[SCENARIO 1][EXP 01][RUN 00][T=0008] Hired labour: 9.60
[SCENARIO 1][EXP 01][RUN 00][T=0008] Total cost: 108.46
[SCENARIO 1][EXP 01][RUN 00][T=0008] Total revenue: 149.13
[SCENARIO 1][EXP 01][RUN 00][T=0008] Total profit: 40.67
[SCENARIO 1][EXP 01][RUN 00][T=0008] Goods sold: 6.11
[SCENARIO 1][EXP 01][RUN 00][T=0008] Nominal wage rate: 11.29
[SCENARIO 1][EXP 01][RUN 00][T=0008] Real wage rate: 0.46
[SCENARIO 1][EXP 01][RUN 00][T=0008] ----------------------------
[SCENARIO 1][EXP 01][RUN 00][T=0008] Preparing next period.
[SCENARIO 1][EXP 01][RUN 00][T=0009] 
[SCENARIO 1][EXP 01][RUN 00][T=0009] SIMULATING CURRENT PERIOD
[SCENARIO 1][EXP 01][RUN 00][T=0009] 
[SCENARIO 1][EXP 01][RUN 00][T=0009] RESULTS OF CURRENT PERIOD
[SCENARIO 1][EXP 01][RUN 00][T=0009] ----------------------------
[SCENARIO 1][EXP 01][RUN 00][T=0009] Unemployment rate: 98.06%
[SCENARIO 1][EXP 01][RUN 00][T=0009] Inflation: 1.66%
[SCENARIO 1][EXP 01][RUN 00][T=0009] Price: 24.82
[SCENARIO 1][EXP 01][RUN 00][T=0009] Interest rate: -44.94%
[SCENARIO 1][EXP 01][RUN 00][T=0009] Production: 6.16
[SCENARIO 1][EXP 01][RUN 00][T=0009] Hired labour: 9.70
[SCENARIO 1][EXP 01][RUN 00][T=0009] Total cost: 111.14
[SCENARIO 1][EXP 01][RUN 00][T=0009] Total revenue: 152.82
[SCENARIO 1][EXP 01][RUN 00][T=0009] Total profit: 41.68
[SCENARIO 1][EXP 01][RUN 00][T=0009] Goods sold: 6.16
[SCENARIO 1][EXP 01][RUN 00][T=0009] Nominal wage rate: 11.46
[SCENARIO 1][EXP 01][RUN 00][T=0009] Real wage rate: 0.46
[SCENARIO 1][EXP 01][RUN 00][T=0009] ----------------------------
[SCENARIO 1][EXP 01][RUN 00][T=0009] Preparing next period.
[SCENARIO 1][EXP 01][RUN 00][T=0010] 
[SCENARIO 1][EXP 01][RUN 00][T=0010] SIMULATING CURRENT PERIOD
[SCENARIO 1][EXP 01][RUN 00][T=0010] 
[SCENARIO 1][EXP 01][RUN 00][T=0010] RESULTS OF CURRENT PERIOD
[SCENARIO 1][EXP 01][RUN 00][T=0010] ----------------------------
[SCENARIO 1][EXP 01][RUN 00][T=0010] Unemployment rate: 98.04%
[SCENARIO 1][EXP 01][RUN 00][T=0010] Inflation: 1.73%
[SCENARIO 1][EXP 01][RUN 00][T=0010] Price: 25.25
[SCENARIO 1][EXP 01][RUN 00][T=0010] Interest rate: -44.95%
[SCENARIO 1][EXP 01][RUN 00][T=0010] Production: 6.21
[SCENARIO 1][EXP 01][RUN 00][T=0010] Hired labour: 9.80
[SCENARIO 1][EXP 01][RUN 00][T=0010] Total cost: 113.97
[SCENARIO 1][EXP 01][RUN 00][T=0010] Total revenue: 156.71
[SCENARIO 1][EXP 01][RUN 00][T=0010] Total profit: 42.74
[SCENARIO 1][EXP 01][RUN 00][T=0010] Goods sold: 6.21
[SCENARIO 1][EXP 01][RUN 00][T=0010] Nominal wage rate: 11.63
[SCENARIO 1][EXP 01][RUN 00][T=0010] Real wage rate: 0.46
[SCENARIO 1][EXP 01][RUN 00][T=0010] ----------------------------
[SCENARIO 1][EXP 01][RUN 00][T=0010] Preparing next period.
[SCENARIO 1][EXP 01][RUN 00][T=0011] 
[SCENARIO 1][EXP 01][RUN 00][T=0011] SIMULATING CURRENT PERIOD
[SCENARIO 1][EXP 01][RUN 00][T=0011] 
[SCENARIO 1][EXP 01][RUN 00][T=0011] RESULTS OF CURRENT PERIOD
[SCENARIO 1][EXP 01][RUN 00][T=0011] ----------------------------
[SCENARIO 1][EXP 01][RUN 00][T=0011] Unemployment rate: 98.02%
[SCENARIO 1][EXP 01][RUN 00][T=0011] Inflation: 1.76%
[SCENARIO 1][EXP 01][RUN 00][T=0011] Price: 25.69
[SCENARIO 1][EXP 01][RUN 00][T=0011] Interest rate: -44.93%
[SCENARIO 1][EXP 01][RUN 00][T=0011] Production: 6.26
[SCENARIO 1][EXP 01][RUN 00][T=0011] Hired labour: 9.90
[SCENARIO 1][EXP 01][RUN 00][T=0011] Total cost: 116.90
[SCENARIO 1][EXP 01][RUN 00][T=0011] Total revenue: 160.74
[SCENARIO 1][EXP 01][RUN 00][T=0011] Total profit: 43.84
[SCENARIO 1][EXP 01][RUN 00][T=0011] Goods sold: 6.26
[SCENARIO 1][EXP 01][RUN 00][T=0011] Nominal wage rate: 11.81
[SCENARIO 1][EXP 01][RUN 00][T=0011] Real wage rate: 0.46
[SCENARIO 1][EXP 01][RUN 00][T=0011] ----------------------------
[SCENARIO 1][EXP 01][RUN 00][T=0011] Preparing next period.
[SCENARIO 1][EXP 01][RUN 00][T=0012] 
[SCENARIO 1][EXP 01][RUN 00][T=0012] SIMULATING CURRENT PERIOD
[SCENARIO 1][EXP 01][RUN 00][T=0012] 
[SCENARIO 1][EXP 01][RUN 00][T=0012] RESULTS OF CURRENT PERIOD
[SCENARIO 1][EXP 01][RUN 00][T=0012] ----------------------------
[SCENARIO 1][EXP 01][RUN 00][T=0012] Unemployment rate: 98.00%
[SCENARIO 1][EXP 01][RUN 00][T=0012] Inflation: 1.71%
[SCENARIO 1][EXP 01][RUN 00][T=0012] Price: 26.13
[SCENARIO 1][EXP 01][RUN 00][T=0012] Interest rate: -44.91%
[SCENARIO 1][EXP 01][RUN 00][T=0012] Production: 6.31
[SCENARIO 1][EXP 01][RUN 00][T=0012] Hired labour: 9.99
[SCENARIO 1][EXP 01][RUN 00][T=0012] Total cost: 119.85
[SCENARIO 1][EXP 01][RUN 00][T=0012] Total revenue: 164.80
[SCENARIO 1][EXP 01][RUN 00][T=0012] Total profit: 44.94
[SCENARIO 1][EXP 01][RUN 00][T=0012] Goods sold: 6.31
[SCENARIO 1][EXP 01][RUN 00][T=0012] Nominal wage rate: 11.99
[SCENARIO 1][EXP 01][RUN 00][T=0012] Real wage rate: 0.46
[SCENARIO 1][EXP 01][RUN 00][T=0012] ----------------------------
[SCENARIO 1][EXP 01][RUN 00][T=0012] Preparing next period.
[SCENARIO 1][EXP 01][RUN 00][T=0013] 
[SCENARIO 1][EXP 01][RUN 00][T=0013] SIMULATING CURRENT PERIOD
[SCENARIO 1][EXP 01][RUN 00][T=0013] 
[SCENARIO 1][EXP 01][RUN 00][T=0013] RESULTS OF CURRENT PERIOD
[SCENARIO 1][EXP 01][RUN 00][T=0013] ----------------------------
[SCENARIO 1][EXP 01][RUN 00][T=0013] Unemployment rate: 97.98%
[SCENARIO 1][EXP 01][RUN 00][T=0013] Inflation: 1.70%
[SCENARIO 1][EXP 01][RUN 00][T=0013] Price: 26.58
[SCENARIO 1][EXP 01][RUN 00][T=0013] Interest rate: -44.92%
[SCENARIO 1][EXP 01][RUN 00][T=0013] Production: 6.36
[SCENARIO 1][EXP 01][RUN 00][T=0013] Hired labour: 10.09
[SCENARIO 1][EXP 01][RUN 00][T=0013] Total cost: 122.87
[SCENARIO 1][EXP 01][RUN 00][T=0013] Total revenue: 168.94
[SCENARIO 1][EXP 01][RUN 00][T=0013] Total profit: 46.07
[SCENARIO 1][EXP 01][RUN 00][T=0013] Goods sold: 6.36
[SCENARIO 1][EXP 01][RUN 00][T=0013] Nominal wage rate: 12.17
[SCENARIO 1][EXP 01][RUN 00][T=0013] Real wage rate: 0.46
[SCENARIO 1][EXP 01][RUN 00][T=0013] ----------------------------
[SCENARIO 1][EXP 01][RUN 00][T=0013] Preparing next period.
[SCENARIO 1][EXP 01][RUN 00][T=0014] 
[SCENARIO 1][EXP 01][RUN 00][T=0014] SIMULATING CURRENT PERIOD
[SCENARIO 1][EXP 01][RUN 00][T=0014] 
[SCENARIO 1][EXP 01][RUN 00][T=0014] RESULTS OF CURRENT PERIOD
[SCENARIO 1][EXP 01][RUN 00][T=0014] ----------------------------
[SCENARIO 1][EXP 01][RUN 00][T=0014] Unemployment rate: 97.96%
[SCENARIO 1][EXP 01][RUN 00][T=0014] Inflation: 1.71%
[SCENARIO 1][EXP 01][RUN 00][T=0014] Price: 27.03
[SCENARIO 1][EXP 01][RUN 00][T=0014] Interest rate: -44.92%
[SCENARIO 1][EXP 01][RUN 00][T=0014] Production: 6.41
[SCENARIO 1][EXP 01][RUN 00][T=0014] Hired labour: 10.19
[SCENARIO 1][EXP 01][RUN 00][T=0014] Total cost: 125.97
[SCENARIO 1][EXP 01][RUN 00][T=0014] Total revenue: 173.21
[SCENARIO 1][EXP 01][RUN 00][T=0014] Total profit: 47.24
[SCENARIO 1][EXP 01][RUN 00][T=0014] Goods sold: 6.41
[SCENARIO 1][EXP 01][RUN 00][T=0014] Nominal wage rate: 12.36
[SCENARIO 1][EXP 01][RUN 00][T=0014] Real wage rate: 0.46
[SCENARIO 1][EXP 01][RUN 00][T=0014] ----------------------------
[SCENARIO 1][EXP 01][RUN 00][T=0014] Preparing next period.
[SCENARIO 1][EXP 01][RUN 00][T=0015] 
[SCENARIO 1][EXP 01][RUN 00][T=0015] SIMULATING CURRENT PERIOD
[SCENARIO 1][EXP 01][RUN 00][T=0015] 
[SCENARIO 1][EXP 01][RUN 00][T=0015] RESULTS OF CURRENT PERIOD
[SCENARIO 1][EXP 01][RUN 00][T=0015] ----------------------------
[SCENARIO 1][EXP 01][RUN 00][T=0015] Unemployment rate: 97.94%
[SCENARIO 1][EXP 01][RUN 00][T=0015] Inflation: 1.66%
[SCENARIO 1][EXP 01][RUN 00][T=0015] Price: 27.48
[SCENARIO 1][EXP 01][RUN 00][T=0015] Interest rate: -44.91%
[SCENARIO 1][EXP 01][RUN 00][T=0015] Production: 6.46
[SCENARIO 1][EXP 01][RUN 00][T=0015] Hired labour: 10.30
[SCENARIO 1][EXP 01][RUN 00][T=0015] Total cost: 129.08
[SCENARIO 1][EXP 01][RUN 00][T=0015] Total revenue: 177.48
[SCENARIO 1][EXP 01][RUN 00][T=0015] Total profit: 48.40
[SCENARIO 1][EXP 01][RUN 00][T=0015] Goods sold: 6.46
[SCENARIO 1][EXP 01][RUN 00][T=0015] Nominal wage rate: 12.54
[SCENARIO 1][EXP 01][RUN 00][T=0015] Real wage rate: 0.46
[SCENARIO 1][EXP 01][RUN 00][T=0015] ----------------------------
[SCENARIO 1][EXP 01][RUN 00][T=0015] Preparing next period.
[SCENARIO 1][EXP 01][RUN 00][T=0016] 
[SCENARIO 1][EXP 01][RUN 00][T=0016] SIMULATING CURRENT PERIOD
[SCENARIO 1][EXP 01][RUN 00][T=0016] 
[SCENARIO 1][EXP 01][RUN 00][T=0016] RESULTS OF CURRENT PERIOD
[SCENARIO 1][EXP 01][RUN 00][T=0016] ----------------------------
[SCENARIO 1][EXP 01][RUN 00][T=0016] Unemployment rate: 97.92%
[SCENARIO 1][EXP 01][RUN 00][T=0016] Inflation: 1.64%
[SCENARIO 1][EXP 01][RUN 00][T=0016] Price: 27.93
[SCENARIO 1][EXP 01][RUN 00][T=0016] Interest rate: -44.92%
[SCENARIO 1][EXP 01][RUN 00][T=0016] Production: 6.51
[SCENARIO 1][EXP 01][RUN 00][T=0016] Hired labour: 10.40
[SCENARIO 1][EXP 01][RUN 00][T=0016] Total cost: 132.24
[SCENARIO 1][EXP 01][RUN 00][T=0016] Total revenue: 181.83
[SCENARIO 1][EXP 01][RUN 00][T=0016] Total profit: 49.59
[SCENARIO 1][EXP 01][RUN 00][T=0016] Goods sold: 6.51
[SCENARIO 1][EXP 01][RUN 00][T=0016] Nominal wage rate: 12.72
[SCENARIO 1][EXP 01][RUN 00][T=0016] Real wage rate: 0.46
[SCENARIO 1][EXP 01][RUN 00][T=0016] ----------------------------
[SCENARIO 1][EXP 01][RUN 00][T=0016] Preparing next period.
[SCENARIO 1][EXP 01][RUN 00][T=0017] 
[SCENARIO 1][EXP 01][RUN 00][T=0017] SIMULATING CURRENT PERIOD
[SCENARIO 1][EXP 01][RUN 00][T=0017] 
[SCENARIO 1][EXP 01][RUN 00][T=0017] RESULTS OF CURRENT PERIOD
[SCENARIO 1][EXP 01][RUN 00][T=0017] ----------------------------
[SCENARIO 1][EXP 01][RUN 00][T=0017] Unemployment rate: 97.90%
[SCENARIO 1][EXP 01][RUN 00][T=0017] Inflation: 1.65%
[SCENARIO 1][EXP 01][RUN 00][T=0017] Price: 28.39
[SCENARIO 1][EXP 01][RUN 00][T=0017] Interest rate: -44.92%
[SCENARIO 1][EXP 01][RUN 00][T=0017] Production: 6.56
[SCENARIO 1][EXP 01][RUN 00][T=0017] Hired labour: 10.50
[SCENARIO 1][EXP 01][RUN 00][T=0017] Total cost: 135.50
[SCENARIO 1][EXP 01][RUN 00][T=0017] Total revenue: 186.31
[SCENARIO 1][EXP 01][RUN 00][T=0017] Total profit: 50.81
[SCENARIO 1][EXP 01][RUN 00][T=0017] Goods sold: 6.56
[SCENARIO 1][EXP 01][RUN 00][T=0017] Nominal wage rate: 12.90
[SCENARIO 1][EXP 01][RUN 00][T=0017] Real wage rate: 0.45
[SCENARIO 1][EXP 01][RUN 00][T=0017] ----------------------------
[SCENARIO 1][EXP 01][RUN 00][T=0017] Preparing next period.
[SCENARIO 1][EXP 01][RUN 00][T=0018] 
[SCENARIO 1][EXP 01][RUN 00][T=0018] SIMULATING CURRENT PERIOD
[SCENARIO 1][EXP 01][RUN 00][T=0018] 
[SCENARIO 1][EXP 01][RUN 00][T=0018] RESULTS OF CURRENT PERIOD
[SCENARIO 1][EXP 01][RUN 00][T=0018] ----------------------------
[SCENARIO 1][EXP 01][RUN 00][T=0018] Unemployment rate: 97.88%
[SCENARIO 1][EXP 01][RUN 00][T=0018] Inflation: 1.65%
[SCENARIO 1][EXP 01][RUN 00][T=0018] Price: 28.86
[SCENARIO 1][EXP 01][RUN 00][T=0018] Interest rate: -44.91%
[SCENARIO 1][EXP 01][RUN 00][T=0018] Production: 6.62
[SCENARIO 1][EXP 01][RUN 00][T=0018] Hired labour: 10.61
[SCENARIO 1][EXP 01][RUN 00][T=0018] Total cost: 138.84
[SCENARIO 1][EXP 01][RUN 00][T=0018] Total revenue: 190.91
[SCENARIO 1][EXP 01][RUN 00][T=0018] Total profit: 52.07
[SCENARIO 1][EXP 01][RUN 00][T=0018] Goods sold: 6.62
[SCENARIO 1][EXP 01][RUN 00][T=0018] Nominal wage rate: 13.09
[SCENARIO 1][EXP 01][RUN 00][T=0018] Real wage rate: 0.45
[SCENARIO 1][EXP 01][RUN 00][T=0018] ----------------------------
[SCENARIO 1][EXP 01][RUN 00][T=0018] Preparing next period.
[SCENARIO 1][EXP 01][RUN 00][T=0019] 
[SCENARIO 1][EXP 01][RUN 00][T=0019] SIMULATING CURRENT PERIOD
[SCENARIO 1][EXP 01][RUN 00][T=0019] 
[SCENARIO 1][EXP 01][RUN 00][T=0019] RESULTS OF CURRENT PERIOD
[SCENARIO 1][EXP 01][RUN 00][T=0019] ----------------------------
[SCENARIO 1][EXP 01][RUN 00][T=0019] Unemployment rate: 97.86%
[SCENARIO 1][EXP 01][RUN 00][T=0019] Inflation: 1.69%
[SCENARIO 1][EXP 01][RUN 00][T=0019] Price: 29.35
[SCENARIO 1][EXP 01][RUN 00][T=0019] Interest rate: -44.91%
[SCENARIO 1][EXP 01][RUN 00][T=0019] Production: 6.67
[SCENARIO 1][EXP 01][RUN 00][T=0019] Hired labour: 10.71
[SCENARIO 1][EXP 01][RUN 00][T=0019] Total cost: 142.31
[SCENARIO 1][EXP 01][RUN 00][T=0019] Total revenue: 195.67
[SCENARIO 1][EXP 01][RUN 00][T=0019] Total profit: 53.37
[SCENARIO 1][EXP 01][RUN 00][T=0019] Goods sold: 6.67
[SCENARIO 1][EXP 01][RUN 00][T=0019] Nominal wage rate: 13.28
[SCENARIO 1][EXP 01][RUN 00][T=0019] Real wage rate: 0.45
[SCENARIO 1][EXP 01][RUN 00][T=0019] ----------------------------
[SCENARIO 1][EXP 01][RUN 00][T=0019] Preparing next period.
[SCENARIO 1][EXP 01][RUN 00][T=0020] 
[SCENARIO 1][EXP 01][RUN 00][T=0020] SIMULATING CURRENT PERIOD
[SCENARIO 1][EXP 01][RUN 00][T=0020] 
[SCENARIO 1][EXP 01][RUN 00][T=0020] RESULTS OF CURRENT PERIOD
[SCENARIO 1][EXP 01][RUN 00][T=0020] ----------------------------
[SCENARIO 1][EXP 01][RUN 00][T=0020] Unemployment rate: 97.84%
[SCENARIO 1][EXP 01][RUN 00][T=0020] Inflation: 1.75%
[SCENARIO 1][EXP 01][RUN 00][T=0020] Price: 29.86
[SCENARIO 1][EXP 01][RUN 00][T=0020] Interest rate: -44.89%
[SCENARIO 1][EXP 01][RUN 00][T=0020] Production: 6.72
[SCENARIO 1][EXP 01][RUN 00][T=0020] Hired labour: 10.82
[SCENARIO 1][EXP 01][RUN 00][T=0020] Total cost: 145.96
[SCENARIO 1][EXP 01][RUN 00][T=0020] Total revenue: 200.70
[SCENARIO 1][EXP 01][RUN 00][T=0020] Total profit: 54.74
[SCENARIO 1][EXP 01][RUN 00][T=0020] Goods sold: 6.72
[SCENARIO 1][EXP 01][RUN 00][T=0020] Nominal wage rate: 13.49
[SCENARIO 1][EXP 01][RUN 00][T=0020] Real wage rate: 0.45
[SCENARIO 1][EXP 01][RUN 00][T=0020] ----------------------------
[SCENARIO 1][EXP 01][RUN 00][T=0020] Preparing next period.
[SCENARIO 1][EXP 01][RUN 00][T=0021] 
[SCENARIO 1][EXP 01][RUN 00][T=0021] SIMULATING CURRENT PERIOD
[SCENARIO 1][EXP 01][RUN 00][T=0021] 
[SCENARIO 1][EXP 01][RUN 00][T=0021] RESULTS OF CURRENT PERIOD
[SCENARIO 1][EXP 01][RUN 00][T=0021] ----------------------------
[SCENARIO 1][EXP 01][RUN 00][T=0021] Unemployment rate: 97.81%
[SCENARIO 1][EXP 01][RUN 00][T=0021] Inflation: 1.89%
[SCENARIO 1][EXP 01][RUN 00][T=0021] Price: 30.42
[SCENARIO 1][EXP 01][RUN 00][T=0021] Interest rate: -44.87%
[SCENARIO 1][EXP 01][RUN 00][T=0021] Production: 6.77
[SCENARIO 1][EXP 01][RUN 00][T=0021] Hired labour: 10.93
[SCENARIO 1][EXP 01][RUN 00][T=0021] Total cost: 149.90
[SCENARIO 1][EXP 01][RUN 00][T=0021] Total revenue: 206.12
[SCENARIO 1][EXP 01][RUN 00][T=0021] Total profit: 56.21
[SCENARIO 1][EXP 01][RUN 00][T=0021] Goods sold: 6.77
[SCENARIO 1][EXP 01][RUN 00][T=0021] Nominal wage rate: 13.71
[SCENARIO 1][EXP 01][RUN 00][T=0021] Real wage rate: 0.45
[SCENARIO 1][EXP 01][RUN 00][T=0021] ----------------------------
[SCENARIO 1][EXP 01][RUN 00][T=0021] Preparing next period.
[SCENARIO 1][EXP 01][RUN 00][T=0022] 
[SCENARIO 1][EXP 01][RUN 00][T=0022] SIMULATING CURRENT PERIOD
[SCENARIO 1][EXP 01][RUN 00][T=0022] 
[SCENARIO 1][EXP 01][RUN 00][T=0022] RESULTS OF CURRENT PERIOD
[SCENARIO 1][EXP 01][RUN 00][T=0022] ----------------------------
[SCENARIO 1][EXP 01][RUN 00][T=0022] Unemployment rate: 97.79%
[SCENARIO 1][EXP 01][RUN 00][T=0022] Inflation: 1.89%
[SCENARIO 1][EXP 01][RUN 00][T=0022] Price: 31.00
[SCENARIO 1][EXP 01][RUN 00][T=0022] Interest rate: -44.83%
[SCENARIO 1][EXP 01][RUN 00][T=0022] Production: 6.83
[SCENARIO 1][EXP 01][RUN 00][T=0022] Hired labour: 11.04
[SCENARIO 1][EXP 01][RUN 00][T=0022] Total cost: 153.96
[SCENARIO 1][EXP 01][RUN 00][T=0022] Total revenue: 211.69
[SCENARIO 1][EXP 01][RUN 00][T=0022] Total profit: 57.73
[SCENARIO 1][EXP 01][RUN 00][T=0022] Goods sold: 6.83
[SCENARIO 1][EXP 01][RUN 00][T=0022] Nominal wage rate: 13.95
[SCENARIO 1][EXP 01][RUN 00][T=0022] Real wage rate: 0.45
[SCENARIO 1][EXP 01][RUN 00][T=0022] ----------------------------
[SCENARIO 1][EXP 01][RUN 00][T=0022] Preparing next period.
[SCENARIO 1][EXP 01][RUN 00][T=0023] 
[SCENARIO 1][EXP 01][RUN 00][T=0023] SIMULATING CURRENT PERIOD
[SCENARIO 1][EXP 01][RUN 00][T=0023] 
[SCENARIO 1][EXP 01][RUN 00][T=0023] RESULTS OF CURRENT PERIOD
[SCENARIO 1][EXP 01][RUN 00][T=0023] ----------------------------
[SCENARIO 1][EXP 01][RUN 00][T=0023] Unemployment rate: 97.77%
[SCENARIO 1][EXP 01][RUN 00][T=0023] Inflation: 1.95%
[SCENARIO 1][EXP 01][RUN 00][T=0023] Price: 31.60
[SCENARIO 1][EXP 01][RUN 00][T=0023] Interest rate: -44.82%
[SCENARIO 1][EXP 01][RUN 00][T=0023] Production: 6.88
[SCENARIO 1][EXP 01][RUN 00][T=0023] Hired labour: 11.15
[SCENARIO 1][EXP 01][RUN 00][T=0023] Total cost: 158.21
[SCENARIO 1][EXP 01][RUN 00][T=0023] Total revenue: 217.54
[SCENARIO 1][EXP 01][RUN 00][T=0023] Total profit: 59.33
[SCENARIO 1][EXP 01][RUN 00][T=0023] Goods sold: 6.88
[SCENARIO 1][EXP 01][RUN 00][T=0023] Nominal wage rate: 14.19
[SCENARIO 1][EXP 01][RUN 00][T=0023] Real wage rate: 0.45
[SCENARIO 1][EXP 01][RUN 00][T=0023] ----------------------------
[SCENARIO 1][EXP 01][RUN 00][T=0023] Preparing next period.
[SCENARIO 1][EXP 01][RUN 00][T=0024] 
[SCENARIO 1][EXP 01][RUN 00][T=0024] SIMULATING CURRENT PERIOD
[SCENARIO 1][EXP 01][RUN 00][T=0024] 
[SCENARIO 1][EXP 01][RUN 00][T=0024] RESULTS OF CURRENT PERIOD
[SCENARIO 1][EXP 01][RUN 00][T=0024] ----------------------------
[SCENARIO 1][EXP 01][RUN 00][T=0024] Unemployment rate: 97.75%
[SCENARIO 1][EXP 01][RUN 00][T=0024] Inflation: 1.99%
[SCENARIO 1][EXP 01][RUN 00][T=0024] Price: 32.23
[SCENARIO 1][EXP 01][RUN 00][T=0024] Interest rate: -44.80%
[SCENARIO 1][EXP 01][RUN 00][T=0024] Production: 6.94
[SCENARIO 1][EXP 01][RUN 00][T=0024] Hired labour: 11.26
[SCENARIO 1][EXP 01][RUN 00][T=0024] Total cost: 162.65
[SCENARIO 1][EXP 01][RUN 00][T=0024] Total revenue: 223.64
[SCENARIO 1][EXP 01][RUN 00][T=0024] Total profit: 60.99
[SCENARIO 1][EXP 01][RUN 00][T=0024] Goods sold: 6.94
[SCENARIO 1][EXP 01][RUN 00][T=0024] Nominal wage rate: 14.44
[SCENARIO 1][EXP 01][RUN 00][T=0024] Real wage rate: 0.45
[SCENARIO 1][EXP 01][RUN 00][T=0024] ----------------------------
[SCENARIO 1][EXP 01][RUN 00][T=0024] Preparing next period.
[SCENARIO 1][EXP 01][RUN 00][T=0025] 
[SCENARIO 1][EXP 01][RUN 00][T=0025] SIMULATING CURRENT PERIOD
[SCENARIO 1][EXP 01][RUN 00][T=0025] 
[SCENARIO 1][EXP 01][RUN 00][T=0025] RESULTS OF CURRENT PERIOD
[SCENARIO 1][EXP 01][RUN 00][T=0025] ----------------------------
[SCENARIO 1][EXP 01][RUN 00][T=0025] Unemployment rate: 97.73%
[SCENARIO 1][EXP 01][RUN 00][T=0025] Inflation: 1.75%
[SCENARIO 1][EXP 01][RUN 00][T=0025] Price: 32.80
[SCENARIO 1][EXP 01][RUN 00][T=0025] Interest rate: -44.78%
[SCENARIO 1][EXP 01][RUN 00][T=0025] Production: 6.99
[SCENARIO 1][EXP 01][RUN 00][T=0025] Hired labour: 11.37
[SCENARIO 1][EXP 01][RUN 00][T=0025] Total cost: 166.82
[SCENARIO 1][EXP 01][RUN 00][T=0025] Total revenue: 229.38
[SCENARIO 1][EXP 01][RUN 00][T=0025] Total profit: 62.56
[SCENARIO 1][EXP 01][RUN 00][T=0025] Goods sold: 6.99
[SCENARIO 1][EXP 01][RUN 00][T=0025] Nominal wage rate: 14.67
[SCENARIO 1][EXP 01][RUN 00][T=0025] Real wage rate: 0.45
[SCENARIO 1][EXP 01][RUN 00][T=0025] ----------------------------
[SCENARIO 1][EXP 01][RUN 00][T=0025] Preparing next period.
[SCENARIO 1][EXP 01][RUN 00][T=0026] 
[SCENARIO 1][EXP 01][RUN 00][T=0026] SIMULATING CURRENT PERIOD
[SCENARIO 1][EXP 01][RUN 00][T=0026] 
[SCENARIO 1][EXP 01][RUN 00][T=0026] RESULTS OF CURRENT PERIOD
[SCENARIO 1][EXP 01][RUN 00][T=0026] ----------------------------
[SCENARIO 1][EXP 01][RUN 00][T=0026] Unemployment rate: 97.70%
[SCENARIO 1][EXP 01][RUN 00][T=0026] Inflation: 1.59%
[SCENARIO 1][EXP 01][RUN 00][T=0026] Price: 33.32
[SCENARIO 1][EXP 01][RUN 00][T=0026] Interest rate: -44.84%
[SCENARIO 1][EXP 01][RUN 00][T=0026] Production: 7.05
[SCENARIO 1][EXP 01][RUN 00][T=0026] Hired labour: 11.49
[SCENARIO 1][EXP 01][RUN 00][T=0026] Total cost: 170.83
[SCENARIO 1][EXP 01][RUN 00][T=0026] Total revenue: 234.89
[SCENARIO 1][EXP 01][RUN 00][T=0026] Total profit: 64.06
[SCENARIO 1][EXP 01][RUN 00][T=0026] Goods sold: 7.05
[SCENARIO 1][EXP 01][RUN 00][T=0026] Nominal wage rate: 14.87
[SCENARIO 1][EXP 01][RUN 00][T=0026] Real wage rate: 0.45
[SCENARIO 1][EXP 01][RUN 00][T=0026] ----------------------------
[SCENARIO 1][EXP 01][RUN 00][T=0026] Preparing next period.
[SCENARIO 1][EXP 01][RUN 00][T=0027] 
[SCENARIO 1][EXP 01][RUN 00][T=0027] SIMULATING CURRENT PERIOD
[SCENARIO 1][EXP 01][RUN 00][T=0027] 
[SCENARIO 1][EXP 01][RUN 00][T=0027] RESULTS OF CURRENT PERIOD
[SCENARIO 1][EXP 01][RUN 00][T=0027] ----------------------------
[SCENARIO 1][EXP 01][RUN 00][T=0027] Unemployment rate: 97.68%
[SCENARIO 1][EXP 01][RUN 00][T=0027] Inflation: 1.67%
[SCENARIO 1][EXP 01][RUN 00][T=0027] Price: 33.87
[SCENARIO 1][EXP 01][RUN 00][T=0027] Interest rate: -44.88%
[SCENARIO 1][EXP 01][RUN 00][T=0027] Production: 7.11
[SCENARIO 1][EXP 01][RUN 00][T=0027] Hired labour: 11.60
[SCENARIO 1][EXP 01][RUN 00][T=0027] Total cost: 175.07
[SCENARIO 1][EXP 01][RUN 00][T=0027] Total revenue: 240.72
[SCENARIO 1][EXP 01][RUN 00][T=0027] Total profit: 65.65
[SCENARIO 1][EXP 01][RUN 00][T=0027] Goods sold: 7.11
[SCENARIO 1][EXP 01][RUN 00][T=0027] Nominal wage rate: 15.09
[SCENARIO 1][EXP 01][RUN 00][T=0027] Real wage rate: 0.45
[SCENARIO 1][EXP 01][RUN 00][T=0027] ----------------------------
[SCENARIO 1][EXP 01][RUN 00][T=0027] Preparing next period.
[SCENARIO 1][EXP 01][RUN 00][T=0028] 
[SCENARIO 1][EXP 01][RUN 00][T=0028] SIMULATING CURRENT PERIOD
[SCENARIO 1][EXP 01][RUN 00][T=0028] 
[SCENARIO 1][EXP 01][RUN 00][T=0028] RESULTS OF CURRENT PERIOD
[SCENARIO 1][EXP 01][RUN 00][T=0028] ----------------------------
[SCENARIO 1][EXP 01][RUN 00][T=0028] Unemployment rate: 97.66%
[SCENARIO 1][EXP 01][RUN 00][T=0028] Inflation: 1.67%
[SCENARIO 1][EXP 01][RUN 00][T=0028] Price: 34.44
[SCENARIO 1][EXP 01][RUN 00][T=0028] Interest rate: -44.85%
[SCENARIO 1][EXP 01][RUN 00][T=0028] Production: 7.16
[SCENARIO 1][EXP 01][RUN 00][T=0028] Hired labour: 11.72
[SCENARIO 1][EXP 01][RUN 00][T=0028] Total cost: 179.42
[SCENARIO 1][EXP 01][RUN 00][T=0028] Total revenue: 246.71
[SCENARIO 1][EXP 01][RUN 00][T=0028] Total profit: 67.28
[SCENARIO 1][EXP 01][RUN 00][T=0028] Goods sold: 7.16
[SCENARIO 1][EXP 01][RUN 00][T=0028] Nominal wage rate: 15.31
[SCENARIO 1][EXP 01][RUN 00][T=0028] Real wage rate: 0.44
[SCENARIO 1][EXP 01][RUN 00][T=0028] ----------------------------
[SCENARIO 1][EXP 01][RUN 00][T=0028] Preparing next period.
[SCENARIO 1][EXP 01][RUN 00][T=0029] 
[SCENARIO 1][EXP 01][RUN 00][T=0029] SIMULATING CURRENT PERIOD
[SCENARIO 1][EXP 01][RUN 00][T=0029] 
[SCENARIO 1][EXP 01][RUN 00][T=0029] RESULTS OF CURRENT PERIOD
[SCENARIO 1][EXP 01][RUN 00][T=0029] ----------------------------
[SCENARIO 1][EXP 01][RUN 00][T=0029] Unemployment rate: 97.63%
[SCENARIO 1][EXP 01][RUN 00][T=0029] Inflation: 1.75%
[SCENARIO 1][EXP 01][RUN 00][T=0029] Price: 35.04
[SCENARIO 1][EXP 01][RUN 00][T=0029] Interest rate: -44.85%
[SCENARIO 1][EXP 01][RUN 00][T=0029] Production: 7.22
[SCENARIO 1][EXP 01][RUN 00][T=0029] Hired labour: 11.84
[SCENARIO 1][EXP 01][RUN 00][T=0029] Total cost: 184.02
[SCENARIO 1][EXP 01][RUN 00][T=0029] Total revenue: 253.03
[SCENARIO 1][EXP 01][RUN 00][T=0029] Total profit: 69.01
[SCENARIO 1][EXP 01][RUN 00][T=0029] Goods sold: 7.22
[SCENARIO 1][EXP 01][RUN 00][T=0029] Nominal wage rate: 15.55
[SCENARIO 1][EXP 01][RUN 00][T=0029] Real wage rate: 0.44
[SCENARIO 1][EXP 01][RUN 00][T=0029] ----------------------------
[SCENARIO 1][EXP 01][RUN 00][T=0029] Preparing next period.
[SCENARIO 1][EXP 01][RUN 00][T=0030] 
[SCENARIO 1][EXP 01][RUN 00][T=0030] SIMULATING CURRENT PERIOD
[SCENARIO 1][EXP 01][RUN 00][T=0030] 
[SCENARIO 1][EXP 01][RUN 00][T=0030] RESULTS OF CURRENT PERIOD
[SCENARIO 1][EXP 01][RUN 00][T=0030] ----------------------------
[SCENARIO 1][EXP 01][RUN 00][T=0030] Unemployment rate: 97.61%
[SCENARIO 1][EXP 01][RUN 00][T=0030] Inflation: 1.90%
[SCENARIO 1][EXP 01][RUN 00][T=0030] Price: 35.71
[SCENARIO 1][EXP 01][RUN 00][T=0030] Interest rate: -44.82%
[SCENARIO 1][EXP 01][RUN 00][T=0030] Production: 7.28
[SCENARIO 1][EXP 01][RUN 00][T=0030] Hired labour: 11.95
[SCENARIO 1][EXP 01][RUN 00][T=0030] Total cost: 189.02
[SCENARIO 1][EXP 01][RUN 00][T=0030] Total revenue: 259.91
[SCENARIO 1][EXP 01][RUN 00][T=0030] Total profit: 70.88
[SCENARIO 1][EXP 01][RUN 00][T=0030] Goods sold: 7.28
[SCENARIO 1][EXP 01][RUN 00][T=0030] Nominal wage rate: 15.81
[SCENARIO 1][EXP 01][RUN 00][T=0030] Real wage rate: 0.44
[SCENARIO 1][EXP 01][RUN 00][T=0030] ----------------------------
[SCENARIO 1][EXP 01][RUN 00][T=0030] Preparing next period.
[SCENARIO 1][EXP 01][RUN 00][T=0031] 
[SCENARIO 1][EXP 01][RUN 00][T=0031] SIMULATING CURRENT PERIOD
[SCENARIO 1][EXP 01][RUN 00][T=0031] 
[SCENARIO 1][EXP 01][RUN 00][T=0031] RESULTS OF CURRENT PERIOD
[SCENARIO 1][EXP 01][RUN 00][T=0031] ----------------------------
[SCENARIO 1][EXP 01][RUN 00][T=0031] Unemployment rate: 97.59%
[SCENARIO 1][EXP 01][RUN 00][T=0031] Inflation: 1.84%
[SCENARIO 1][EXP 01][RUN 00][T=0031] Price: 36.37
[SCENARIO 1][EXP 01][RUN 00][T=0031] Interest rate: -44.77%
[SCENARIO 1][EXP 01][RUN 00][T=0031] Production: 7.34
[SCENARIO 1][EXP 01][RUN 00][T=0031] Hired labour: 12.07
[SCENARIO 1][EXP 01][RUN 00][T=0031] Total cost: 194.03
[SCENARIO 1][EXP 01][RUN 00][T=0031] Total revenue: 266.79
[SCENARIO 1][EXP 01][RUN 00][T=0031] Total profit: 72.76
[SCENARIO 1][EXP 01][RUN 00][T=0031] Goods sold: 7.34
[SCENARIO 1][EXP 01][RUN 00][T=0031] Nominal wage rate: 16.07
[SCENARIO 1][EXP 01][RUN 00][T=0031] Real wage rate: 0.44
[SCENARIO 1][EXP 01][RUN 00][T=0031] ----------------------------
[SCENARIO 1][EXP 01][RUN 00][T=0031] Preparing next period.
[SCENARIO 1][EXP 01][RUN 00][T=0032] 
[SCENARIO 1][EXP 01][RUN 00][T=0032] SIMULATING CURRENT PERIOD
[SCENARIO 1][EXP 01][RUN 00][T=0032] 
[SCENARIO 1][EXP 01][RUN 00][T=0032] RESULTS OF CURRENT PERIOD
[SCENARIO 1][EXP 01][RUN 00][T=0032] ----------------------------
[SCENARIO 1][EXP 01][RUN 00][T=0032] Unemployment rate: 97.56%
[SCENARIO 1][EXP 01][RUN 00][T=0032] Inflation: 1.76%
[SCENARIO 1][EXP 01][RUN 00][T=0032] Price: 37.01
[SCENARIO 1][EXP 01][RUN 00][T=0032] Interest rate: -44.78%
[SCENARIO 1][EXP 01][RUN 00][T=0032] Production: 7.39
[SCENARIO 1][EXP 01][RUN 00][T=0032] Hired labour: 12.19
[SCENARIO 1][EXP 01][RUN 00][T=0032] Total cost: 199.02
[SCENARIO 1][EXP 01][RUN 00][T=0032] Total revenue: 273.65
[SCENARIO 1][EXP 01][RUN 00][T=0032] Total profit: 74.63
[SCENARIO 1][EXP 01][RUN 00][T=0032] Goods sold: 7.39
[SCENARIO 1][EXP 01][RUN 00][T=0032] Nominal wage rate: 16.32
[SCENARIO 1][EXP 01][RUN 00][T=0032] Real wage rate: 0.44
[SCENARIO 1][EXP 01][RUN 00][T=0032] ----------------------------
[SCENARIO 1][EXP 01][RUN 00][T=0032] Preparing next period.
[SCENARIO 1][EXP 01][RUN 00][T=0033] 
[SCENARIO 1][EXP 01][RUN 00][T=0033] SIMULATING CURRENT PERIOD
[SCENARIO 1][EXP 01][RUN 00][T=0033] 
[SCENARIO 1][EXP 01][RUN 00][T=0033] RESULTS OF CURRENT PERIOD
[SCENARIO 1][EXP 01][RUN 00][T=0033] ----------------------------
[SCENARIO 1][EXP 01][RUN 00][T=0033] Unemployment rate: 97.54%
[SCENARIO 1][EXP 01][RUN 00][T=0033] Inflation: 1.83%
[SCENARIO 1][EXP 01][RUN 00][T=0033] Price: 37.68
[SCENARIO 1][EXP 01][RUN 00][T=0033] Interest rate: -44.80%
[SCENARIO 1][EXP 01][RUN 00][T=0033] Production: 7.45
[SCENARIO 1][EXP 01][RUN 00][T=0033] Hired labour: 12.32
[SCENARIO 1][EXP 01][RUN 00][T=0033] Total cost: 204.29
[SCENARIO 1][EXP 01][RUN 00][T=0033] Total revenue: 280.89
[SCENARIO 1][EXP 01][RUN 00][T=0033] Total profit: 76.61
[SCENARIO 1][EXP 01][RUN 00][T=0033] Goods sold: 7.45
[SCENARIO 1][EXP 01][RUN 00][T=0033] Nominal wage rate: 16.59
[SCENARIO 1][EXP 01][RUN 00][T=0033] Real wage rate: 0.44
[SCENARIO 1][EXP 01][RUN 00][T=0033] ----------------------------
[SCENARIO 1][EXP 01][RUN 00][T=0033] Preparing next period.
[SCENARIO 1][EXP 01][RUN 00][T=0034] 
[SCENARIO 1][EXP 01][RUN 00][T=0034] SIMULATING CURRENT PERIOD
[SCENARIO 1][EXP 01][RUN 00][T=0034] 
[SCENARIO 1][EXP 01][RUN 00][T=0034] RESULTS OF CURRENT PERIOD
[SCENARIO 1][EXP 01][RUN 00][T=0034] ----------------------------
[SCENARIO 1][EXP 01][RUN 00][T=0034] Unemployment rate: 97.51%
[SCENARIO 1][EXP 01][RUN 00][T=0034] Inflation: 1.94%
[SCENARIO 1][EXP 01][RUN 00][T=0034] Price: 38.41
[SCENARIO 1][EXP 01][RUN 00][T=0034] Interest rate: -44.77%
[SCENARIO 1][EXP 01][RUN 00][T=0034] Production: 7.51
[SCENARIO 1][EXP 01][RUN 00][T=0034] Hired labour: 12.44
[SCENARIO 1][EXP 01][RUN 00][T=0034] Total cost: 209.90
[SCENARIO 1][EXP 01][RUN 00][T=0034] Total revenue: 288.62
[SCENARIO 1][EXP 01][RUN 00][T=0034] Total profit: 78.71
[SCENARIO 1][EXP 01][RUN 00][T=0034] Goods sold: 7.51
[SCENARIO 1][EXP 01][RUN 00][T=0034] Nominal wage rate: 16.87
[SCENARIO 1][EXP 01][RUN 00][T=0034] Real wage rate: 0.44
[SCENARIO 1][EXP 01][RUN 00][T=0034] ----------------------------
[SCENARIO 1][EXP 01][RUN 00][T=0034] Preparing next period.
[SCENARIO 1][EXP 01][RUN 00][T=0035] 
[SCENARIO 1][EXP 01][RUN 00][T=0035] SIMULATING CURRENT PERIOD
[SCENARIO 1][EXP 01][RUN 00][T=0035] 
[SCENARIO 1][EXP 01][RUN 00][T=0035] RESULTS OF CURRENT PERIOD
[SCENARIO 1][EXP 01][RUN 00][T=0035] ----------------------------
[SCENARIO 1][EXP 01][RUN 00][T=0035] Unemployment rate: 97.49%
[SCENARIO 1][EXP 01][RUN 00][T=0035] Inflation: 2.00%
[SCENARIO 1][EXP 01][RUN 00][T=0035] Price: 39.18
[SCENARIO 1][EXP 01][RUN 00][T=0035] Interest rate: -44.74%
[SCENARIO 1][EXP 01][RUN 00][T=0035] Production: 7.57
[SCENARIO 1][EXP 01][RUN 00][T=0035] Hired labour: 12.56
[SCENARIO 1][EXP 01][RUN 00][T=0035] Total cost: 215.81
[SCENARIO 1][EXP 01][RUN 00][T=0035] Total revenue: 296.73
[SCENARIO 1][EXP 01][RUN 00][T=0035] Total profit: 80.93
[SCENARIO 1][EXP 01][RUN 00][T=0035] Goods sold: 7.57
[SCENARIO 1][EXP 01][RUN 00][T=0035] Nominal wage rate: 17.18
[SCENARIO 1][EXP 01][RUN 00][T=0035] Real wage rate: 0.44
[SCENARIO 1][EXP 01][RUN 00][T=0035] ----------------------------
[SCENARIO 1][EXP 01][RUN 00][T=0035] Preparing next period.
[SCENARIO 1][EXP 01][RUN 00][T=0036] 
[SCENARIO 1][EXP 01][RUN 00][T=0036] SIMULATING CURRENT PERIOD
[SCENARIO 1][EXP 01][RUN 00][T=0036] 
[SCENARIO 1][EXP 01][RUN 00][T=0036] RESULTS OF CURRENT PERIOD
[SCENARIO 1][EXP 01][RUN 00][T=0036] ----------------------------
[SCENARIO 1][EXP 01][RUN 00][T=0036] Unemployment rate: 97.46%
[SCENARIO 1][EXP 01][RUN 00][T=0036] Inflation: 2.03%
[SCENARIO 1][EXP 01][RUN 00][T=0036] Price: 39.98
[SCENARIO 1][EXP 01][RUN 00][T=0036] Interest rate: -44.71%
[SCENARIO 1][EXP 01][RUN 00][T=0036] Production: 7.63
[SCENARIO 1][EXP 01][RUN 00][T=0036] Hired labour: 12.69
[SCENARIO 1][EXP 01][RUN 00][T=0036] Total cost: 221.95
[SCENARIO 1][EXP 01][RUN 00][T=0036] Total revenue: 305.18
[SCENARIO 1][EXP 01][RUN 00][T=0036] Total profit: 83.23
[SCENARIO 1][EXP 01][RUN 00][T=0036] Goods sold: 7.63
[SCENARIO 1][EXP 01][RUN 00][T=0036] Nominal wage rate: 17.49
[SCENARIO 1][EXP 01][RUN 00][T=0036] Real wage rate: 0.44
[SCENARIO 1][EXP 01][RUN 00][T=0036] ----------------------------
[SCENARIO 1][EXP 01][RUN 00][T=0036] Preparing next period.
[SCENARIO 1][EXP 01][RUN 00][T=0037] 
[SCENARIO 1][EXP 01][RUN 00][T=0037] SIMULATING CURRENT PERIOD
[SCENARIO 1][EXP 01][RUN 00][T=0037] 
[SCENARIO 1][EXP 01][RUN 00][T=0037] RESULTS OF CURRENT PERIOD
[SCENARIO 1][EXP 01][RUN 00][T=0037] ----------------------------
[SCENARIO 1][EXP 01][RUN 00][T=0037] Unemployment rate: 97.44%
[SCENARIO 1][EXP 01][RUN 00][T=0037] Inflation: 1.88%
[SCENARIO 1][EXP 01][RUN 00][T=0037] Price: 40.73
[SCENARIO 1][EXP 01][RUN 00][T=0037] Interest rate: -44.70%
[SCENARIO 1][EXP 01][RUN 00][T=0037] Production: 7.70
[SCENARIO 1][EXP 01][RUN 00][T=0037] Hired labour: 12.82
[SCENARIO 1][EXP 01][RUN 00][T=0037] Total cost: 227.93
[SCENARIO 1][EXP 01][RUN 00][T=0037] Total revenue: 313.40
[SCENARIO 1][EXP 01][RUN 00][T=0037] Total profit: 85.47
[SCENARIO 1][EXP 01][RUN 00][T=0037] Goods sold: 7.70
[SCENARIO 1][EXP 01][RUN 00][T=0037] Nominal wage rate: 17.78
[SCENARIO 1][EXP 01][RUN 00][T=0037] Real wage rate: 0.44
[SCENARIO 1][EXP 01][RUN 00][T=0037] ----------------------------
[SCENARIO 1][EXP 01][RUN 00][T=0037] Preparing next period.
[SCENARIO 1][EXP 01][RUN 00][T=0038] 
[SCENARIO 1][EXP 01][RUN 00][T=0038] SIMULATING CURRENT PERIOD
[SCENARIO 1][EXP 01][RUN 00][T=0038] 
[SCENARIO 1][EXP 01][RUN 00][T=0038] RESULTS OF CURRENT PERIOD
[SCENARIO 1][EXP 01][RUN 00][T=0038] ----------------------------
[SCENARIO 1][EXP 01][RUN 00][T=0038] Unemployment rate: 97.41%
[SCENARIO 1][EXP 01][RUN 00][T=0038] Inflation: 1.86%
[SCENARIO 1][EXP 01][RUN 00][T=0038] Price: 41.48
[SCENARIO 1][EXP 01][RUN 00][T=0038] Interest rate: -44.73%
[SCENARIO 1][EXP 01][RUN 00][T=0038] Production: 7.76
[SCENARIO 1][EXP 01][RUN 00][T=0038] Hired labour: 12.94
[SCENARIO 1][EXP 01][RUN 00][T=0038] Total cost: 234.02
[SCENARIO 1][EXP 01][RUN 00][T=0038] Total revenue: 321.78
[SCENARIO 1][EXP 01][RUN 00][T=0038] Total profit: 87.76
[SCENARIO 1][EXP 01][RUN 00][T=0038] Goods sold: 7.76
[SCENARIO 1][EXP 01][RUN 00][T=0038] Nominal wage rate: 18.08
[SCENARIO 1][EXP 01][RUN 00][T=0038] Real wage rate: 0.44
[SCENARIO 1][EXP 01][RUN 00][T=0038] ----------------------------
[SCENARIO 1][EXP 01][RUN 00][T=0038] Preparing next period.
[SCENARIO 1][EXP 01][RUN 00][T=0039] 
[SCENARIO 1][EXP 01][RUN 00][T=0039] SIMULATING CURRENT PERIOD
[SCENARIO 1][EXP 01][RUN 00][T=0039] 
[SCENARIO 1][EXP 01][RUN 00][T=0039] RESULTS OF CURRENT PERIOD
[SCENARIO 1][EXP 01][RUN 00][T=0039] ----------------------------
[SCENARIO 1][EXP 01][RUN 00][T=0039] Unemployment rate: 97.39%
[SCENARIO 1][EXP 01][RUN 00][T=0039] Inflation: 1.94%
[SCENARIO 1][EXP 01][RUN 00][T=0039] Price: 42.29
[SCENARIO 1][EXP 01][RUN 00][T=0039] Interest rate: -44.73%
[SCENARIO 1][EXP 01][RUN 00][T=0039] Production: 7.82
[SCENARIO 1][EXP 01][RUN 00][T=0039] Hired labour: 13.07
[SCENARIO 1][EXP 01][RUN 00][T=0039] Total cost: 240.46
[SCENARIO 1][EXP 01][RUN 00][T=0039] Total revenue: 330.63
[SCENARIO 1][EXP 01][RUN 00][T=0039] Total profit: 90.17
[SCENARIO 1][EXP 01][RUN 00][T=0039] Goods sold: 7.82
[SCENARIO 1][EXP 01][RUN 00][T=0039] Nominal wage rate: 18.39
[SCENARIO 1][EXP 01][RUN 00][T=0039] Real wage rate: 0.43
[SCENARIO 1][EXP 01][RUN 00][T=0039] ----------------------------
[SCENARIO 1][EXP 01][RUN 00][T=0039] Preparing next period.
[SCENARIO 1][EXP 01][RUN 00][T=0040] 
[SCENARIO 1][EXP 01][RUN 00][T=0040] SIMULATING CURRENT PERIOD
[SCENARIO 1][EXP 01][RUN 00][T=0040] 
[SCENARIO 1][EXP 01][RUN 00][T=0040] RESULTS OF CURRENT PERIOD
[SCENARIO 1][EXP 01][RUN 00][T=0040] ----------------------------
[SCENARIO 1][EXP 01][RUN 00][T=0040] Unemployment rate: 97.36%
[SCENARIO 1][EXP 01][RUN 00][T=0040] Inflation: 1.92%
[SCENARIO 1][EXP 01][RUN 00][T=0040] Price: 43.10
[SCENARIO 1][EXP 01][RUN 00][T=0040] Interest rate: -44.71%
[SCENARIO 1][EXP 01][RUN 00][T=0040] Production: 7.88
[SCENARIO 1][EXP 01][RUN 00][T=0040] Hired labour: 13.20
[SCENARIO 1][EXP 01][RUN 00][T=0040] Total cost: 247.04
[SCENARIO 1][EXP 01][RUN 00][T=0040] Total revenue: 339.68
[SCENARIO 1][EXP 01][RUN 00][T=0040] Total profit: 92.64
[SCENARIO 1][EXP 01][RUN 00][T=0040] Goods sold: 7.88
[SCENARIO 1][EXP 01][RUN 00][T=0040] Nominal wage rate: 18.71
[SCENARIO 1][EXP 01][RUN 00][T=0040] Real wage rate: 0.43
[SCENARIO 1][EXP 01][RUN 00][T=0040] ----------------------------
[SCENARIO 1][EXP 01][RUN 00][T=0040] Preparing next period.
[SCENARIO 1][EXP 01][RUN 00][T=0041] 
[SCENARIO 1][EXP 01][RUN 00][T=0041] SIMULATING CURRENT PERIOD
[SCENARIO 1][EXP 01][RUN 00][T=0041] 
[SCENARIO 1][EXP 01][RUN 00][T=0041] RESULTS OF CURRENT PERIOD
[SCENARIO 1][EXP 01][RUN 00][T=0041] ----------------------------
[SCENARIO 1][EXP 01][RUN 00][T=0041] Unemployment rate: 97.33%
[SCENARIO 1][EXP 01][RUN 00][T=0041] Inflation: 2.02%
[SCENARIO 1][EXP 01][RUN 00][T=0041] Price: 43.97
[SCENARIO 1][EXP 01][RUN 00][T=0041] Interest rate: -44.70%
[SCENARIO 1][EXP 01][RUN 00][T=0041] Production: 7.94
[SCENARIO 1][EXP 01][RUN 00][T=0041] Hired labour: 13.34
[SCENARIO 1][EXP 01][RUN 00][T=0041] Total cost: 254.04
[SCENARIO 1][EXP 01][RUN 00][T=0041] Total revenue: 349.31
[SCENARIO 1][EXP 01][RUN 00][T=0041] Total profit: 95.27
[SCENARIO 1][EXP 01][RUN 00][T=0041] Goods sold: 7.94
[SCENARIO 1][EXP 01][RUN 00][T=0041] Nominal wage rate: 19.05
[SCENARIO 1][EXP 01][RUN 00][T=0041] Real wage rate: 0.43
[SCENARIO 1][EXP 01][RUN 00][T=0041] ----------------------------
[SCENARIO 1][EXP 01][RUN 00][T=0041] Preparing next period.
[SCENARIO 1][EXP 01][RUN 00][T=0042] 
[SCENARIO 1][EXP 01][RUN 00][T=0042] SIMULATING CURRENT PERIOD
[SCENARIO 1][EXP 01][RUN 00][T=0042] 
[SCENARIO 1][EXP 01][RUN 00][T=0042] RESULTS OF CURRENT PERIOD
[SCENARIO 1][EXP 01][RUN 00][T=0042] ----------------------------
[SCENARIO 1][EXP 01][RUN 00][T=0042] Unemployment rate: 97.31%
[SCENARIO 1][EXP 01][RUN 00][T=0042] Inflation: 2.10%
[SCENARIO 1][EXP 01][RUN 00][T=0042] Price: 44.89
[SCENARIO 1][EXP 01][RUN 00][T=0042] Interest rate: -44.67%
[SCENARIO 1][EXP 01][RUN 00][T=0042] Production: 8.01
[SCENARIO 1][EXP 01][RUN 00][T=0042] Hired labour: 13.47
[SCENARIO 1][EXP 01][RUN 00][T=0042] Total cost: 261.46
[SCENARIO 1][EXP 01][RUN 00][T=0042] Total revenue: 359.50
[SCENARIO 1][EXP 01][RUN 00][T=0042] Total profit: 98.05
[SCENARIO 1][EXP 01][RUN 00][T=0042] Goods sold: 8.01
[SCENARIO 1][EXP 01][RUN 00][T=0042] Nominal wage rate: 19.41
[SCENARIO 1][EXP 01][RUN 00][T=0042] Real wage rate: 0.43
[SCENARIO 1][EXP 01][RUN 00][T=0042] ----------------------------
[SCENARIO 1][EXP 01][RUN 00][T=0042] Preparing next period.
[SCENARIO 1][EXP 01][RUN 00][T=0043] 
[SCENARIO 1][EXP 01][RUN 00][T=0043] SIMULATING CURRENT PERIOD
[SCENARIO 1][EXP 01][RUN 00][T=0043] 
[SCENARIO 1][EXP 01][RUN 00][T=0043] RESULTS OF CURRENT PERIOD
[SCENARIO 1][EXP 01][RUN 00][T=0043] ----------------------------
[SCENARIO 1][EXP 01][RUN 00][T=0043] Unemployment rate: 97.28%
[SCENARIO 1][EXP 01][RUN 00][T=0043] Inflation: 2.19%
[SCENARIO 1][EXP 01][RUN 00][T=0043] Price: 45.88
[SCENARIO 1][EXP 01][RUN 00][T=0043] Interest rate: -44.64%
[SCENARIO 1][EXP 01][RUN 00][T=0043] Production: 8.07
[SCENARIO 1][EXP 01][RUN 00][T=0043] Hired labour: 13.61
[SCENARIO 1][EXP 01][RUN 00][T=0043] Total cost: 269.32
[SCENARIO 1][EXP 01][RUN 00][T=0043] Total revenue: 370.32
[SCENARIO 1][EXP 01][RUN 00][T=0043] Total profit: 101.00
[SCENARIO 1][EXP 01][RUN 00][T=0043] Goods sold: 8.07
[SCENARIO 1][EXP 01][RUN 00][T=0043] Nominal wage rate: 19.80
[SCENARIO 1][EXP 01][RUN 00][T=0043] Real wage rate: 0.43
[SCENARIO 1][EXP 01][RUN 00][T=0043] ----------------------------
[SCENARIO 1][EXP 01][RUN 00][T=0043] Preparing next period.
[SCENARIO 1][EXP 01][RUN 00][T=0044] 
[SCENARIO 1][EXP 01][RUN 00][T=0044] SIMULATING CURRENT PERIOD
[SCENARIO 1][EXP 01][RUN 00][T=0044] 
[SCENARIO 1][EXP 01][RUN 00][T=0044] RESULTS OF CURRENT PERIOD
[SCENARIO 1][EXP 01][RUN 00][T=0044] ----------------------------
[SCENARIO 1][EXP 01][RUN 00][T=0044] Unemployment rate: 97.25%
[SCENARIO 1][EXP 01][RUN 00][T=0044] Inflation: 2.16%
[SCENARIO 1][EXP 01][RUN 00][T=0044] Price: 46.87
[SCENARIO 1][EXP 01][RUN 00][T=0044] Interest rate: -44.61%
[SCENARIO 1][EXP 01][RUN 00][T=0044] Production: 8.14
[SCENARIO 1][EXP 01][RUN 00][T=0044] Hired labour: 13.74
[SCENARIO 1][EXP 01][RUN 00][T=0044] Total cost: 277.35
[SCENARIO 1][EXP 01][RUN 00][T=0044] Total revenue: 381.36
[SCENARIO 1][EXP 01][RUN 00][T=0044] Total profit: 104.01
[SCENARIO 1][EXP 01][RUN 00][T=0044] Goods sold: 8.14
[SCENARIO 1][EXP 01][RUN 00][T=0044] Nominal wage rate: 20.18
[SCENARIO 1][EXP 01][RUN 00][T=0044] Real wage rate: 0.43
[SCENARIO 1][EXP 01][RUN 00][T=0044] ----------------------------
[SCENARIO 1][EXP 01][RUN 00][T=0044] Preparing next period.
[SCENARIO 1][EXP 01][RUN 00][T=0045] 
[SCENARIO 1][EXP 01][RUN 00][T=0045] SIMULATING CURRENT PERIOD
[SCENARIO 1][EXP 01][RUN 00][T=0045] 
[SCENARIO 1][EXP 01][RUN 00][T=0045] RESULTS OF CURRENT PERIOD
[SCENARIO 1][EXP 01][RUN 00][T=0045] ----------------------------
[SCENARIO 1][EXP 01][RUN 00][T=0045] Unemployment rate: 97.22%
[SCENARIO 1][EXP 01][RUN 00][T=0045] Inflation: 2.21%
[SCENARIO 1][EXP 01][RUN 00][T=0045] Price: 47.91
[SCENARIO 1][EXP 01][RUN 00][T=0045] Interest rate: -44.61%
[SCENARIO 1][EXP 01][RUN 00][T=0045] Production: 8.20
[SCENARIO 1][EXP 01][RUN 00][T=0045] Hired labour: 13.88
[SCENARIO 1][EXP 01][RUN 00][T=0045] Total cost: 285.75
[SCENARIO 1][EXP 01][RUN 00][T=0045] Total revenue: 392.91
[SCENARIO 1][EXP 01][RUN 00][T=0045] Total profit: 107.16
[SCENARIO 1][EXP 01][RUN 00][T=0045] Goods sold: 8.20
[SCENARIO 1][EXP 01][RUN 00][T=0045] Nominal wage rate: 20.59
[SCENARIO 1][EXP 01][RUN 00][T=0045] Real wage rate: 0.43
[SCENARIO 1][EXP 01][RUN 00][T=0045] ----------------------------
[SCENARIO 1][EXP 01][RUN 00][T=0045] Preparing next period.
[SCENARIO 1][EXP 01][RUN 00][T=0046] 
[SCENARIO 1][EXP 01][RUN 00][T=0046] SIMULATING CURRENT PERIOD
[SCENARIO 1][EXP 01][RUN 00][T=0046] 
[SCENARIO 1][EXP 01][RUN 00][T=0046] RESULTS OF CURRENT PERIOD
[SCENARIO 1][EXP 01][RUN 00][T=0046] ----------------------------
[SCENARIO 1][EXP 01][RUN 00][T=0046] Unemployment rate: 97.20%
[SCENARIO 1][EXP 01][RUN 00][T=0046] Inflation: 2.23%
[SCENARIO 1][EXP 01][RUN 00][T=0046] Price: 48.98
[SCENARIO 1][EXP 01][RUN 00][T=0046] Interest rate: -44.59%
[SCENARIO 1][EXP 01][RUN 00][T=0046] Production: 8.27
[SCENARIO 1][EXP 01][RUN 00][T=0046] Hired labour: 14.02
[SCENARIO 1][EXP 01][RUN 00][T=0046] Total cost: 294.46
[SCENARIO 1][EXP 01][RUN 00][T=0046] Total revenue: 404.88
[SCENARIO 1][EXP 01][RUN 00][T=0046] Total profit: 110.42
[SCENARIO 1][EXP 01][RUN 00][T=0046] Goods sold: 8.27
[SCENARIO 1][EXP 01][RUN 00][T=0046] Nominal wage rate: 21.01
[SCENARIO 1][EXP 01][RUN 00][T=0046] Real wage rate: 0.43
[SCENARIO 1][EXP 01][RUN 00][T=0046] ----------------------------
[SCENARIO 1][EXP 01][RUN 00][T=0046] Preparing next period.
[SCENARIO 1][EXP 01][RUN 00][T=0047] 
[SCENARIO 1][EXP 01][RUN 00][T=0047] SIMULATING CURRENT PERIOD
[SCENARIO 1][EXP 01][RUN 00][T=0047] 
[SCENARIO 1][EXP 01][RUN 00][T=0047] RESULTS OF CURRENT PERIOD
[SCENARIO 1][EXP 01][RUN 00][T=0047] ----------------------------
[SCENARIO 1][EXP 01][RUN 00][T=0047] Unemployment rate: 97.17%
[SCENARIO 1][EXP 01][RUN 00][T=0047] Inflation: 2.20%
[SCENARIO 1][EXP 01][RUN 00][T=0047] Price: 50.06
[SCENARIO 1][EXP 01][RUN 00][T=0047] Interest rate: -44.58%
[SCENARIO 1][EXP 01][RUN 00][T=0047] Production: 8.33
[SCENARIO 1][EXP 01][RUN 00][T=0047] Hired labour: 14.16
[SCENARIO 1][EXP 01][RUN 00][T=0047] Total cost: 303.35
[SCENARIO 1][EXP 01][RUN 00][T=0047] Total revenue: 417.11
[SCENARIO 1][EXP 01][RUN 00][T=0047] Total profit: 113.76
[SCENARIO 1][EXP 01][RUN 00][T=0047] Goods sold: 8.33
[SCENARIO 1][EXP 01][RUN 00][T=0047] Nominal wage rate: 21.43
[SCENARIO 1][EXP 01][RUN 00][T=0047] Real wage rate: 0.43
[SCENARIO 1][EXP 01][RUN 00][T=0047] ----------------------------
[SCENARIO 1][EXP 01][RUN 00][T=0047] Preparing next period.
[SCENARIO 1][EXP 01][RUN 00][T=0048] 
[SCENARIO 1][EXP 01][RUN 00][T=0048] SIMULATING CURRENT PERIOD
[SCENARIO 1][EXP 01][RUN 00][T=0048] 
[SCENARIO 1][EXP 01][RUN 00][T=0048] RESULTS OF CURRENT PERIOD
[SCENARIO 1][EXP 01][RUN 00][T=0048] ----------------------------
[SCENARIO 1][EXP 01][RUN 00][T=0048] Unemployment rate: 97.14%
[SCENARIO 1][EXP 01][RUN 00][T=0048] Inflation: 2.17%
[SCENARIO 1][EXP 01][RUN 00][T=0048] Price: 51.14
[SCENARIO 1][EXP 01][RUN 00][T=0048] Interest rate: -44.58%
[SCENARIO 1][EXP 01][RUN 00][T=0048] Production: 8.40
[SCENARIO 1][EXP 01][RUN 00][T=0048] Hired labour: 14.30
[SCENARIO 1][EXP 01][RUN 00][T=0048] Total cost: 312.40
[SCENARIO 1][EXP 01][RUN 00][T=0048] Total revenue: 429.54
[SCENARIO 1][EXP 01][RUN 00][T=0048] Total profit: 117.15
[SCENARIO 1][EXP 01][RUN 00][T=0048] Goods sold: 8.40
[SCENARIO 1][EXP 01][RUN 00][T=0048] Nominal wage rate: 21.85
[SCENARIO 1][EXP 01][RUN 00][T=0048] Real wage rate: 0.43
[SCENARIO 1][EXP 01][RUN 00][T=0048] ----------------------------
[SCENARIO 1][EXP 01][RUN 00][T=0048] Preparing next period.
[SCENARIO 1][EXP 01][RUN 00][T=0049] 
[SCENARIO 1][EXP 01][RUN 00][T=0049] SIMULATING CURRENT PERIOD
[SCENARIO 1][EXP 01][RUN 00][T=0049] 
[SCENARIO 1][EXP 01][RUN 00][T=0049] RESULTS OF CURRENT PERIOD
[SCENARIO 1][EXP 01][RUN 00][T=0049] ----------------------------
[SCENARIO 1][EXP 01][RUN 00][T=0049] Unemployment rate: 97.11%
[SCENARIO 1][EXP 01][RUN 00][T=0049] Inflation: 2.28%
[SCENARIO 1][EXP 01][RUN 00][T=0049] Price: 52.31
[SCENARIO 1][EXP 01][RUN 00][T=0049] Interest rate: -44.58%
[SCENARIO 1][EXP 01][RUN 00][T=0049] Production: 8.47
[SCENARIO 1][EXP 01][RUN 00][T=0049] Hired labour: 14.44
[SCENARIO 1][EXP 01][RUN 00][T=0049] Total cost: 322.08
[SCENARIO 1][EXP 01][RUN 00][T=0049] Total revenue: 442.86
[SCENARIO 1][EXP 01][RUN 00][T=0049] Total profit: 120.78
[SCENARIO 1][EXP 01][RUN 00][T=0049] Goods sold: 8.47
[SCENARIO 1][EXP 01][RUN 00][T=0049] Nominal wage rate: 22.30
[SCENARIO 1][EXP 01][RUN 00][T=0049] Real wage rate: 0.43
[SCENARIO 1][EXP 01][RUN 00][T=0049] ----------------------------
[SCENARIO 1][EXP 01][RUN 00][T=0049] Preparing next period.
[SCENARIO 1][EXP 01][RUN 00][T=0050] 
[SCENARIO 1][EXP 01][RUN 00][T=0050] SIMULATING CURRENT PERIOD
[SCENARIO 1][EXP 01][RUN 00][T=0050] 
[SCENARIO 1][EXP 01][RUN 00][T=0050] RESULTS OF CURRENT PERIOD
[SCENARIO 1][EXP 01][RUN 00][T=0050] ----------------------------
[SCENARIO 1][EXP 01][RUN 00][T=0050] Unemployment rate: 97.08%
[SCENARIO 1][EXP 01][RUN 00][T=0050] Inflation: 2.39%
[SCENARIO 1][EXP 01][RUN 00][T=0050] Price: 53.56
[SCENARIO 1][EXP 01][RUN 00][T=0050] Interest rate: -44.54%
[SCENARIO 1][EXP 01][RUN 00][T=0050] Production: 8.53
[SCENARIO 1][EXP 01][RUN 00][T=0050] Hired labour: 14.59
[SCENARIO 1][EXP 01][RUN 00][T=0050] Total cost: 332.41
[SCENARIO 1][EXP 01][RUN 00][T=0050] Total revenue: 457.06
[SCENARIO 1][EXP 01][RUN 00][T=0050] Total profit: 124.65
[SCENARIO 1][EXP 01][RUN 00][T=0050] Goods sold: 8.53
[SCENARIO 1][EXP 01][RUN 00][T=0050] Nominal wage rate: 22.79
[SCENARIO 1][EXP 01][RUN 00][T=0050] Real wage rate: 0.43
[SCENARIO 1][EXP 01][RUN 00][T=0050] ----------------------------
[SCENARIO 1][EXP 01][RUN 00][T=0050] Preparing next period.
[SCENARIO 1][EXP 01][RUN 00][T=0051] 
[SCENARIO 1][EXP 01][RUN 00][T=0051] SIMULATING CURRENT PERIOD
[SCENARIO 1][EXP 01][RUN 00][T=0051] 
[SCENARIO 1][EXP 01][RUN 00][T=0051] RESULTS OF CURRENT PERIOD
[SCENARIO 1][EXP 01][RUN 00][T=0051] ----------------------------
[SCENARIO 1][EXP 01][RUN 00][T=0051] Unemployment rate: 97.05%
[SCENARIO 1][EXP 01][RUN 00][T=0051] Inflation: 2.43%
[SCENARIO 1][EXP 01][RUN 00][T=0051] Price: 54.86
[SCENARIO 1][EXP 01][RUN 00][T=0051] Interest rate: -44.51%
[SCENARIO 1][EXP 01][RUN 00][T=0051] Production: 8.60
[SCENARIO 1][EXP 01][RUN 00][T=0051] Hired labour: 14.73
[SCENARIO 1][EXP 01][RUN 00][T=0051] Total cost: 343.19
[SCENARIO 1][EXP 01][RUN 00][T=0051] Total revenue: 471.89
[SCENARIO 1][EXP 01][RUN 00][T=0051] Total profit: 128.70
[SCENARIO 1][EXP 01][RUN 00][T=0051] Goods sold: 8.60
[SCENARIO 1][EXP 01][RUN 00][T=0051] Nominal wage rate: 23.29
[SCENARIO 1][EXP 01][RUN 00][T=0051] Real wage rate: 0.42
[SCENARIO 1][EXP 01][RUN 00][T=0051] ----------------------------
[SCENARIO 1][EXP 01][RUN 00][T=0051] Preparing next period.
[SCENARIO 1][EXP 01][RUN 00][T=0052] 
[SCENARIO 1][EXP 01][RUN 00][T=0052] SIMULATING CURRENT PERIOD
[SCENARIO 1][EXP 01][RUN 00][T=0052] 
[SCENARIO 1][EXP 01][RUN 00][T=0052] RESULTS OF CURRENT PERIOD
[SCENARIO 1][EXP 01][RUN 00][T=0052] ----------------------------
[SCENARIO 1][EXP 01][RUN 00][T=0052] Unemployment rate: 97.02%
[SCENARIO 1][EXP 01][RUN 00][T=0052] Inflation: 2.45%
[SCENARIO 1][EXP 01][RUN 00][T=0052] Price: 56.20
[SCENARIO 1][EXP 01][RUN 00][T=0052] Interest rate: -44.49%
[SCENARIO 1][EXP 01][RUN 00][T=0052] Production: 8.67
[SCENARIO 1][EXP 01][RUN 00][T=0052] Hired labour: 14.88
[SCENARIO 1][EXP 01][RUN 00][T=0052] Total cost: 354.39
[SCENARIO 1][EXP 01][RUN 00][T=0052] Total revenue: 487.29
[SCENARIO 1][EXP 01][RUN 00][T=0052] Total profit: 132.90
[SCENARIO 1][EXP 01][RUN 00][T=0052] Goods sold: 8.67
[SCENARIO 1][EXP 01][RUN 00][T=0052] Nominal wage rate: 23.82
[SCENARIO 1][EXP 01][RUN 00][T=0052] Real wage rate: 0.42
[SCENARIO 1][EXP 01][RUN 00][T=0052] ----------------------------
[SCENARIO 1][EXP 01][RUN 00][T=0052] Preparing next period.
[SCENARIO 1][EXP 01][RUN 00][T=0053] 
[SCENARIO 1][EXP 01][RUN 00][T=0053] SIMULATING CURRENT PERIOD
[SCENARIO 1][EXP 01][RUN 00][T=0053] 
[SCENARIO 1][EXP 01][RUN 00][T=0053] RESULTS OF CURRENT PERIOD
[SCENARIO 1][EXP 01][RUN 00][T=0053] ----------------------------
[SCENARIO 1][EXP 01][RUN 00][T=0053] Unemployment rate: 96.99%
[SCENARIO 1][EXP 01][RUN 00][T=0053] Inflation: 2.32%
[SCENARIO 1][EXP 01][RUN 00][T=0053] Price: 57.50
[SCENARIO 1][EXP 01][RUN 00][T=0053] Interest rate: -44.48%
[SCENARIO 1][EXP 01][RUN 00][T=0053] Production: 8.74
[SCENARIO 1][EXP 01][RUN 00][T=0053] Hired labour: 15.03
[SCENARIO 1][EXP 01][RUN 00][T=0053] Total cost: 365.49
[SCENARIO 1][EXP 01][RUN 00][T=0053] Total revenue: 502.55
[SCENARIO 1][EXP 01][RUN 00][T=0053] Total profit: 137.06
[SCENARIO 1][EXP 01][RUN 00][T=0053] Goods sold: 8.74
[SCENARIO 1][EXP 01][RUN 00][T=0053] Nominal wage rate: 24.32
[SCENARIO 1][EXP 01][RUN 00][T=0053] Real wage rate: 0.42
[SCENARIO 1][EXP 01][RUN 00][T=0053] ----------------------------
[SCENARIO 1][EXP 01][RUN 00][T=0053] Preparing next period.
[SCENARIO 1][EXP 01][RUN 00][T=0054] 
[SCENARIO 1][EXP 01][RUN 00][T=0054] SIMULATING CURRENT PERIOD
[SCENARIO 1][EXP 01][RUN 00][T=0054] 
[SCENARIO 1][EXP 01][RUN 00][T=0054] RESULTS OF CURRENT PERIOD
[SCENARIO 1][EXP 01][RUN 00][T=0054] ----------------------------
[SCENARIO 1][EXP 01][RUN 00][T=0054] Unemployment rate: 96.96%
[SCENARIO 1][EXP 01][RUN 00][T=0054] Inflation: 2.28%
[SCENARIO 1][EXP 01][RUN 00][T=0054] Price: 58.81
[SCENARIO 1][EXP 01][RUN 00][T=0054] Interest rate: -44.50%
[SCENARIO 1][EXP 01][RUN 00][T=0054] Production: 8.81
[SCENARIO 1][EXP 01][RUN 00][T=0054] Hired labour: 15.18
[SCENARIO 1][EXP 01][RUN 00][T=0054] Total cost: 376.83
[SCENARIO 1][EXP 01][RUN 00][T=0054] Total revenue: 518.13
[SCENARIO 1][EXP 01][RUN 00][T=0054] Total profit: 141.31
[SCENARIO 1][EXP 01][RUN 00][T=0054] Goods sold: 8.81
[SCENARIO 1][EXP 01][RUN 00][T=0054] Nominal wage rate: 24.83
[SCENARIO 1][EXP 01][RUN 00][T=0054] Real wage rate: 0.42
[SCENARIO 1][EXP 01][RUN 00][T=0054] ----------------------------
[SCENARIO 1][EXP 01][RUN 00][T=0054] Preparing next period.
[SCENARIO 1][EXP 01][RUN 00][T=0055] 
[SCENARIO 1][EXP 01][RUN 00][T=0055] SIMULATING CURRENT PERIOD
[SCENARIO 1][EXP 01][RUN 00][T=0055] 
[SCENARIO 1][EXP 01][RUN 00][T=0055] RESULTS OF CURRENT PERIOD
[SCENARIO 1][EXP 01][RUN 00][T=0055] ----------------------------
[SCENARIO 1][EXP 01][RUN 00][T=0055] Unemployment rate: 96.93%
[SCENARIO 1][EXP 01][RUN 00][T=0055] Inflation: 2.29%
[SCENARIO 1][EXP 01][RUN 00][T=0055] Price: 60.15
[SCENARIO 1][EXP 01][RUN 00][T=0055] Interest rate: -44.51%
[SCENARIO 1][EXP 01][RUN 00][T=0055] Production: 8.88
[SCENARIO 1][EXP 01][RUN 00][T=0055] Hired labour: 15.33
[SCENARIO 1][EXP 01][RUN 00][T=0055] Total cost: 388.52
[SCENARIO 1][EXP 01][RUN 00][T=0055] Total revenue: 534.21
[SCENARIO 1][EXP 01][RUN 00][T=0055] Total profit: 145.69
[SCENARIO 1][EXP 01][RUN 00][T=0055] Goods sold: 8.88
[SCENARIO 1][EXP 01][RUN 00][T=0055] Nominal wage rate: 25.34
[SCENARIO 1][EXP 01][RUN 00][T=0055] Real wage rate: 0.42
[SCENARIO 1][EXP 01][RUN 00][T=0055] ----------------------------
[SCENARIO 1][EXP 01][RUN 00][T=0055] Preparing next period.
[SCENARIO 1][EXP 01][RUN 00][T=0056] 
[SCENARIO 1][EXP 01][RUN 00][T=0056] SIMULATING CURRENT PERIOD
[SCENARIO 1][EXP 01][RUN 00][T=0056] 
[SCENARIO 1][EXP 01][RUN 00][T=0056] RESULTS OF CURRENT PERIOD
[SCENARIO 1][EXP 01][RUN 00][T=0056] ----------------------------
[SCENARIO 1][EXP 01][RUN 00][T=0056] Unemployment rate: 96.90%
[SCENARIO 1][EXP 01][RUN 00][T=0056] Inflation: 2.28%
[SCENARIO 1][EXP 01][RUN 00][T=0056] Price: 61.53
[SCENARIO 1][EXP 01][RUN 00][T=0056] Interest rate: -44.50%
[SCENARIO 1][EXP 01][RUN 00][T=0056] Production: 8.95
[SCENARIO 1][EXP 01][RUN 00][T=0056] Hired labour: 15.48
[SCENARIO 1][EXP 01][RUN 00][T=0056] Total cost: 400.57
[SCENARIO 1][EXP 01][RUN 00][T=0056] Total revenue: 550.78
[SCENARIO 1][EXP 01][RUN 00][T=0056] Total profit: 150.21
[SCENARIO 1][EXP 01][RUN 00][T=0056] Goods sold: 8.95
[SCENARIO 1][EXP 01][RUN 00][T=0056] Nominal wage rate: 25.87
[SCENARIO 1][EXP 01][RUN 00][T=0056] Real wage rate: 0.42
[SCENARIO 1][EXP 01][RUN 00][T=0056] ----------------------------
[SCENARIO 1][EXP 01][RUN 00][T=0056] Preparing next period.
[SCENARIO 1][EXP 01][RUN 00][T=0057] 
[SCENARIO 1][EXP 01][RUN 00][T=0057] SIMULATING CURRENT PERIOD
[SCENARIO 1][EXP 01][RUN 00][T=0057] 
[SCENARIO 1][EXP 01][RUN 00][T=0057] RESULTS OF CURRENT PERIOD
[SCENARIO 1][EXP 01][RUN 00][T=0057] ----------------------------
[SCENARIO 1][EXP 01][RUN 00][T=0057] Unemployment rate: 96.87%
[SCENARIO 1][EXP 01][RUN 00][T=0057] Inflation: 2.28%
[SCENARIO 1][EXP 01][RUN 00][T=0057] Price: 62.93
[SCENARIO 1][EXP 01][RUN 00][T=0057] Interest rate: -44.49%
[SCENARIO 1][EXP 01][RUN 00][T=0057] Production: 9.02
[SCENARIO 1][EXP 01][RUN 00][T=0057] Hired labour: 15.64
[SCENARIO 1][EXP 01][RUN 00][T=0057] Total cost: 412.99
[SCENARIO 1][EXP 01][RUN 00][T=0057] Total revenue: 567.86
[SCENARIO 1][EXP 01][RUN 00][T=0057] Total profit: 154.87
[SCENARIO 1][EXP 01][RUN 00][T=0057] Goods sold: 9.02
[SCENARIO 1][EXP 01][RUN 00][T=0057] Nominal wage rate: 26.41
[SCENARIO 1][EXP 01][RUN 00][T=0057] Real wage rate: 0.42
[SCENARIO 1][EXP 01][RUN 00][T=0057] ----------------------------
[SCENARIO 1][EXP 01][RUN 00][T=0057] Preparing next period.
[SCENARIO 1][EXP 01][RUN 00][T=0058] 
[SCENARIO 1][EXP 01][RUN 00][T=0058] SIMULATING CURRENT PERIOD
